2020-09-02 11:37:52,079 [INFO] org.springframework.boot.StartupInfoLogger [main] Starting AppLauncher on DESKTOP-25D6UP4 with PID 17344 (C:\Users\Emmanuel\Documents\email-jar\target\classes started by Emmanuel in C:\Users\Emmanuel\Documents\email-jar)
2020-09-02 11:37:52,092 [INFO] org.springframework.boot.SpringApplication [main] No active profile set, falling back to default profiles: default
2020-09-02 11:37:53,087 [INFO] com.ulisesbocchio.jasyptspringboot.configuration.EnableEncryptablePropertiesBeanFactoryPostProcessor [main] Post-processing PropertySource instances
2020-09-02 11:37:53,174 [INFO] com.ulisesbocchio.jasyptspringboot.EncryptablePropertySourceConverter [main] Converting PropertySource configurationProperties [org.springframework.boot.context.properties.source.ConfigurationPropertySourcesPropertySource] to AOP Proxy
2020-09-02 11:37:53,178 [INFO] com.ulisesbocchio.jasyptspringboot.EncryptablePropertySourceConverter [main] Converting PropertySource commandLineArgs [org.springframework.core.env.SimpleCommandLinePropertySource] to EncryptableEnumerablePropertySourceWrapper
2020-09-02 11:37:53,178 [INFO] com.ulisesbocchio.jasyptspringboot.EncryptablePropertySourceConverter [main] Converting PropertySource systemProperties [org.springframework.core.env.MapPropertySource] to EncryptableMapPropertySourceWrapper
2020-09-02 11:37:53,178 [INFO] com.ulisesbocchio.jasyptspringboot.EncryptablePropertySourceConverter [main] Converting PropertySource systemEnvironment [org.springframework.boot.env.SystemEnvironmentPropertySourceEnvironmentPostProcessor$OriginAwareSystemEnvironmentPropertySource] to EncryptableMapPropertySourceWrapper
2020-09-02 11:37:53,179 [INFO] com.ulisesbocchio.jasyptspringboot.EncryptablePropertySourceConverter [main] Converting PropertySource random [org.springframework.boot.env.RandomValuePropertySource] to EncryptablePropertySourceWrapper
2020-09-02 11:37:53,179 [INFO] com.ulisesbocchio.jasyptspringboot.EncryptablePropertySourceConverter [main] Converting PropertySource URL [file:C:/Users/Emmanuel/Documents/eglobal/email-jar-config.properties] [org.springframework.core.env.CompositePropertySource] to EncryptableEnumerablePropertySourceWrapper
2020-09-02 11:37:53,267 [INFO] com.eglobal.ti.email.jar.AppInitializator [main] AppInitializator initialization logic ...
2020-09-02 11:37:53,273 [INFO] com.ulisesbocchio.jasyptspringboot.resolver.DefaultLazyPropertyResolver [main] Property Resolver custom Bean not found with name 'encryptablePropertyResolver'. Initializing Default Property Resolver
2020-09-02 11:37:53,277 [INFO] com.ulisesbocchio.jasyptspringboot.detector.DefaultLazyPropertyDetector [main] Property Detector custom Bean not found with name 'encryptablePropertyDetector'. Initializing Default Property Detector
2020-09-02 11:37:53,283 [INFO] com.eglobal.ti.email.jar.InitApplication [main] InitApplication initialization logic ...
2020-09-02 11:37:53,840 [INFO] org.springframework.boot.StartupInfoLogger [main] Started AppLauncher in 2.401 seconds (JVM running for 3.02)
2020-09-02 11:37:53,846 [INFO] com.eglobal.ti.email.jar.AppLauncher [main] Application started with arguments: 20200902
2020-09-02 11:37:53,848 [INFO] com.eglobal.ti.email.jar.service.impl.InitApplicationServiceImpl [main] *********** VALIDACIÓN DE PARÁMETROS ***********
2020-09-02 11:37:53,936 [INFO] com.eglobal.ti.email.jar.service.impl.ConectFechaServiceIml [main] ***INICIA CONEXION Y ENVIO DE DATOS A Obtener Parametros: {"fechaSol":"20200902"}
2020-09-02 11:37:56,046 [INFO] com.eglobal.ti.email.jar.service.impl.ConectZipServiceImpl [main] ***INICIA CONEXION Y ENVIO DE DATOS A excel-api: [{"tpformato":1,"fechaSol":"20200902","tipotramite":9,"numeroGrupo":1548,"afiliacion":4918405,"filtroPorGrupo":"0"}]
2020-09-02 11:40:28,186 [INFO] org.springframework.boot.StartupInfoLogger [main] Starting AppLauncher on DESKTOP-25D6UP4 with PID 20012 (C:\Users\Emmanuel\Documents\email-jar\target\classes started by Emmanuel in C:\Users\Emmanuel\Documents\email-jar)
2020-09-02 11:40:28,190 [INFO] org.springframework.boot.SpringApplication [main] No active profile set, falling back to default profiles: default
2020-09-02 11:40:29,036 [INFO] com.ulisesbocchio.jasyptspringboot.configuration.EnableEncryptablePropertiesBeanFactoryPostProcessor [main] Post-processing PropertySource instances
2020-09-02 11:40:29,108 [INFO] com.ulisesbocchio.jasyptspringboot.EncryptablePropertySourceConverter [main] Converting PropertySource configurationProperties [org.springframework.boot.context.properties.source.ConfigurationPropertySourcesPropertySource] to AOP Proxy
2020-09-02 11:40:29,110 [INFO] com.ulisesbocchio.jasyptspringboot.EncryptablePropertySourceConverter [main] Converting PropertySource commandLineArgs [org.springframework.core.env.SimpleCommandLinePropertySource] to EncryptableEnumerablePropertySourceWrapper
2020-09-02 11:40:29,111 [INFO] com.ulisesbocchio.jasyptspringboot.EncryptablePropertySourceConverter [main] Converting PropertySource systemProperties [org.springframework.core.env.MapPropertySource] to EncryptableMapPropertySourceWrapper
2020-09-02 11:40:29,111 [INFO] com.ulisesbocchio.jasyptspringboot.EncryptablePropertySourceConverter [main] Converting PropertySource systemEnvironment [org.springframework.boot.env.SystemEnvironmentPropertySourceEnvironmentPostProcessor$OriginAwareSystemEnvironmentPropertySource] to EncryptableMapPropertySourceWrapper
2020-09-02 11:40:29,112 [INFO] com.ulisesbocchio.jasyptspringboot.EncryptablePropertySourceConverter [main] Converting PropertySource random [org.springframework.boot.env.RandomValuePropertySource] to EncryptablePropertySourceWrapper
2020-09-02 11:40:29,113 [INFO] com.ulisesbocchio.jasyptspringboot.EncryptablePropertySourceConverter [main] Converting PropertySource URL [file:C:/Users/Emmanuel/Documents/eglobal/email-jar-config.properties] [org.springframework.core.env.CompositePropertySource] to EncryptableEnumerablePropertySourceWrapper
2020-09-02 11:40:29,198 [INFO] com.eglobal.ti.email.jar.AppInitializator [main] AppInitializator initialization logic ...
2020-09-02 11:40:29,205 [INFO] com.ulisesbocchio.jasyptspringboot.resolver.DefaultLazyPropertyResolver [main] Property Resolver custom Bean not found with name 'encryptablePropertyResolver'. Initializing Default Property Resolver
2020-09-02 11:40:29,209 [INFO] com.ulisesbocchio.jasyptspringboot.detector.DefaultLazyPropertyDetector [main] Property Detector custom Bean not found with name 'encryptablePropertyDetector'. Initializing Default Property Detector
2020-09-02 11:40:29,232 [INFO] com.eglobal.ti.email.jar.InitApplication [main] InitApplication initialization logic ...
2020-09-02 11:40:29,727 [INFO] org.springframework.boot.StartupInfoLogger [main] Started AppLauncher in 2.109 seconds (JVM running for 2.608)
2020-09-02 11:40:29,731 [INFO] com.eglobal.ti.email.jar.AppLauncher [main] Application started with arguments: 20200902
2020-09-02 11:40:29,734 [INFO] com.eglobal.ti.email.jar.service.impl.InitApplicationServiceImpl [main] *********** VALIDACIÓN DE PARÁMETROS ***********
2020-09-02 11:40:29,872 [INFO] com.eglobal.ti.email.jar.service.impl.ConectFechaServiceIml [main] ***INICIA CONEXION Y ENVIO DE DATOS A Obtener Parametros: {"fechaSol":"20200902"}
2020-09-02 11:40:31,076 [INFO] com.eglobal.ti.email.jar.service.impl.ConectZipServiceImpl [main] ***INICIA CONEXION Y ENVIO DE DATOS A excel-api: [{"tpformato":1,"fechaSol":"20200902","afiliacion":4918405,"tipotramite":9,"numeroGrupo":1548,"filtroPorGrupo":"0"}]
2020-09-02 11:43:15,300 [INFO] org.springframework.boot.StartupInfoLogger [main] Starting AppLauncher on DESKTOP-25D6UP4 with PID 13832 (C:\Users\Emmanuel\Documents\email-jar\target\classes started by Emmanuel in C:\Users\Emmanuel\Documents\email-jar)
2020-09-02 11:43:15,304 [INFO] org.springframework.boot.SpringApplication [main] No active profile set, falling back to default profiles: default
2020-09-02 11:43:16,130 [INFO] com.ulisesbocchio.jasyptspringboot.configuration.EnableEncryptablePropertiesBeanFactoryPostProcessor [main] Post-processing PropertySource instances
2020-09-02 11:43:16,216 [INFO] com.ulisesbocchio.jasyptspringboot.EncryptablePropertySourceConverter [main] Converting PropertySource configurationProperties [org.springframework.boot.context.properties.source.ConfigurationPropertySourcesPropertySource] to AOP Proxy
2020-09-02 11:43:16,218 [INFO] com.ulisesbocchio.jasyptspringboot.EncryptablePropertySourceConverter [main] Converting PropertySource commandLineArgs [org.springframework.core.env.SimpleCommandLinePropertySource] to EncryptableEnumerablePropertySourceWrapper
2020-09-02 11:43:16,218 [INFO] com.ulisesbocchio.jasyptspringboot.EncryptablePropertySourceConverter [main] Converting PropertySource systemProperties [org.springframework.core.env.MapPropertySource] to EncryptableMapPropertySourceWrapper
2020-09-02 11:43:16,218 [INFO] com.ulisesbocchio.jasyptspringboot.EncryptablePropertySourceConverter [main] Converting PropertySource systemEnvironment [org.springframework.boot.env.SystemEnvironmentPropertySourceEnvironmentPostProcessor$OriginAwareSystemEnvironmentPropertySource] to EncryptableMapPropertySourceWrapper
2020-09-02 11:43:16,218 [INFO] com.ulisesbocchio.jasyptspringboot.EncryptablePropertySourceConverter [main] Converting PropertySource random [org.springframework.boot.env.RandomValuePropertySource] to EncryptablePropertySourceWrapper
2020-09-02 11:43:16,219 [INFO] com.ulisesbocchio.jasyptspringboot.EncryptablePropertySourceConverter [main] Converting PropertySource URL [file:C:/Users/Emmanuel/Documents/eglobal/email-jar-config.properties] [org.springframework.core.env.CompositePropertySource] to EncryptableEnumerablePropertySourceWrapper
2020-09-02 11:43:16,277 [INFO] com.eglobal.ti.email.jar.AppInitializator [main] AppInitializator initialization logic ...
2020-09-02 11:43:16,291 [INFO] com.ulisesbocchio.jasyptspringboot.resolver.DefaultLazyPropertyResolver [main] Property Resolver custom Bean not found with name 'encryptablePropertyResolver'. Initializing Default Property Resolver
2020-09-02 11:43:16,296 [INFO] com.ulisesbocchio.jasyptspringboot.detector.DefaultLazyPropertyDetector [main] Property Detector custom Bean not found with name 'encryptablePropertyDetector'. Initializing Default Property Detector
2020-09-02 11:43:16,305 [INFO] com.eglobal.ti.email.jar.InitApplication [main] InitApplication initialization logic ...
2020-09-02 11:43:16,714 [INFO] org.springframework.boot.StartupInfoLogger [main] Started AppLauncher in 1.977 seconds (JVM running for 2.497)
2020-09-02 11:43:16,718 [INFO] com.eglobal.ti.email.jar.AppLauncher [main] Application started with arguments: 20200902
2020-09-02 11:43:16,720 [INFO] com.eglobal.ti.email.jar.service.impl.InitApplicationServiceImpl [main] *********** VALIDACIÓN DE PARÁMETROS ***********
2020-09-02 11:43:16,784 [INFO] com.eglobal.ti.email.jar.service.impl.ConectFechaServiceIml [main] ***INICIA CONEXION Y ENVIO DE DATOS A Obtener Parametros: {"fechaSol":"20200902"}
2020-09-02 11:43:17,462 [INFO] com.eglobal.ti.email.jar.service.impl.ConectZipServiceImpl [main] ***INICIA CONEXION Y ENVIO DE DATOS A excel-api: [{"tpformato":1,"fechaSol":"20200902","filtroPorGrupo":"0","tipotramite":9,"afiliacion":4918405,"numeroGrupo":1548}]
2020-09-02 11:50:08,507 [INFO] org.springframework.boot.StartupInfoLogger [main] Starting AppLauncher on DESKTOP-25D6UP4 with PID 15768 (C:\Users\Emmanuel\Documents\email-jar\target\classes started by Emmanuel in C:\Users\Emmanuel\Documents\email-jar)
2020-09-02 11:50:08,511 [INFO] org.springframework.boot.SpringApplication [main] No active profile set, falling back to default profiles: default
2020-09-02 11:50:09,491 [INFO] com.ulisesbocchio.jasyptspringboot.configuration.EnableEncryptablePropertiesBeanFactoryPostProcessor [main] Post-processing PropertySource instances
2020-09-02 11:50:09,568 [INFO] com.ulisesbocchio.jasyptspringboot.EncryptablePropertySourceConverter [main] Converting PropertySource configurationProperties [org.springframework.boot.context.properties.source.ConfigurationPropertySourcesPropertySource] to AOP Proxy
2020-09-02 11:50:09,570 [INFO] com.ulisesbocchio.jasyptspringboot.EncryptablePropertySourceConverter [main] Converting PropertySource commandLineArgs [org.springframework.core.env.SimpleCommandLinePropertySource] to EncryptableEnumerablePropertySourceWrapper
2020-09-02 11:50:09,571 [INFO] com.ulisesbocchio.jasyptspringboot.EncryptablePropertySourceConverter [main] Converting PropertySource systemProperties [org.springframework.core.env.MapPropertySource] to EncryptableMapPropertySourceWrapper
2020-09-02 11:50:09,571 [INFO] com.ulisesbocchio.jasyptspringboot.EncryptablePropertySourceConverter [main] Converting PropertySource systemEnvironment [org.springframework.boot.env.SystemEnvironmentPropertySourceEnvironmentPostProcessor$OriginAwareSystemEnvironmentPropertySource] to EncryptableMapPropertySourceWrapper
2020-09-02 11:50:09,572 [INFO] com.ulisesbocchio.jasyptspringboot.EncryptablePropertySourceConverter [main] Converting PropertySource random [org.springframework.boot.env.RandomValuePropertySource] to EncryptablePropertySourceWrapper
2020-09-02 11:50:09,572 [INFO] com.ulisesbocchio.jasyptspringboot.EncryptablePropertySourceConverter [main] Converting PropertySource URL [file:C:/Users/Emmanuel/Documents/eglobal/email-jar-config.properties] [org.springframework.core.env.CompositePropertySource] to EncryptableEnumerablePropertySourceWrapper
2020-09-02 11:50:09,684 [INFO] com.eglobal.ti.email.jar.AppInitializator [main] AppInitializator initialization logic ...
2020-09-02 11:50:09,695 [INFO] com.ulisesbocchio.jasyptspringboot.resolver.DefaultLazyPropertyResolver [main] Property Resolver custom Bean not found with name 'encryptablePropertyResolver'. Initializing Default Property Resolver
2020-09-02 11:50:09,699 [INFO] com.ulisesbocchio.jasyptspringboot.detector.DefaultLazyPropertyDetector [main] Property Detector custom Bean not found with name 'encryptablePropertyDetector'. Initializing Default Property Detector
2020-09-02 11:50:09,709 [INFO] com.eglobal.ti.email.jar.InitApplication [main] InitApplication initialization logic ...
2020-09-02 11:50:10,248 [INFO] org.springframework.boot.StartupInfoLogger [main] Started AppLauncher in 2.316 seconds (JVM running for 2.881)
2020-09-02 11:50:10,252 [INFO] com.eglobal.ti.email.jar.AppLauncher [main] Application started with arguments: 20200902
2020-09-02 11:50:10,260 [INFO] com.eglobal.ti.email.jar.service.impl.InitApplicationServiceImpl [main] *********** VALIDACIÓN DE PARÁMETROS ***********
2020-09-02 11:50:10,333 [INFO] com.eglobal.ti.email.jar.service.impl.ConectFechaServiceIml [main] ***INICIA CONEXION Y ENVIO DE DATOS A Obtener Parametros: {"fechaSol":"20200902"}
2020-09-02 11:50:13,349 [INFO] com.eglobal.ti.email.jar.service.impl.ConectZipServiceImpl [main] ***INICIA CONEXION Y ENVIO DE DATOS A excel-api: [{"tpformato":1,"fechaSol":"20200902","filtroPorGrupo":"0","tipotramite":10,"afiliacion":4918405,"numeroGrupo":1548}]
2020-09-02 11:53:20,884 [INFO] org.springframework.boot.StartupInfoLogger [main] Starting AppLauncher on DESKTOP-25D6UP4 with PID 14960 (C:\Users\Emmanuel\Documents\email-jar\target\classes started by Emmanuel in C:\Users\Emmanuel\Documents\email-jar)
2020-09-02 11:53:20,893 [INFO] org.springframework.boot.SpringApplication [main] No active profile set, falling back to default profiles: default
2020-09-02 11:53:21,876 [INFO] com.ulisesbocchio.jasyptspringboot.configuration.EnableEncryptablePropertiesBeanFactoryPostProcessor [main] Post-processing PropertySource instances
2020-09-02 11:53:21,958 [INFO] com.ulisesbocchio.jasyptspringboot.EncryptablePropertySourceConverter [main] Converting PropertySource configurationProperties [org.springframework.boot.context.properties.source.ConfigurationPropertySourcesPropertySource] to AOP Proxy
2020-09-02 11:53:21,962 [INFO] com.ulisesbocchio.jasyptspringboot.EncryptablePropertySourceConverter [main] Converting PropertySource commandLineArgs [org.springframework.core.env.SimpleCommandLinePropertySource] to EncryptableEnumerablePropertySourceWrapper
2020-09-02 11:53:21,963 [INFO] com.ulisesbocchio.jasyptspringboot.EncryptablePropertySourceConverter [main] Converting PropertySource systemProperties [org.springframework.core.env.MapPropertySource] to EncryptableMapPropertySourceWrapper
2020-09-02 11:53:21,963 [INFO] com.ulisesbocchio.jasyptspringboot.EncryptablePropertySourceConverter [main] Converting PropertySource systemEnvironment [org.springframework.boot.env.SystemEnvironmentPropertySourceEnvironmentPostProcessor$OriginAwareSystemEnvironmentPropertySource] to EncryptableMapPropertySourceWrapper
2020-09-02 11:53:21,963 [INFO] com.ulisesbocchio.jasyptspringboot.EncryptablePropertySourceConverter [main] Converting PropertySource random [org.springframework.boot.env.RandomValuePropertySource] to EncryptablePropertySourceWrapper
2020-09-02 11:53:21,964 [INFO] com.ulisesbocchio.jasyptspringboot.EncryptablePropertySourceConverter [main] Converting PropertySource URL [file:C:/Users/Emmanuel/Documents/eglobal/email-jar-config.properties] [org.springframework.core.env.CompositePropertySource] to EncryptableEnumerablePropertySourceWrapper
2020-09-02 11:53:22,033 [INFO] com.eglobal.ti.email.jar.AppInitializator [main] AppInitializator initialization logic ...
2020-09-02 11:53:22,041 [INFO] com.ulisesbocchio.jasyptspringboot.resolver.DefaultLazyPropertyResolver [main] Property Resolver custom Bean not found with name 'encryptablePropertyResolver'. Initializing Default Property Resolver
2020-09-02 11:53:22,047 [INFO] com.ulisesbocchio.jasyptspringboot.detector.DefaultLazyPropertyDetector [main] Property Detector custom Bean not found with name 'encryptablePropertyDetector'. Initializing Default Property Detector
2020-09-02 11:53:22,063 [INFO] com.eglobal.ti.email.jar.InitApplication [main] InitApplication initialization logic ...
2020-09-02 11:53:22,588 [INFO] org.springframework.boot.StartupInfoLogger [main] Started AppLauncher in 2.43 seconds (JVM running for 3.029)
2020-09-02 11:53:22,590 [INFO] com.eglobal.ti.email.jar.AppLauncher [main] Application started with arguments: 20200902
2020-09-02 11:53:22,593 [INFO] com.eglobal.ti.email.jar.service.impl.InitApplicationServiceImpl [main] *********** VALIDACIÓN DE PARÁMETROS ***********
2020-09-02 11:53:22,649 [INFO] com.eglobal.ti.email.jar.service.impl.ConectFechaServiceIml [main] ***INICIA CONEXION Y ENVIO DE DATOS A Obtener Parametros: {"fechaSol":"20200902"}
2020-09-02 11:53:23,677 [INFO] com.eglobal.ti.email.jar.service.impl.ConectZipServiceImpl [main] ***INICIA CONEXION Y ENVIO DE DATOS A excel-api: [{"tpformato":1,"fechaSol":"20200902","filtroPorGrupo":"0","numeroGrupo":1548,"afiliacion":4918405,"tipotramite":10},{"tpformato":1,"fechaSol":"20200902","filtroPorGrupo":"0","numeroGrupo":1548,"afiliacion":4918405,"tipotramite":10}]
2020-09-02 13:56:51,885 [INFO] org.springframework.boot.StartupInfoLogger [main] Starting AppLauncher on DESKTOP-25D6UP4 with PID 15348 (C:\Users\Emmanuel\Documents\email-jar\target\classes started by Emmanuel in C:\Users\Emmanuel\Documents\email-jar)
2020-09-02 13:56:51,889 [INFO] org.springframework.boot.SpringApplication [main] No active profile set, falling back to default profiles: default
2020-09-02 13:56:53,028 [INFO] com.ulisesbocchio.jasyptspringboot.configuration.EnableEncryptablePropertiesBeanFactoryPostProcessor [main] Post-processing PropertySource instances
2020-09-02 13:56:53,155 [INFO] com.ulisesbocchio.jasyptspringboot.EncryptablePropertySourceConverter [main] Converting PropertySource configurationProperties [org.springframework.boot.context.properties.source.ConfigurationPropertySourcesPropertySource] to AOP Proxy
2020-09-02 13:56:53,159 [INFO] com.ulisesbocchio.jasyptspringboot.EncryptablePropertySourceConverter [main] Converting PropertySource commandLineArgs [org.springframework.core.env.SimpleCommandLinePropertySource] to EncryptableEnumerablePropertySourceWrapper
2020-09-02 13:56:53,160 [INFO] com.ulisesbocchio.jasyptspringboot.EncryptablePropertySourceConverter [main] Converting PropertySource systemProperties [org.springframework.core.env.MapPropertySource] to EncryptableMapPropertySourceWrapper
2020-09-02 13:56:53,160 [INFO] com.ulisesbocchio.jasyptspringboot.EncryptablePropertySourceConverter [main] Converting PropertySource systemEnvironment [org.springframework.boot.env.SystemEnvironmentPropertySourceEnvironmentPostProcessor$OriginAwareSystemEnvironmentPropertySource] to EncryptableMapPropertySourceWrapper
2020-09-02 13:56:53,161 [INFO] com.ulisesbocchio.jasyptspringboot.EncryptablePropertySourceConverter [main] Converting PropertySource random [org.springframework.boot.env.RandomValuePropertySource] to EncryptablePropertySourceWrapper
2020-09-02 13:56:53,161 [INFO] com.ulisesbocchio.jasyptspringboot.EncryptablePropertySourceConverter [main] Converting PropertySource URL [file:C:/Users/Emmanuel/Documents/eglobal/email-jar-config.properties] [org.springframework.core.env.CompositePropertySource] to EncryptableEnumerablePropertySourceWrapper
2020-09-02 13:56:53,277 [INFO] com.eglobal.ti.email.jar.AppInitializator [main] AppInitializator initialization logic ...
2020-09-02 13:56:53,292 [INFO] com.ulisesbocchio.jasyptspringboot.resolver.DefaultLazyPropertyResolver [main] Property Resolver custom Bean not found with name 'encryptablePropertyResolver'. Initializing Default Property Resolver
2020-09-02 13:56:53,298 [INFO] com.ulisesbocchio.jasyptspringboot.detector.DefaultLazyPropertyDetector [main] Property Detector custom Bean not found with name 'encryptablePropertyDetector'. Initializing Default Property Detector
2020-09-02 13:56:53,311 [INFO] com.eglobal.ti.email.jar.InitApplication [main] InitApplication initialization logic ...
2020-09-02 13:56:53,991 [INFO] org.springframework.boot.StartupInfoLogger [main] Started AppLauncher in 2.977 seconds (JVM running for 3.659)
2020-09-02 13:56:53,994 [INFO] com.eglobal.ti.email.jar.AppLauncher [main] Application started with arguments: 20200902
2020-09-02 13:56:53,996 [INFO] com.eglobal.ti.email.jar.service.impl.InitApplicationServiceImpl [main] *********** VALIDACIÓN DE PARÁMETROS ***********
2020-09-02 13:56:54,081 [INFO] com.eglobal.ti.email.jar.service.impl.ConectFechaServiceIml [main] ***INICIA CONEXION Y ENVIO DE DATOS A Obtener Parametros: {"fechaSol":"20200902"}
2020-09-02 13:56:55,123 [INFO] com.eglobal.ti.email.jar.service.impl.ConectZipServiceImpl [main] ***INICIA CONEXION Y ENVIO DE DATOS A excel-api: [{"tpformato":1,"fechaSol":"20200902","filtroPorGrupo":"0","tipotramite":7,"numeroGrupo":1548,"afiliacion":4918405},{"tpformato":1,"fechaSol":"20200902","filtroPorGrupo":"0","tipotramite":10,"numeroGrupo":1548,"afiliacion":4918405}]
2020-09-02 14:01:40,189 [INFO] org.springframework.boot.StartupInfoLogger [main] Starting AppLauncher on DESKTOP-25D6UP4 with PID 13556 (C:\Users\Emmanuel\Documents\email-jar\target\classes started by Emmanuel in C:\Users\Emmanuel\Documents\email-jar)
2020-09-02 14:01:40,193 [INFO] org.springframework.boot.SpringApplication [main] No active profile set, falling back to default profiles: default
2020-09-02 14:01:41,609 [INFO] com.ulisesbocchio.jasyptspringboot.configuration.EnableEncryptablePropertiesBeanFactoryPostProcessor [main] Post-processing PropertySource instances
2020-09-02 14:01:41,763 [INFO] com.ulisesbocchio.jasyptspringboot.EncryptablePropertySourceConverter [main] Converting PropertySource configurationProperties [org.springframework.boot.context.properties.source.ConfigurationPropertySourcesPropertySource] to AOP Proxy
2020-09-02 14:01:41,765 [INFO] com.ulisesbocchio.jasyptspringboot.EncryptablePropertySourceConverter [main] Converting PropertySource commandLineArgs [org.springframework.core.env.SimpleCommandLinePropertySource] to EncryptableEnumerablePropertySourceWrapper
2020-09-02 14:01:41,766 [INFO] com.ulisesbocchio.jasyptspringboot.EncryptablePropertySourceConverter [main] Converting PropertySource systemProperties [org.springframework.core.env.MapPropertySource] to EncryptableMapPropertySourceWrapper
2020-09-02 14:01:41,768 [INFO] com.ulisesbocchio.jasyptspringboot.EncryptablePropertySourceConverter [main] Converting PropertySource systemEnvironment [org.springframework.boot.env.SystemEnvironmentPropertySourceEnvironmentPostProcessor$OriginAwareSystemEnvironmentPropertySource] to EncryptableMapPropertySourceWrapper
2020-09-02 14:01:41,768 [INFO] com.ulisesbocchio.jasyptspringboot.EncryptablePropertySourceConverter [main] Converting PropertySource random [org.springframework.boot.env.RandomValuePropertySource] to EncryptablePropertySourceWrapper
2020-09-02 14:01:41,769 [INFO] com.ulisesbocchio.jasyptspringboot.EncryptablePropertySourceConverter [main] Converting PropertySource URL [file:C:/Users/Emmanuel/Documents/eglobal/email-jar-config.properties] [org.springframework.core.env.CompositePropertySource] to EncryptableEnumerablePropertySourceWrapper
2020-09-02 14:01:41,888 [INFO] com.eglobal.ti.email.jar.AppInitializator [main] AppInitializator initialization logic ...
2020-09-02 14:01:41,910 [INFO] com.ulisesbocchio.jasyptspringboot.resolver.DefaultLazyPropertyResolver [main] Property Resolver custom Bean not found with name 'encryptablePropertyResolver'. Initializing Default Property Resolver
2020-09-02 14:01:41,914 [INFO] com.ulisesbocchio.jasyptspringboot.detector.DefaultLazyPropertyDetector [main] Property Detector custom Bean not found with name 'encryptablePropertyDetector'. Initializing Default Property Detector
2020-09-02 14:01:41,930 [INFO] com.eglobal.ti.email.jar.InitApplication [main] InitApplication initialization logic ...
2020-09-02 14:01:42,994 [INFO] org.springframework.boot.StartupInfoLogger [main] Started AppLauncher in 3.543 seconds (JVM running for 4.211)
2020-09-02 14:01:43,011 [INFO] com.eglobal.ti.email.jar.AppLauncher [main] Application started with arguments: 20200902
2020-09-02 14:01:43,014 [INFO] com.eglobal.ti.email.jar.service.impl.InitApplicationServiceImpl [main] *********** VALIDACIÓN DE PARÁMETROS ***********
2020-09-02 14:01:43,150 [INFO] com.eglobal.ti.email.jar.service.impl.ConectFechaServiceIml [main] ***INICIA CONEXION Y ENVIO DE DATOS A Obtener Parametros: {"fechaSol":"20200902"}
2020-09-02 14:01:43,949 [INFO] com.eglobal.ti.email.jar.service.impl.ConectZipServiceImpl [main] ***INICIA CONEXION Y ENVIO DE DATOS A excel-api: [{"tpformato":1,"fechaSol":"20200902","numeroGrupo":1548,"afiliacion":4918405,"tipotramite":8,"filtroPorGrupo":"0"}]
2020-09-02 14:04:10,552 [INFO] org.springframework.boot.StartupInfoLogger [main] Starting AppLauncher on DESKTOP-25D6UP4 with PID 2748 (C:\Users\Emmanuel\Documents\email-jar\target\classes started by Emmanuel in C:\Users\Emmanuel\Documents\email-jar)
2020-09-02 14:04:10,556 [INFO] org.springframework.boot.SpringApplication [main] No active profile set, falling back to default profiles: default
2020-09-02 14:04:11,729 [INFO] com.ulisesbocchio.jasyptspringboot.configuration.EnableEncryptablePropertiesBeanFactoryPostProcessor [main] Post-processing PropertySource instances
2020-09-02 14:04:11,888 [INFO] com.ulisesbocchio.jasyptspringboot.EncryptablePropertySourceConverter [main] Converting PropertySource configurationProperties [org.springframework.boot.context.properties.source.ConfigurationPropertySourcesPropertySource] to AOP Proxy
2020-09-02 14:04:11,909 [INFO] com.ulisesbocchio.jasyptspringboot.EncryptablePropertySourceConverter [main] Converting PropertySource commandLineArgs [org.springframework.core.env.SimpleCommandLinePropertySource] to EncryptableEnumerablePropertySourceWrapper
2020-09-02 14:04:11,909 [INFO] com.ulisesbocchio.jasyptspringboot.EncryptablePropertySourceConverter [main] Converting PropertySource systemProperties [org.springframework.core.env.MapPropertySource] to EncryptableMapPropertySourceWrapper
2020-09-02 14:04:11,910 [INFO] com.ulisesbocchio.jasyptspringboot.EncryptablePropertySourceConverter [main] Converting PropertySource systemEnvironment [org.springframework.boot.env.SystemEnvironmentPropertySourceEnvironmentPostProcessor$OriginAwareSystemEnvironmentPropertySource] to EncryptableMapPropertySourceWrapper
2020-09-02 14:04:11,911 [INFO] com.ulisesbocchio.jasyptspringboot.EncryptablePropertySourceConverter [main] Converting PropertySource random [org.springframework.boot.env.RandomValuePropertySource] to EncryptablePropertySourceWrapper
2020-09-02 14:04:11,912 [INFO] com.ulisesbocchio.jasyptspringboot.EncryptablePropertySourceConverter [main] Converting PropertySource URL [file:C:/Users/Emmanuel/Documents/eglobal/email-jar-config.properties] [org.springframework.core.env.CompositePropertySource] to EncryptableEnumerablePropertySourceWrapper
2020-09-02 14:04:12,072 [INFO] com.eglobal.ti.email.jar.AppInitializator [main] AppInitializator initialization logic ...
2020-09-02 14:04:12,083 [INFO] com.ulisesbocchio.jasyptspringboot.resolver.DefaultLazyPropertyResolver [main] Property Resolver custom Bean not found with name 'encryptablePropertyResolver'. Initializing Default Property Resolver
2020-09-02 14:04:12,092 [INFO] com.ulisesbocchio.jasyptspringboot.detector.DefaultLazyPropertyDetector [main] Property Detector custom Bean not found with name 'encryptablePropertyDetector'. Initializing Default Property Detector
2020-09-02 14:04:12,108 [INFO] com.eglobal.ti.email.jar.InitApplication [main] InitApplication initialization logic ...
2020-09-02 14:04:12,803 [INFO] org.springframework.boot.StartupInfoLogger [main] Started AppLauncher in 2.979 seconds (JVM running for 3.792)
2020-09-02 14:04:12,814 [INFO] com.eglobal.ti.email.jar.AppLauncher [main] Application started with arguments: 20200902
2020-09-02 14:04:12,817 [INFO] com.eglobal.ti.email.jar.service.impl.InitApplicationServiceImpl [main] *********** VALIDACIÓN DE PARÁMETROS ***********
2020-09-02 14:04:12,909 [INFO] com.eglobal.ti.email.jar.service.impl.ConectFechaServiceIml [main] ***INICIA CONEXION Y ENVIO DE DATOS A Obtener Parametros: {"fechaSol":"20200902"}
2020-09-02 14:04:13,865 [INFO] com.eglobal.ti.email.jar.service.impl.ConectZipServiceImpl [main] ***INICIA CONEXION Y ENVIO DE DATOS A excel-api: [{"tpformato":1,"fechaSol":"20200902","filtroPorGrupo":"0","tipotramite":9,"numeroGrupo":1548,"afiliacion":4918405}]
2020-09-02 14:05:22,174 [INFO] org.springframework.boot.StartupInfoLogger [main] Starting AppLauncher on DESKTOP-25D6UP4 with PID 9432 (C:\Users\Emmanuel\Documents\email-jar\target\classes started by Emmanuel in C:\Users\Emmanuel\Documents\email-jar)
2020-09-02 14:05:22,179 [INFO] org.springframework.boot.SpringApplication [main] No active profile set, falling back to default profiles: default
2020-09-02 14:05:23,380 [INFO] com.ulisesbocchio.jasyptspringboot.configuration.EnableEncryptablePropertiesBeanFactoryPostProcessor [main] Post-processing PropertySource instances
2020-09-02 14:05:23,487 [INFO] com.ulisesbocchio.jasyptspringboot.EncryptablePropertySourceConverter [main] Converting PropertySource configurationProperties [org.springframework.boot.context.properties.source.ConfigurationPropertySourcesPropertySource] to AOP Proxy
2020-09-02 14:05:23,490 [INFO] com.ulisesbocchio.jasyptspringboot.EncryptablePropertySourceConverter [main] Converting PropertySource commandLineArgs [org.springframework.core.env.SimpleCommandLinePropertySource] to EncryptableEnumerablePropertySourceWrapper
2020-09-02 14:05:23,491 [INFO] com.ulisesbocchio.jasyptspringboot.EncryptablePropertySourceConverter [main] Converting PropertySource systemProperties [org.springframework.core.env.MapPropertySource] to EncryptableMapPropertySourceWrapper
2020-09-02 14:05:23,492 [INFO] com.ulisesbocchio.jasyptspringboot.EncryptablePropertySourceConverter [main] Converting PropertySource systemEnvironment [org.springframework.boot.env.SystemEnvironmentPropertySourceEnvironmentPostProcessor$OriginAwareSystemEnvironmentPropertySource] to EncryptableMapPropertySourceWrapper
2020-09-02 14:05:23,492 [INFO] com.ulisesbocchio.jasyptspringboot.EncryptablePropertySourceConverter [main] Converting PropertySource random [org.springframework.boot.env.RandomValuePropertySource] to EncryptablePropertySourceWrapper
2020-09-02 14:05:23,493 [INFO] com.ulisesbocchio.jasyptspringboot.EncryptablePropertySourceConverter [main] Converting PropertySource URL [file:C:/Users/Emmanuel/Documents/eglobal/email-jar-config.properties] [org.springframework.core.env.CompositePropertySource] to EncryptableEnumerablePropertySourceWrapper
2020-09-02 14:05:23,593 [INFO] com.eglobal.ti.email.jar.AppInitializator [main] AppInitializator initialization logic ...
2020-09-02 14:05:23,617 [INFO] com.ulisesbocchio.jasyptspringboot.resolver.DefaultLazyPropertyResolver [main] Property Resolver custom Bean not found with name 'encryptablePropertyResolver'. Initializing Default Property Resolver
2020-09-02 14:05:23,622 [INFO] com.ulisesbocchio.jasyptspringboot.detector.DefaultLazyPropertyDetector [main] Property Detector custom Bean not found with name 'encryptablePropertyDetector'. Initializing Default Property Detector
2020-09-02 14:05:23,637 [INFO] com.eglobal.ti.email.jar.InitApplication [main] InitApplication initialization logic ...
2020-09-02 14:05:24,291 [INFO] org.springframework.boot.StartupInfoLogger [main] Started AppLauncher in 2.842 seconds (JVM running for 3.611)
2020-09-02 14:05:24,295 [INFO] com.eglobal.ti.email.jar.AppLauncher [main] Application started with arguments: 20200902
2020-09-02 14:05:24,297 [INFO] com.eglobal.ti.email.jar.service.impl.InitApplicationServiceImpl [main] *********** VALIDACIÓN DE PARÁMETROS ***********
2020-09-02 14:05:24,390 [INFO] com.eglobal.ti.email.jar.service.impl.ConectFechaServiceIml [main] ***INICIA CONEXION Y ENVIO DE DATOS A Obtener Parametros: {"fechaSol":"20200902"}
2020-09-02 14:05:25,351 [INFO] com.eglobal.ti.email.jar.service.impl.ConectZipServiceImpl [main] ***INICIA CONEXION Y ENVIO DE DATOS A excel-api: [{"tpformato":1,"fechaSol":"20200902","afiliacion":4918405,"numeroGrupo":1548,"tipotramite":10,"filtroPorGrupo":"0"}]
2020-09-02 20:15:43,525 [INFO] org.springframework.boot.StartupInfoLogger [main] Starting AppLauncher on DESKTOP-25D6UP4 with PID 17312 (C:\Users\Emmanuel\Documents\email-jar\target\classes started by Emmanuel in C:\Users\Emmanuel\Documents\email-jar)
2020-09-02 20:15:43,529 [INFO] org.springframework.boot.SpringApplication [main] No active profile set, falling back to default profiles: default
2020-09-02 20:15:44,617 [INFO] com.ulisesbocchio.jasyptspringboot.configuration.EnableEncryptablePropertiesBeanFactoryPostProcessor [main] Post-processing PropertySource instances
2020-09-02 20:15:44,711 [INFO] com.ulisesbocchio.jasyptspringboot.EncryptablePropertySourceConverter [main] Converting PropertySource configurationProperties [org.springframework.boot.context.properties.source.ConfigurationPropertySourcesPropertySource] to AOP Proxy
2020-09-02 20:15:44,714 [INFO] com.ulisesbocchio.jasyptspringboot.EncryptablePropertySourceConverter [main] Converting PropertySource commandLineArgs [org.springframework.core.env.SimpleCommandLinePropertySource] to EncryptableEnumerablePropertySourceWrapper
2020-09-02 20:15:44,715 [INFO] com.ulisesbocchio.jasyptspringboot.EncryptablePropertySourceConverter [main] Converting PropertySource systemProperties [org.springframework.core.env.MapPropertySource] to EncryptableMapPropertySourceWrapper
2020-09-02 20:15:44,716 [INFO] com.ulisesbocchio.jasyptspringboot.EncryptablePropertySourceConverter [main] Converting PropertySource systemEnvironment [org.springframework.boot.env.SystemEnvironmentPropertySourceEnvironmentPostProcessor$OriginAwareSystemEnvironmentPropertySource] to EncryptableMapPropertySourceWrapper
2020-09-02 20:15:44,717 [INFO] com.ulisesbocchio.jasyptspringboot.EncryptablePropertySourceConverter [main] Converting PropertySource random [org.springframework.boot.env.RandomValuePropertySource] to EncryptablePropertySourceWrapper
2020-09-02 20:15:44,717 [INFO] com.ulisesbocchio.jasyptspringboot.EncryptablePropertySourceConverter [main] Converting PropertySource URL [file:C:/Users/Emmanuel/Documents/eglobal/email-jar-config.properties] [org.springframework.core.env.CompositePropertySource] to EncryptableEnumerablePropertySourceWrapper
2020-09-02 20:15:44,800 [INFO] com.eglobal.ti.email.jar.AppInitializator [main] AppInitializator initialization logic ...
2020-09-02 20:15:44,807 [INFO] com.ulisesbocchio.jasyptspringboot.resolver.DefaultLazyPropertyResolver [main] Property Resolver custom Bean not found with name 'encryptablePropertyResolver'. Initializing Default Property Resolver
2020-09-02 20:15:44,812 [INFO] com.ulisesbocchio.jasyptspringboot.detector.DefaultLazyPropertyDetector [main] Property Detector custom Bean not found with name 'encryptablePropertyDetector'. Initializing Default Property Detector
2020-09-02 20:15:44,820 [INFO] com.eglobal.ti.email.jar.InitApplication [main] InitApplication initialization logic ...
2020-09-02 20:15:45,455 [INFO] org.springframework.boot.StartupInfoLogger [main] Started AppLauncher in 2.541 seconds (JVM running for 3.168)
2020-09-02 20:15:45,459 [INFO] com.eglobal.ti.email.jar.AppLauncher [main] Application started with arguments: 20200902
2020-09-02 20:15:45,461 [INFO] com.eglobal.ti.email.jar.service.impl.InitApplicationServiceImpl [main] *********** VALIDACIÓN DE PARÁMETROS ***********
2020-09-02 20:15:45,557 [INFO] com.eglobal.ti.email.jar.service.impl.ConectFechaServiceIml [main] ***INICIA CONEXION Y ENVIO DE DATOS A Obtener Parametros: {"fechaSol":"20200902"}
2020-09-02 20:15:46,407 [INFO] com.eglobal.ti.email.jar.service.impl.ConectZipServiceImpl [main] ***INICIA CONEXION Y ENVIO DE DATOS A excel-api: [{"tpformato":1,"fechaSol":"20200902","tipotramite":10,"numeroGrupo":1548,"afiliacion":4918405,"filtroPorGrupo":"0"}]
2020-09-02 20:41:22,339 [INFO] org.springframework.boot.StartupInfoLogger [main] Starting AppLauncher on DESKTOP-25D6UP4 with PID 4376 (C:\Users\Emmanuel\Documents\email-jar\target\classes started by Emmanuel in C:\Users\Emmanuel\Documents\email-jar)
2020-09-02 20:41:22,345 [INFO] org.springframework.boot.SpringApplication [main] No active profile set, falling back to default profiles: default
2020-09-02 20:41:23,507 [INFO] com.ulisesbocchio.jasyptspringboot.configuration.EnableEncryptablePropertiesBeanFactoryPostProcessor [main] Post-processing PropertySource instances
2020-09-02 20:41:23,640 [INFO] com.ulisesbocchio.jasyptspringboot.EncryptablePropertySourceConverter [main] Converting PropertySource configurationProperties [org.springframework.boot.context.properties.source.ConfigurationPropertySourcesPropertySource] to AOP Proxy
2020-09-02 20:41:23,643 [INFO] com.ulisesbocchio.jasyptspringboot.EncryptablePropertySourceConverter [main] Converting PropertySource commandLineArgs [org.springframework.core.env.SimpleCommandLinePropertySource] to EncryptableEnumerablePropertySourceWrapper
2020-09-02 20:41:23,646 [INFO] com.ulisesbocchio.jasyptspringboot.EncryptablePropertySourceConverter [main] Converting PropertySource systemProperties [org.springframework.core.env.MapPropertySource] to EncryptableMapPropertySourceWrapper
2020-09-02 20:41:23,647 [INFO] com.ulisesbocchio.jasyptspringboot.EncryptablePropertySourceConverter [main] Converting PropertySource systemEnvironment [org.springframework.boot.env.SystemEnvironmentPropertySourceEnvironmentPostProcessor$OriginAwareSystemEnvironmentPropertySource] to EncryptableMapPropertySourceWrapper
2020-09-02 20:41:23,647 [INFO] com.ulisesbocchio.jasyptspringboot.EncryptablePropertySourceConverter [main] Converting PropertySource random [org.springframework.boot.env.RandomValuePropertySource] to EncryptablePropertySourceWrapper
2020-09-02 20:41:23,648 [INFO] com.ulisesbocchio.jasyptspringboot.EncryptablePropertySourceConverter [main] Converting PropertySource URL [file:C:/Users/Emmanuel/Documents/eglobal/email-jar-config.properties] [org.springframework.core.env.CompositePropertySource] to EncryptableEnumerablePropertySourceWrapper
2020-09-02 20:41:23,797 [INFO] com.eglobal.ti.email.jar.AppInitializator [main] AppInitializator initialization logic ...
2020-09-02 20:41:23,806 [INFO] com.ulisesbocchio.jasyptspringboot.resolver.DefaultLazyPropertyResolver [main] Property Resolver custom Bean not found with name 'encryptablePropertyResolver'. Initializing Default Property Resolver
2020-09-02 20:41:23,810 [INFO] com.ulisesbocchio.jasyptspringboot.detector.DefaultLazyPropertyDetector [main] Property Detector custom Bean not found with name 'encryptablePropertyDetector'. Initializing Default Property Detector
2020-09-02 20:41:23,819 [INFO] com.eglobal.ti.email.jar.InitApplication [main] InitApplication initialization logic ...
2020-09-02 20:41:24,678 [INFO] org.springframework.boot.StartupInfoLogger [main] Started AppLauncher in 3.167 seconds (JVM running for 3.778)
2020-09-02 20:41:24,682 [INFO] com.eglobal.ti.email.jar.AppLauncher [main] Application started with arguments: 20200902
2020-09-02 20:41:24,685 [INFO] com.eglobal.ti.email.jar.service.impl.InitApplicationServiceImpl [main] *********** VALIDACIÓN DE PARÁMETROS ***********
2020-09-02 20:41:24,781 [INFO] com.eglobal.ti.email.jar.service.impl.ConectFechaServiceIml [main] ***INICIA CONEXION Y ENVIO DE DATOS A Obtener Parametros: {"fechaSol":"20200902"}
2020-09-02 20:41:26,451 [INFO] com.eglobal.ti.email.jar.service.impl.ConectZipServiceImpl [main] ***INICIA CONEXION Y ENVIO DE DATOS A excel-api: [{"tpformato":1,"fechaSol":"20200902","filtroPorGrupo":"0","tipotramite":10,"numeroGrupo":1548,"afiliacion":4918405}]
2020-09-02 20:42:20,396 [INFO] org.springframework.boot.StartupInfoLogger [main] Starting AppLauncher on DESKTOP-25D6UP4 with PID 15772 (C:\Users\Emmanuel\Documents\email-jar\target\classes started by Emmanuel in C:\Users\Emmanuel\Documents\email-jar)
2020-09-02 20:42:20,400 [INFO] org.springframework.boot.SpringApplication [main] No active profile set, falling back to default profiles: default
2020-09-02 20:42:21,458 [INFO] com.ulisesbocchio.jasyptspringboot.configuration.EnableEncryptablePropertiesBeanFactoryPostProcessor [main] Post-processing PropertySource instances
2020-09-02 20:42:21,551 [INFO] com.ulisesbocchio.jasyptspringboot.EncryptablePropertySourceConverter [main] Converting PropertySource configurationProperties [org.springframework.boot.context.properties.source.ConfigurationPropertySourcesPropertySource] to AOP Proxy
2020-09-02 20:42:21,554 [INFO] com.ulisesbocchio.jasyptspringboot.EncryptablePropertySourceConverter [main] Converting PropertySource commandLineArgs [org.springframework.core.env.SimpleCommandLinePropertySource] to EncryptableEnumerablePropertySourceWrapper
2020-09-02 20:42:21,555 [INFO] com.ulisesbocchio.jasyptspringboot.EncryptablePropertySourceConverter [main] Converting PropertySource systemProperties [org.springframework.core.env.MapPropertySource] to EncryptableMapPropertySourceWrapper
2020-09-02 20:42:21,555 [INFO] com.ulisesbocchio.jasyptspringboot.EncryptablePropertySourceConverter [main] Converting PropertySource systemEnvironment [org.springframework.boot.env.SystemEnvironmentPropertySourceEnvironmentPostProcessor$OriginAwareSystemEnvironmentPropertySource] to EncryptableMapPropertySourceWrapper
2020-09-02 20:42:21,556 [INFO] com.ulisesbocchio.jasyptspringboot.EncryptablePropertySourceConverter [main] Converting PropertySource random [org.springframework.boot.env.RandomValuePropertySource] to EncryptablePropertySourceWrapper
2020-09-02 20:42:21,556 [INFO] com.ulisesbocchio.jasyptspringboot.EncryptablePropertySourceConverter [main] Converting PropertySource URL [file:C:/Users/Emmanuel/Documents/eglobal/email-jar-config.properties] [org.springframework.core.env.CompositePropertySource] to EncryptableEnumerablePropertySourceWrapper
2020-09-02 20:42:21,646 [INFO] com.eglobal.ti.email.jar.AppInitializator [main] AppInitializator initialization logic ...
2020-09-02 20:42:21,656 [INFO] com.ulisesbocchio.jasyptspringboot.resolver.DefaultLazyPropertyResolver [main] Property Resolver custom Bean not found with name 'encryptablePropertyResolver'. Initializing Default Property Resolver
2020-09-02 20:42:21,659 [INFO] com.ulisesbocchio.jasyptspringboot.detector.DefaultLazyPropertyDetector [main] Property Detector custom Bean not found with name 'encryptablePropertyDetector'. Initializing Default Property Detector
2020-09-02 20:42:21,675 [INFO] com.eglobal.ti.email.jar.InitApplication [main] InitApplication initialization logic ...
2020-09-02 20:42:22,420 [INFO] org.springframework.boot.StartupInfoLogger [main] Started AppLauncher in 2.732 seconds (JVM running for 3.315)
2020-09-02 20:42:22,431 [INFO] com.eglobal.ti.email.jar.AppLauncher [main] Application started with arguments: 20200902
2020-09-02 20:42:22,433 [INFO] com.eglobal.ti.email.jar.service.impl.InitApplicationServiceImpl [main] *********** VALIDACIÓN DE PARÁMETROS ***********
2020-09-02 20:42:22,507 [INFO] com.eglobal.ti.email.jar.service.impl.ConectFechaServiceIml [main] ***INICIA CONEXION Y ENVIO DE DATOS A Obtener Parametros: {"fechaSol":"20200902"}
2020-09-02 20:42:23,231 [ERROR] com.eglobal.ti.email.jar.service.impl.InitApplicationServiceImpl [main] No hay agrupaciones
2020-09-02 20:43:51,736 [INFO] org.springframework.boot.StartupInfoLogger [main] Starting AppLauncher on DESKTOP-25D6UP4 with PID 19220 (C:\Users\Emmanuel\Documents\email-jar\target\classes started by Emmanuel in C:\Users\Emmanuel\Documents\email-jar)
2020-09-02 20:43:51,741 [INFO] org.springframework.boot.SpringApplication [main] No active profile set, falling back to default profiles: default
2020-09-02 20:43:52,924 [INFO] com.ulisesbocchio.jasyptspringboot.configuration.EnableEncryptablePropertiesBeanFactoryPostProcessor [main] Post-processing PropertySource instances
2020-09-02 20:43:53,035 [INFO] com.ulisesbocchio.jasyptspringboot.EncryptablePropertySourceConverter [main] Converting PropertySource configurationProperties [org.springframework.boot.context.properties.source.ConfigurationPropertySourcesPropertySource] to AOP Proxy
2020-09-02 20:43:53,039 [INFO] com.ulisesbocchio.jasyptspringboot.EncryptablePropertySourceConverter [main] Converting PropertySource commandLineArgs [org.springframework.core.env.SimpleCommandLinePropertySource] to EncryptableEnumerablePropertySourceWrapper
2020-09-02 20:43:53,040 [INFO] com.ulisesbocchio.jasyptspringboot.EncryptablePropertySourceConverter [main] Converting PropertySource systemProperties [org.springframework.core.env.MapPropertySource] to EncryptableMapPropertySourceWrapper
2020-09-02 20:43:53,040 [INFO] com.ulisesbocchio.jasyptspringboot.EncryptablePropertySourceConverter [main] Converting PropertySource systemEnvironment [org.springframework.boot.env.SystemEnvironmentPropertySourceEnvironmentPostProcessor$OriginAwareSystemEnvironmentPropertySource] to EncryptableMapPropertySourceWrapper
2020-09-02 20:43:53,041 [INFO] com.ulisesbocchio.jasyptspringboot.EncryptablePropertySourceConverter [main] Converting PropertySource random [org.springframework.boot.env.RandomValuePropertySource] to EncryptablePropertySourceWrapper
2020-09-02 20:43:53,041 [INFO] com.ulisesbocchio.jasyptspringboot.EncryptablePropertySourceConverter [main] Converting PropertySource URL [file:C:/Users/Emmanuel/Documents/eglobal/email-jar-config.properties] [org.springframework.core.env.CompositePropertySource] to EncryptableEnumerablePropertySourceWrapper
2020-09-02 20:43:53,168 [INFO] com.eglobal.ti.email.jar.AppInitializator [main] AppInitializator initialization logic ...
2020-09-02 20:43:53,176 [INFO] com.ulisesbocchio.jasyptspringboot.resolver.DefaultLazyPropertyResolver [main] Property Resolver custom Bean not found with name 'encryptablePropertyResolver'. Initializing Default Property Resolver
2020-09-02 20:43:53,180 [INFO] com.ulisesbocchio.jasyptspringboot.detector.DefaultLazyPropertyDetector [main] Property Detector custom Bean not found with name 'encryptablePropertyDetector'. Initializing Default Property Detector
2020-09-02 20:43:53,190 [INFO] com.eglobal.ti.email.jar.InitApplication [main] InitApplication initialization logic ...
2020-09-02 20:43:53,894 [INFO] org.springframework.boot.StartupInfoLogger [main] Started AppLauncher in 2.843 seconds (JVM running for 3.478)
2020-09-02 20:43:53,900 [INFO] com.eglobal.ti.email.jar.AppLauncher [main] Application started with arguments: 20200903
2020-09-02 20:43:53,904 [INFO] com.eglobal.ti.email.jar.service.impl.InitApplicationServiceImpl [main] *********** VALIDACIÓN DE PARÁMETROS ***********
2020-09-02 20:43:54,005 [INFO] com.eglobal.ti.email.jar.service.impl.ConectFechaServiceIml [main] ***INICIA CONEXION Y ENVIO DE DATOS A Obtener Parametros: {"fechaSol":"20200903"}
2020-09-02 20:43:54,671 [INFO] com.eglobal.ti.email.jar.service.impl.ConectZipServiceImpl [main] ***INICIA CONEXION Y ENVIO DE DATOS A excel-api: [{"tpformato":1,"fechaSol":"20200903","filtroPorGrupo":"0","numeroGrupo":1548,"tipotramite":8,"afiliacion":4918405}]
