2020-09-01 11:54:10,043 [INFO] org.springframework.boot.StartupInfoLogger [main] Starting AppLauncher on DESKTOP-25D6UP4 with PID 6868 (C:\Users\Emmanuel\Documents\email-jar\target\classes started by Emmanuel in C:\Users\Emmanuel\Documents\email-jar)
2020-09-01 11:54:10,074 [INFO] org.springframework.boot.SpringApplication [main] No active profile set, falling back to default profiles: default
2020-09-01 11:54:11,300 [INFO] com.ulisesbocchio.jasyptspringboot.configuration.EnableEncryptablePropertiesBeanFactoryPostProcessor [main] Post-processing PropertySource instances
2020-09-01 11:54:11,427 [INFO] com.ulisesbocchio.jasyptspringboot.EncryptablePropertySourceConverter [main] Converting PropertySource configurationProperties [org.springframework.boot.context.properties.source.ConfigurationPropertySourcesPropertySource] to AOP Proxy
2020-09-01 11:54:11,432 [INFO] com.ulisesbocchio.jasyptspringboot.EncryptablePropertySourceConverter [main] Converting PropertySource commandLineArgs [org.springframework.core.env.SimpleCommandLinePropertySource] to EncryptableEnumerablePropertySourceWrapper
2020-09-01 11:54:11,433 [INFO] com.ulisesbocchio.jasyptspringboot.EncryptablePropertySourceConverter [main] Converting PropertySource systemProperties [org.springframework.core.env.MapPropertySource] to EncryptableMapPropertySourceWrapper
2020-09-01 11:54:11,433 [INFO] com.ulisesbocchio.jasyptspringboot.EncryptablePropertySourceConverter [main] Converting PropertySource systemEnvironment [org.springframework.boot.env.SystemEnvironmentPropertySourceEnvironmentPostProcessor$OriginAwareSystemEnvironmentPropertySource] to EncryptableMapPropertySourceWrapper
2020-09-01 11:54:11,433 [INFO] com.ulisesbocchio.jasyptspringboot.EncryptablePropertySourceConverter [main] Converting PropertySource random [org.springframework.boot.env.RandomValuePropertySource] to EncryptablePropertySourceWrapper
2020-09-01 11:54:11,434 [INFO] com.ulisesbocchio.jasyptspringboot.EncryptablePropertySourceConverter [main] Converting PropertySource URL [file:C:/Users/Emmanuel/Documents/eglobal/email-jar-config.properties] [org.springframework.core.env.CompositePropertySource] to EncryptableEnumerablePropertySourceWrapper
2020-09-01 11:54:11,531 [INFO] com.eglobal.ti.email.jar.AppInitializator [main] AppInitializator initialization logic ...
2020-09-01 11:54:11,546 [INFO] com.ulisesbocchio.jasyptspringboot.resolver.DefaultLazyPropertyResolver [main] Property Resolver custom Bean not found with name 'encryptablePropertyResolver'. Initializing Default Property Resolver
2020-09-01 11:54:11,553 [INFO] com.ulisesbocchio.jasyptspringboot.detector.DefaultLazyPropertyDetector [main] Property Detector custom Bean not found with name 'encryptablePropertyDetector'. Initializing Default Property Detector
2020-09-01 11:54:11,566 [INFO] com.eglobal.ti.email.jar.InitApplication [main] InitApplication initialization logic ...
2020-09-01 11:54:12,300 [INFO] org.springframework.boot.StartupInfoLogger [main] Started AppLauncher in 3.308 seconds (JVM running for 4.218)
2020-09-01 11:54:12,304 [INFO] com.eglobal.ti.email.jar.AppLauncher [main] Application started with arguments: 20200901
2020-09-01 11:54:12,308 [INFO] com.eglobal.ti.email.jar.service.impl.InitApplicationServiceImpl [main] *********** VALIDACIÓN DE PARÁMETROS ***********
2020-09-01 11:54:12,417 [INFO] com.eglobal.ti.email.jar.service.impl.ConectFechaServiceIml [main] ***INICIA CONEXION Y ENVIO DE DATOS A Obtener Parametros: {"fechaSol":"20200901"}
2020-09-01 11:54:13,184 [INFO] com.eglobal.ti.email.jar.service.impl.ConectZipServiceImpl [main] ***INICIA CONEXION Y ENVIO DE DATOS A excel-api: [{"tpformato":0,"fechaSol":"20200901","tipotramite":7,"afiliacion":4918405,"numeroGrupo":1548,"filtroPorGrupo":"0"}]
2020-09-01 13:29:29,561 [INFO] org.springframework.boot.StartupInfoLogger [main] Starting AppLauncher on DESKTOP-25D6UP4 with PID 1036 (C:\Users\Emmanuel\Documents\email-jar\target\classes started by Emmanuel in C:\Users\Emmanuel\Documents\email-jar)
2020-09-01 13:29:29,570 [INFO] org.springframework.boot.SpringApplication [main] No active profile set, falling back to default profiles: default
2020-09-01 13:29:30,674 [INFO] com.ulisesbocchio.jasyptspringboot.configuration.EnableEncryptablePropertiesBeanFactoryPostProcessor [main] Post-processing PropertySource instances
2020-09-01 13:29:30,793 [INFO] com.ulisesbocchio.jasyptspringboot.EncryptablePropertySourceConverter [main] Converting PropertySource configurationProperties [org.springframework.boot.context.properties.source.ConfigurationPropertySourcesPropertySource] to AOP Proxy
2020-09-01 13:29:30,796 [INFO] com.ulisesbocchio.jasyptspringboot.EncryptablePropertySourceConverter [main] Converting PropertySource commandLineArgs [org.springframework.core.env.SimpleCommandLinePropertySource] to EncryptableEnumerablePropertySourceWrapper
2020-09-01 13:29:30,797 [INFO] com.ulisesbocchio.jasyptspringboot.EncryptablePropertySourceConverter [main] Converting PropertySource systemProperties [org.springframework.core.env.MapPropertySource] to EncryptableMapPropertySourceWrapper
2020-09-01 13:29:30,797 [INFO] com.ulisesbocchio.jasyptspringboot.EncryptablePropertySourceConverter [main] Converting PropertySource systemEnvironment [org.springframework.boot.env.SystemEnvironmentPropertySourceEnvironmentPostProcessor$OriginAwareSystemEnvironmentPropertySource] to EncryptableMapPropertySourceWrapper
2020-09-01 13:29:30,798 [INFO] com.ulisesbocchio.jasyptspringboot.EncryptablePropertySourceConverter [main] Converting PropertySource random [org.springframework.boot.env.RandomValuePropertySource] to EncryptablePropertySourceWrapper
2020-09-01 13:29:30,798 [INFO] com.ulisesbocchio.jasyptspringboot.EncryptablePropertySourceConverter [main] Converting PropertySource URL [file:C:/Users/Emmanuel/Documents/eglobal/email-jar-config.properties] [org.springframework.core.env.CompositePropertySource] to EncryptableEnumerablePropertySourceWrapper
2020-09-01 13:29:30,910 [INFO] com.eglobal.ti.email.jar.AppInitializator [main] AppInitializator initialization logic ...
2020-09-01 13:29:30,920 [INFO] com.ulisesbocchio.jasyptspringboot.resolver.DefaultLazyPropertyResolver [main] Property Resolver custom Bean not found with name 'encryptablePropertyResolver'. Initializing Default Property Resolver
2020-09-01 13:29:30,925 [INFO] com.ulisesbocchio.jasyptspringboot.detector.DefaultLazyPropertyDetector [main] Property Detector custom Bean not found with name 'encryptablePropertyDetector'. Initializing Default Property Detector
2020-09-01 13:29:30,938 [INFO] com.eglobal.ti.email.jar.InitApplication [main] InitApplication initialization logic ...
2020-09-01 13:29:31,620 [INFO] org.springframework.boot.StartupInfoLogger [main] Started AppLauncher in 2.802 seconds (JVM running for 3.519)
2020-09-01 13:29:31,624 [INFO] com.eglobal.ti.email.jar.AppLauncher [main] Application started with arguments: 20200901
2020-09-01 13:29:31,625 [INFO] com.eglobal.ti.email.jar.service.impl.InitApplicationServiceImpl [main] *********** VALIDACIÓN DE PARÁMETROS ***********
2020-09-01 13:29:31,721 [INFO] com.eglobal.ti.email.jar.service.impl.ConectFechaServiceIml [main] ***INICIA CONEXION Y ENVIO DE DATOS A Obtener Parametros: {"fechaSol":"20200901"}
2020-09-01 13:29:32,370 [INFO] com.eglobal.ti.email.jar.service.impl.ConectZipServiceImpl [main] ***INICIA CONEXION Y ENVIO DE DATOS A excel-api: [{"tpformato":0,"fechaSol":"20200901","filtroPorGrupo":"0","numeroGrupo":1548,"afiliacion":4918405,"tipotramite":7}]
2020-09-01 16:53:24,531 [INFO] org.springframework.boot.StartupInfoLogger [main] Starting AppLauncher on DESKTOP-25D6UP4 with PID 18972 (C:\Users\Emmanuel\Documents\email-jar\target\classes started by Emmanuel in C:\Users\Emmanuel\Documents\email-jar)
2020-09-01 16:53:24,548 [INFO] org.springframework.boot.SpringApplication [main] No active profile set, falling back to default profiles: default
2020-09-01 16:53:26,304 [INFO] com.ulisesbocchio.jasyptspringboot.configuration.EnableEncryptablePropertiesBeanFactoryPostProcessor [main] Post-processing PropertySource instances
2020-09-01 16:53:26,528 [INFO] com.ulisesbocchio.jasyptspringboot.EncryptablePropertySourceConverter [main] Converting PropertySource configurationProperties [org.springframework.boot.context.properties.source.ConfigurationPropertySourcesPropertySource] to AOP Proxy
2020-09-01 16:53:26,532 [INFO] com.ulisesbocchio.jasyptspringboot.EncryptablePropertySourceConverter [main] Converting PropertySource commandLineArgs [org.springframework.core.env.SimpleCommandLinePropertySource] to EncryptableEnumerablePropertySourceWrapper
2020-09-01 16:53:26,533 [INFO] com.ulisesbocchio.jasyptspringboot.EncryptablePropertySourceConverter [main] Converting PropertySource systemProperties [org.springframework.core.env.MapPropertySource] to EncryptableMapPropertySourceWrapper
2020-09-01 16:53:26,541 [INFO] com.ulisesbocchio.jasyptspringboot.EncryptablePropertySourceConverter [main] Converting PropertySource systemEnvironment [org.springframework.boot.env.SystemEnvironmentPropertySourceEnvironmentPostProcessor$OriginAwareSystemEnvironmentPropertySource] to EncryptableMapPropertySourceWrapper
2020-09-01 16:53:26,542 [INFO] com.ulisesbocchio.jasyptspringboot.EncryptablePropertySourceConverter [main] Converting PropertySource random [org.springframework.boot.env.RandomValuePropertySource] to EncryptablePropertySourceWrapper
2020-09-01 16:53:26,542 [INFO] com.ulisesbocchio.jasyptspringboot.EncryptablePropertySourceConverter [main] Converting PropertySource URL [file:C:/Users/Emmanuel/Documents/eglobal/email-jar-config.properties] [org.springframework.core.env.CompositePropertySource] to EncryptableEnumerablePropertySourceWrapper
2020-09-01 16:53:26,736 [INFO] com.eglobal.ti.email.jar.AppInitializator [main] AppInitializator initialization logic ...
2020-09-01 16:53:26,744 [INFO] com.ulisesbocchio.jasyptspringboot.resolver.DefaultLazyPropertyResolver [main] Property Resolver custom Bean not found with name 'encryptablePropertyResolver'. Initializing Default Property Resolver
2020-09-01 16:53:26,749 [INFO] com.ulisesbocchio.jasyptspringboot.detector.DefaultLazyPropertyDetector [main] Property Detector custom Bean not found with name 'encryptablePropertyDetector'. Initializing Default Property Detector
2020-09-01 16:53:26,760 [INFO] com.eglobal.ti.email.jar.InitApplication [main] InitApplication initialization logic ...
2020-09-01 16:53:27,473 [INFO] org.springframework.boot.StartupInfoLogger [main] Started AppLauncher in 3.813 seconds (JVM running for 4.643)
2020-09-01 16:53:27,476 [INFO] com.eglobal.ti.email.jar.AppLauncher [main] Application started with arguments: 20200901
2020-09-01 16:53:27,479 [INFO] com.eglobal.ti.email.jar.service.impl.InitApplicationServiceImpl [main] *********** VALIDACIÓN DE PARÁMETROS ***********
2020-09-01 16:53:27,564 [INFO] com.eglobal.ti.email.jar.service.impl.ConectFechaServiceIml [main] ***INICIA CONEXION Y ENVIO DE DATOS A Obtener Parametros: {"fechaSol":"20200901"}
2020-09-01 16:53:28,411 [INFO] com.eglobal.ti.email.jar.service.impl.ConectZipServiceImpl [main] ***INICIA CONEXION Y ENVIO DE DATOS A excel-api: [{"tpformato":0,"fechaSol":"20200901","filtroPorGrupo":"0","tipotramite":8,"numeroGrupo":1548,"afiliacion":4918405}]
2020-09-01 16:54:43,162 [INFO] org.springframework.boot.StartupInfoLogger [main] Starting AppLauncher on DESKTOP-25D6UP4 with PID 9720 (C:\Users\Emmanuel\Documents\email-jar\target\classes started by Emmanuel in C:\Users\Emmanuel\Documents\email-jar)
2020-09-01 16:54:43,166 [INFO] org.springframework.boot.SpringApplication [main] No active profile set, falling back to default profiles: default
2020-09-01 16:54:44,422 [INFO] com.ulisesbocchio.jasyptspringboot.configuration.EnableEncryptablePropertiesBeanFactoryPostProcessor [main] Post-processing PropertySource instances
2020-09-01 16:54:44,525 [INFO] com.ulisesbocchio.jasyptspringboot.EncryptablePropertySourceConverter [main] Converting PropertySource configurationProperties [org.springframework.boot.context.properties.source.ConfigurationPropertySourcesPropertySource] to AOP Proxy
2020-09-01 16:54:44,534 [INFO] com.ulisesbocchio.jasyptspringboot.EncryptablePropertySourceConverter [main] Converting PropertySource commandLineArgs [org.springframework.core.env.SimpleCommandLinePropertySource] to EncryptableEnumerablePropertySourceWrapper
2020-09-01 16:54:44,535 [INFO] com.ulisesbocchio.jasyptspringboot.EncryptablePropertySourceConverter [main] Converting PropertySource systemProperties [org.springframework.core.env.MapPropertySource] to EncryptableMapPropertySourceWrapper
2020-09-01 16:54:44,535 [INFO] com.ulisesbocchio.jasyptspringboot.EncryptablePropertySourceConverter [main] Converting PropertySource systemEnvironment [org.springframework.boot.env.SystemEnvironmentPropertySourceEnvironmentPostProcessor$OriginAwareSystemEnvironmentPropertySource] to EncryptableMapPropertySourceWrapper
2020-09-01 16:54:44,535 [INFO] com.ulisesbocchio.jasyptspringboot.EncryptablePropertySourceConverter [main] Converting PropertySource random [org.springframework.boot.env.RandomValuePropertySource] to EncryptablePropertySourceWrapper
2020-09-01 16:54:44,536 [INFO] com.ulisesbocchio.jasyptspringboot.EncryptablePropertySourceConverter [main] Converting PropertySource URL [file:C:/Users/Emmanuel/Documents/eglobal/email-jar-config.properties] [org.springframework.core.env.CompositePropertySource] to EncryptableEnumerablePropertySourceWrapper
2020-09-01 16:54:44,643 [INFO] com.eglobal.ti.email.jar.AppInitializator [main] AppInitializator initialization logic ...
2020-09-01 16:54:44,658 [INFO] com.ulisesbocchio.jasyptspringboot.resolver.DefaultLazyPropertyResolver [main] Property Resolver custom Bean not found with name 'encryptablePropertyResolver'. Initializing Default Property Resolver
2020-09-01 16:54:44,668 [INFO] com.ulisesbocchio.jasyptspringboot.detector.DefaultLazyPropertyDetector [main] Property Detector custom Bean not found with name 'encryptablePropertyDetector'. Initializing Default Property Detector
2020-09-01 16:54:44,685 [INFO] com.eglobal.ti.email.jar.InitApplication [main] InitApplication initialization logic ...
2020-09-01 16:54:45,389 [INFO] org.springframework.boot.StartupInfoLogger [main] Started AppLauncher in 2.891 seconds (JVM running for 3.573)
2020-09-01 16:54:45,393 [INFO] com.eglobal.ti.email.jar.AppLauncher [main] Application started with arguments: 20200901
2020-09-01 16:54:45,395 [INFO] com.eglobal.ti.email.jar.service.impl.InitApplicationServiceImpl [main] *********** VALIDACIÓN DE PARÁMETROS ***********
2020-09-01 16:54:45,471 [INFO] com.eglobal.ti.email.jar.service.impl.ConectFechaServiceIml [main] ***INICIA CONEXION Y ENVIO DE DATOS A Obtener Parametros: {"fechaSol":"20200901"}
2020-09-01 16:54:46,162 [INFO] com.eglobal.ti.email.jar.service.impl.ConectZipServiceImpl [main] ***INICIA CONEXION Y ENVIO DE DATOS A excel-api: [{"tpformato":0,"fechaSol":"20200901","filtroPorGrupo":"0","numeroGrupo":1548,"afiliacion":4918405,"tipotramite":8},{"tpformato":0,"fechaSol":"20200901","filtroPorGrupo":"0","numeroGrupo":1548,"afiliacion":4918405,"tipotramite":8}]
2020-09-01 17:13:01,040 [INFO] org.springframework.boot.StartupInfoLogger [main] Starting AppLauncher on DESKTOP-25D6UP4 with PID 7636 (C:\Users\Emmanuel\Documents\email-jar\target\classes started by Emmanuel in C:\Users\Emmanuel\Documents\email-jar)
2020-09-01 17:13:01,045 [INFO] org.springframework.boot.SpringApplication [main] No active profile set, falling back to default profiles: default
2020-09-01 17:13:02,140 [INFO] com.ulisesbocchio.jasyptspringboot.configuration.EnableEncryptablePropertiesBeanFactoryPostProcessor [main] Post-processing PropertySource instances
2020-09-01 17:13:02,256 [INFO] com.ulisesbocchio.jasyptspringboot.EncryptablePropertySourceConverter [main] Converting PropertySource configurationProperties [org.springframework.boot.context.properties.source.ConfigurationPropertySourcesPropertySource] to AOP Proxy
2020-09-01 17:13:02,259 [INFO] com.ulisesbocchio.jasyptspringboot.EncryptablePropertySourceConverter [main] Converting PropertySource commandLineArgs [org.springframework.core.env.SimpleCommandLinePropertySource] to EncryptableEnumerablePropertySourceWrapper
2020-09-01 17:13:02,260 [INFO] com.ulisesbocchio.jasyptspringboot.EncryptablePropertySourceConverter [main] Converting PropertySource systemProperties [org.springframework.core.env.MapPropertySource] to EncryptableMapPropertySourceWrapper
2020-09-01 17:13:02,261 [INFO] com.ulisesbocchio.jasyptspringboot.EncryptablePropertySourceConverter [main] Converting PropertySource systemEnvironment [org.springframework.boot.env.SystemEnvironmentPropertySourceEnvironmentPostProcessor$OriginAwareSystemEnvironmentPropertySource] to EncryptableMapPropertySourceWrapper
2020-09-01 17:13:02,262 [INFO] com.ulisesbocchio.jasyptspringboot.EncryptablePropertySourceConverter [main] Converting PropertySource random [org.springframework.boot.env.RandomValuePropertySource] to EncryptablePropertySourceWrapper
2020-09-01 17:13:02,263 [INFO] com.ulisesbocchio.jasyptspringboot.EncryptablePropertySourceConverter [main] Converting PropertySource URL [file:C:/Users/Emmanuel/Documents/eglobal/email-jar-config.properties] [org.springframework.core.env.CompositePropertySource] to EncryptableEnumerablePropertySourceWrapper
2020-09-01 17:13:02,370 [INFO] com.eglobal.ti.email.jar.AppInitializator [main] AppInitializator initialization logic ...
2020-09-01 17:13:02,382 [INFO] com.ulisesbocchio.jasyptspringboot.resolver.DefaultLazyPropertyResolver [main] Property Resolver custom Bean not found with name 'encryptablePropertyResolver'. Initializing Default Property Resolver
2020-09-01 17:13:02,385 [INFO] com.ulisesbocchio.jasyptspringboot.detector.DefaultLazyPropertyDetector [main] Property Detector custom Bean not found with name 'encryptablePropertyDetector'. Initializing Default Property Detector
2020-09-01 17:13:02,399 [INFO] com.eglobal.ti.email.jar.InitApplication [main] InitApplication initialization logic ...
2020-09-01 17:13:03,023 [INFO] org.springframework.boot.StartupInfoLogger [main] Started AppLauncher in 2.638 seconds (JVM running for 3.224)
2020-09-01 17:13:03,028 [INFO] com.eglobal.ti.email.jar.AppLauncher [main] Application started with arguments: 20200902
2020-09-01 17:13:03,030 [INFO] com.eglobal.ti.email.jar.service.impl.InitApplicationServiceImpl [main] *********** VALIDACIÓN DE PARÁMETROS ***********
2020-09-01 17:13:03,115 [INFO] com.eglobal.ti.email.jar.service.impl.ConectFechaServiceIml [main] ***INICIA CONEXION Y ENVIO DE DATOS A Obtener Parametros: {"fechaSol":"20200902"}
2020-09-01 17:13:03,767 [INFO] com.eglobal.ti.email.jar.service.impl.ConectZipServiceImpl [main] ***INICIA CONEXION Y ENVIO DE DATOS A excel-api: [{"tpformato":1,"fechaSol":"20200902","numeroGrupo":1548,"afiliacion":4918405,"tipotramite":8,"filtroPorGrupo":"0"}]
2020-09-01 17:17:21,933 [ERROR] com.eglobal.ti.email.jar.service.impl.ConectZipServiceImpl [main] El servicio de generacion de ZIP y Envio de correo no esta disponible: I/O error on POST request for "http://localhost:8080/excel-api/ObtieneZip": Unexpected end of file from server; nested exception is java.net.SocketException: Unexpected end of file from server
2020-09-01 17:43:59,092 [INFO] org.springframework.boot.StartupInfoLogger [main] Starting AppLauncher on DESKTOP-25D6UP4 with PID 7896 (C:\Users\Emmanuel\Documents\email-jar\target\classes started by Emmanuel in C:\Users\Emmanuel\Documents\email-jar)
2020-09-01 17:43:59,099 [INFO] org.springframework.boot.SpringApplication [main] No active profile set, falling back to default profiles: default
2020-09-01 17:44:00,259 [INFO] com.ulisesbocchio.jasyptspringboot.configuration.EnableEncryptablePropertiesBeanFactoryPostProcessor [main] Post-processing PropertySource instances
2020-09-01 17:44:00,361 [INFO] com.ulisesbocchio.jasyptspringboot.EncryptablePropertySourceConverter [main] Converting PropertySource configurationProperties [org.springframework.boot.context.properties.source.ConfigurationPropertySourcesPropertySource] to AOP Proxy
2020-09-01 17:44:00,364 [INFO] com.ulisesbocchio.jasyptspringboot.EncryptablePropertySourceConverter [main] Converting PropertySource commandLineArgs [org.springframework.core.env.SimpleCommandLinePropertySource] to EncryptableEnumerablePropertySourceWrapper
2020-09-01 17:44:00,366 [INFO] com.ulisesbocchio.jasyptspringboot.EncryptablePropertySourceConverter [main] Converting PropertySource systemProperties [org.springframework.core.env.MapPropertySource] to EncryptableMapPropertySourceWrapper
2020-09-01 17:44:00,367 [INFO] com.ulisesbocchio.jasyptspringboot.EncryptablePropertySourceConverter [main] Converting PropertySource systemEnvironment [org.springframework.boot.env.SystemEnvironmentPropertySourceEnvironmentPostProcessor$OriginAwareSystemEnvironmentPropertySource] to EncryptableMapPropertySourceWrapper
2020-09-01 17:44:00,368 [INFO] com.ulisesbocchio.jasyptspringboot.EncryptablePropertySourceConverter [main] Converting PropertySource random [org.springframework.boot.env.RandomValuePropertySource] to EncryptablePropertySourceWrapper
2020-09-01 17:44:00,368 [INFO] com.ulisesbocchio.jasyptspringboot.EncryptablePropertySourceConverter [main] Converting PropertySource URL [file:C:/Users/Emmanuel/Documents/eglobal/email-jar-config.properties] [org.springframework.core.env.CompositePropertySource] to EncryptableEnumerablePropertySourceWrapper
2020-09-01 17:44:00,449 [INFO] com.eglobal.ti.email.jar.AppInitializator [main] AppInitializator initialization logic ...
2020-09-01 17:44:00,456 [INFO] com.ulisesbocchio.jasyptspringboot.resolver.DefaultLazyPropertyResolver [main] Property Resolver custom Bean not found with name 'encryptablePropertyResolver'. Initializing Default Property Resolver
2020-09-01 17:44:00,461 [INFO] com.ulisesbocchio.jasyptspringboot.detector.DefaultLazyPropertyDetector [main] Property Detector custom Bean not found with name 'encryptablePropertyDetector'. Initializing Default Property Detector
2020-09-01 17:44:00,469 [INFO] com.eglobal.ti.email.jar.InitApplication [main] InitApplication initialization logic ...
2020-09-01 17:44:01,009 [INFO] org.springframework.boot.StartupInfoLogger [main] Started AppLauncher in 2.658 seconds (JVM running for 3.335)
2020-09-01 17:44:01,012 [INFO] com.eglobal.ti.email.jar.AppLauncher [main] Application started with arguments: 20200902
2020-09-01 17:44:01,014 [INFO] com.eglobal.ti.email.jar.service.impl.InitApplicationServiceImpl [main] *********** VALIDACIÓN DE PARÁMETROS ***********
2020-09-01 17:44:01,100 [INFO] com.eglobal.ti.email.jar.service.impl.ConectFechaServiceIml [main] ***INICIA CONEXION Y ENVIO DE DATOS A Obtener Parametros: {"fechaSol":"20200902"}
2020-09-01 17:44:02,755 [INFO] com.eglobal.ti.email.jar.service.impl.ConectZipServiceImpl [main] ***INICIA CONEXION Y ENVIO DE DATOS A excel-api: [{"tpformato":1,"fechaSol":"20200902","filtroPorGrupo":"0","afiliacion":4918405,"tipotramite":8,"numeroGrupo":1548}]
2020-09-01 17:49:34,069 [ERROR] com.eglobal.ti.email.jar.service.impl.ConectZipServiceImpl [main] El servicio de generacion de ZIP y Envio de correo no esta disponible: I/O error on POST request for "http://localhost:8080/excel-api/ObtieneZip": Unexpected end of file from server; nested exception is java.net.SocketException: Unexpected end of file from server
2020-09-01 17:51:17,218 [INFO] org.springframework.boot.StartupInfoLogger [main] Starting AppLauncher on DESKTOP-25D6UP4 with PID 15216 (C:\Users\Emmanuel\Documents\email-jar\target\classes started by Emmanuel in C:\Users\Emmanuel\Documents\email-jar)
2020-09-01 17:51:17,222 [INFO] org.springframework.boot.SpringApplication [main] No active profile set, falling back to default profiles: default
2020-09-01 17:51:18,224 [INFO] com.ulisesbocchio.jasyptspringboot.configuration.EnableEncryptablePropertiesBeanFactoryPostProcessor [main] Post-processing PropertySource instances
2020-09-01 17:51:18,319 [INFO] com.ulisesbocchio.jasyptspringboot.EncryptablePropertySourceConverter [main] Converting PropertySource configurationProperties [org.springframework.boot.context.properties.source.ConfigurationPropertySourcesPropertySource] to AOP Proxy
2020-09-01 17:51:18,321 [INFO] com.ulisesbocchio.jasyptspringboot.EncryptablePropertySourceConverter [main] Converting PropertySource commandLineArgs [org.springframework.core.env.SimpleCommandLinePropertySource] to EncryptableEnumerablePropertySourceWrapper
2020-09-01 17:51:18,322 [INFO] com.ulisesbocchio.jasyptspringboot.EncryptablePropertySourceConverter [main] Converting PropertySource systemProperties [org.springframework.core.env.MapPropertySource] to EncryptableMapPropertySourceWrapper
2020-09-01 17:51:18,322 [INFO] com.ulisesbocchio.jasyptspringboot.EncryptablePropertySourceConverter [main] Converting PropertySource systemEnvironment [org.springframework.boot.env.SystemEnvironmentPropertySourceEnvironmentPostProcessor$OriginAwareSystemEnvironmentPropertySource] to EncryptableMapPropertySourceWrapper
2020-09-01 17:51:18,322 [INFO] com.ulisesbocchio.jasyptspringboot.EncryptablePropertySourceConverter [main] Converting PropertySource random [org.springframework.boot.env.RandomValuePropertySource] to EncryptablePropertySourceWrapper
2020-09-01 17:51:18,323 [INFO] com.ulisesbocchio.jasyptspringboot.EncryptablePropertySourceConverter [main] Converting PropertySource URL [file:C:/Users/Emmanuel/Documents/eglobal/email-jar-config.properties] [org.springframework.core.env.CompositePropertySource] to EncryptableEnumerablePropertySourceWrapper
2020-09-01 17:51:18,415 [INFO] com.eglobal.ti.email.jar.AppInitializator [main] AppInitializator initialization logic ...
2020-09-01 17:51:18,423 [INFO] com.ulisesbocchio.jasyptspringboot.resolver.DefaultLazyPropertyResolver [main] Property Resolver custom Bean not found with name 'encryptablePropertyResolver'. Initializing Default Property Resolver
2020-09-01 17:51:18,428 [INFO] com.ulisesbocchio.jasyptspringboot.detector.DefaultLazyPropertyDetector [main] Property Detector custom Bean not found with name 'encryptablePropertyDetector'. Initializing Default Property Detector
2020-09-01 17:51:18,434 [INFO] com.eglobal.ti.email.jar.InitApplication [main] InitApplication initialization logic ...
2020-09-01 17:51:19,001 [INFO] org.springframework.boot.StartupInfoLogger [main] Started AppLauncher in 2.464 seconds (JVM running for 3.095)
2020-09-01 17:51:19,004 [INFO] com.eglobal.ti.email.jar.AppLauncher [main] Application started with arguments: 20200902
2020-09-01 17:51:19,007 [INFO] com.eglobal.ti.email.jar.service.impl.InitApplicationServiceImpl [main] *********** VALIDACIÓN DE PARÁMETROS ***********
2020-09-01 17:51:19,070 [INFO] com.eglobal.ti.email.jar.service.impl.ConectFechaServiceIml [main] ***INICIA CONEXION Y ENVIO DE DATOS A Obtener Parametros: {"fechaSol":"20200902"}
2020-09-01 17:51:20,475 [INFO] com.eglobal.ti.email.jar.service.impl.ConectZipServiceImpl [main] ***INICIA CONEXION Y ENVIO DE DATOS A excel-api: [{"tpformato":1,"fechaSol":"20200902","afiliacion":4918405,"tipotramite":8,"numeroGrupo":1548,"filtroPorGrupo":"0"}]
2020-09-01 17:52:21,705 [ERROR] com.eglobal.ti.email.jar.service.impl.ConectZipServiceImpl [main] El servicio de generacion de ZIP y Envio de correo no esta disponible: I/O error on POST request for "http://localhost:8080/excel-api/ObtieneZip": Connection reset; nested exception is java.net.SocketException: Connection reset
2020-09-01 17:53:57,608 [INFO] org.springframework.boot.StartupInfoLogger [main] Starting AppLauncher on DESKTOP-25D6UP4 with PID 14380 (C:\Users\Emmanuel\Documents\email-jar\target\classes started by Emmanuel in C:\Users\Emmanuel\Documents\email-jar)
2020-09-01 17:53:57,611 [INFO] org.springframework.boot.SpringApplication [main] No active profile set, falling back to default profiles: default
2020-09-01 17:53:58,518 [INFO] com.ulisesbocchio.jasyptspringboot.configuration.EnableEncryptablePropertiesBeanFactoryPostProcessor [main] Post-processing PropertySource instances
2020-09-01 17:53:58,594 [INFO] com.ulisesbocchio.jasyptspringboot.EncryptablePropertySourceConverter [main] Converting PropertySource configurationProperties [org.springframework.boot.context.properties.source.ConfigurationPropertySourcesPropertySource] to AOP Proxy
2020-09-01 17:53:58,597 [INFO] com.ulisesbocchio.jasyptspringboot.EncryptablePropertySourceConverter [main] Converting PropertySource commandLineArgs [org.springframework.core.env.SimpleCommandLinePropertySource] to EncryptableEnumerablePropertySourceWrapper
2020-09-01 17:53:58,597 [INFO] com.ulisesbocchio.jasyptspringboot.EncryptablePropertySourceConverter [main] Converting PropertySource systemProperties [org.springframework.core.env.MapPropertySource] to EncryptableMapPropertySourceWrapper
2020-09-01 17:53:58,598 [INFO] com.ulisesbocchio.jasyptspringboot.EncryptablePropertySourceConverter [main] Converting PropertySource systemEnvironment [org.springframework.boot.env.SystemEnvironmentPropertySourceEnvironmentPostProcessor$OriginAwareSystemEnvironmentPropertySource] to EncryptableMapPropertySourceWrapper
2020-09-01 17:53:58,598 [INFO] com.ulisesbocchio.jasyptspringboot.EncryptablePropertySourceConverter [main] Converting PropertySource random [org.springframework.boot.env.RandomValuePropertySource] to EncryptablePropertySourceWrapper
2020-09-01 17:53:58,598 [INFO] com.ulisesbocchio.jasyptspringboot.EncryptablePropertySourceConverter [main] Converting PropertySource URL [file:C:/Users/Emmanuel/Documents/eglobal/email-jar-config.properties] [org.springframework.core.env.CompositePropertySource] to EncryptableEnumerablePropertySourceWrapper
2020-09-01 17:53:58,676 [INFO] com.eglobal.ti.email.jar.AppInitializator [main] AppInitializator initialization logic ...
2020-09-01 17:53:58,682 [INFO] com.ulisesbocchio.jasyptspringboot.resolver.DefaultLazyPropertyResolver [main] Property Resolver custom Bean not found with name 'encryptablePropertyResolver'. Initializing Default Property Resolver
2020-09-01 17:53:58,686 [INFO] com.ulisesbocchio.jasyptspringboot.detector.DefaultLazyPropertyDetector [main] Property Detector custom Bean not found with name 'encryptablePropertyDetector'. Initializing Default Property Detector
2020-09-01 17:53:58,693 [INFO] com.eglobal.ti.email.jar.InitApplication [main] InitApplication initialization logic ...
2020-09-01 17:53:59,306 [INFO] org.springframework.boot.StartupInfoLogger [main] Started AppLauncher in 2.303 seconds (JVM running for 2.872)
2020-09-01 17:53:59,311 [INFO] com.eglobal.ti.email.jar.AppLauncher [main] Application started with arguments: 20200902
2020-09-01 17:53:59,314 [INFO] com.eglobal.ti.email.jar.service.impl.InitApplicationServiceImpl [main] *********** VALIDACIÓN DE PARÁMETROS ***********
2020-09-01 17:53:59,425 [INFO] com.eglobal.ti.email.jar.service.impl.ConectFechaServiceIml [main] ***INICIA CONEXION Y ENVIO DE DATOS A Obtener Parametros: {"fechaSol":"20200902"}
2020-09-01 17:54:00,971 [INFO] com.eglobal.ti.email.jar.service.impl.ConectZipServiceImpl [main] ***INICIA CONEXION Y ENVIO DE DATOS A excel-api: [{"tpformato":1,"fechaSol":"20200902","filtroPorGrupo":"0","numeroGrupo":1548,"tipotramite":8,"afiliacion":4918405}]
2020-09-01 18:04:29,420 [INFO] org.springframework.boot.StartupInfoLogger [main] Starting AppLauncher on DESKTOP-25D6UP4 with PID 8348 (C:\Users\Emmanuel\Documents\email-jar\target\classes started by Emmanuel in C:\Users\Emmanuel\Documents\email-jar)
2020-09-01 18:04:29,424 [INFO] org.springframework.boot.SpringApplication [main] No active profile set, falling back to default profiles: default
2020-09-01 18:04:30,721 [INFO] com.ulisesbocchio.jasyptspringboot.configuration.EnableEncryptablePropertiesBeanFactoryPostProcessor [main] Post-processing PropertySource instances
2020-09-01 18:04:30,875 [INFO] com.ulisesbocchio.jasyptspringboot.EncryptablePropertySourceConverter [main] Converting PropertySource configurationProperties [org.springframework.boot.context.properties.source.ConfigurationPropertySourcesPropertySource] to AOP Proxy
2020-09-01 18:04:30,880 [INFO] com.ulisesbocchio.jasyptspringboot.EncryptablePropertySourceConverter [main] Converting PropertySource commandLineArgs [org.springframework.core.env.SimpleCommandLinePropertySource] to EncryptableEnumerablePropertySourceWrapper
2020-09-01 18:04:30,881 [INFO] com.ulisesbocchio.jasyptspringboot.EncryptablePropertySourceConverter [main] Converting PropertySource systemProperties [org.springframework.core.env.MapPropertySource] to EncryptableMapPropertySourceWrapper
2020-09-01 18:04:30,882 [INFO] com.ulisesbocchio.jasyptspringboot.EncryptablePropertySourceConverter [main] Converting PropertySource systemEnvironment [org.springframework.boot.env.SystemEnvironmentPropertySourceEnvironmentPostProcessor$OriginAwareSystemEnvironmentPropertySource] to EncryptableMapPropertySourceWrapper
2020-09-01 18:04:30,883 [INFO] com.ulisesbocchio.jasyptspringboot.EncryptablePropertySourceConverter [main] Converting PropertySource random [org.springframework.boot.env.RandomValuePropertySource] to EncryptablePropertySourceWrapper
2020-09-01 18:04:30,883 [INFO] com.ulisesbocchio.jasyptspringboot.EncryptablePropertySourceConverter [main] Converting PropertySource URL [file:C:/Users/Emmanuel/Documents/eglobal/email-jar-config.properties] [org.springframework.core.env.CompositePropertySource] to EncryptableEnumerablePropertySourceWrapper
2020-09-01 18:04:31,000 [INFO] com.eglobal.ti.email.jar.AppInitializator [main] AppInitializator initialization logic ...
2020-09-01 18:04:31,007 [INFO] com.ulisesbocchio.jasyptspringboot.resolver.DefaultLazyPropertyResolver [main] Property Resolver custom Bean not found with name 'encryptablePropertyResolver'. Initializing Default Property Resolver
2020-09-01 18:04:31,014 [INFO] com.ulisesbocchio.jasyptspringboot.detector.DefaultLazyPropertyDetector [main] Property Detector custom Bean not found with name 'encryptablePropertyDetector'. Initializing Default Property Detector
2020-09-01 18:04:31,029 [INFO] com.eglobal.ti.email.jar.InitApplication [main] InitApplication initialization logic ...
2020-09-01 18:04:32,191 [INFO] org.springframework.boot.StartupInfoLogger [main] Started AppLauncher in 3.555 seconds (JVM running for 4.362)
2020-09-01 18:04:32,195 [INFO] com.eglobal.ti.email.jar.AppLauncher [main] Application started with arguments: 20200902
2020-09-01 18:04:32,198 [INFO] com.eglobal.ti.email.jar.service.impl.InitApplicationServiceImpl [main] *********** VALIDACIÓN DE PARÁMETROS ***********
2020-09-01 18:04:32,292 [INFO] com.eglobal.ti.email.jar.service.impl.ConectFechaServiceIml [main] ***INICIA CONEXION Y ENVIO DE DATOS A Obtener Parametros: {"fechaSol":"20200902"}
2020-09-01 18:04:35,181 [INFO] com.eglobal.ti.email.jar.service.impl.ConectZipServiceImpl [main] ***INICIA CONEXION Y ENVIO DE DATOS A excel-api: [{"tpformato":1,"fechaSol":"20200902","filtroPorGrupo":"0","numeroGrupo":1548,"afiliacion":4918405,"tipotramite":8}]
2020-09-01 19:10:17,632 [INFO] org.springframework.boot.StartupInfoLogger [main] Starting AppLauncher on DESKTOP-25D6UP4 with PID 10732 (C:\Users\Emmanuel\Documents\email-jar\target\classes started by Emmanuel in C:\Users\Emmanuel\Documents\email-jar)
2020-09-01 19:10:17,636 [INFO] org.springframework.boot.SpringApplication [main] No active profile set, falling back to default profiles: default
2020-09-01 19:10:18,758 [INFO] com.ulisesbocchio.jasyptspringboot.configuration.EnableEncryptablePropertiesBeanFactoryPostProcessor [main] Post-processing PropertySource instances
2020-09-01 19:10:18,847 [INFO] com.ulisesbocchio.jasyptspringboot.EncryptablePropertySourceConverter [main] Converting PropertySource configurationProperties [org.springframework.boot.context.properties.source.ConfigurationPropertySourcesPropertySource] to AOP Proxy
2020-09-01 19:10:18,850 [INFO] com.ulisesbocchio.jasyptspringboot.EncryptablePropertySourceConverter [main] Converting PropertySource commandLineArgs [org.springframework.core.env.SimpleCommandLinePropertySource] to EncryptableEnumerablePropertySourceWrapper
2020-09-01 19:10:18,850 [INFO] com.ulisesbocchio.jasyptspringboot.EncryptablePropertySourceConverter [main] Converting PropertySource systemProperties [org.springframework.core.env.MapPropertySource] to EncryptableMapPropertySourceWrapper
2020-09-01 19:10:18,851 [INFO] com.ulisesbocchio.jasyptspringboot.EncryptablePropertySourceConverter [main] Converting PropertySource systemEnvironment [org.springframework.boot.env.SystemEnvironmentPropertySourceEnvironmentPostProcessor$OriginAwareSystemEnvironmentPropertySource] to EncryptableMapPropertySourceWrapper
2020-09-01 19:10:18,852 [INFO] com.ulisesbocchio.jasyptspringboot.EncryptablePropertySourceConverter [main] Converting PropertySource random [org.springframework.boot.env.RandomValuePropertySource] to EncryptablePropertySourceWrapper
2020-09-01 19:10:18,852 [INFO] com.ulisesbocchio.jasyptspringboot.EncryptablePropertySourceConverter [main] Converting PropertySource URL [file:C:/Users/Emmanuel/Documents/eglobal/email-jar-config.properties] [org.springframework.core.env.CompositePropertySource] to EncryptableEnumerablePropertySourceWrapper
2020-09-01 19:10:18,928 [INFO] com.eglobal.ti.email.jar.AppInitializator [main] AppInitializator initialization logic ...
2020-09-01 19:10:18,934 [INFO] com.ulisesbocchio.jasyptspringboot.resolver.DefaultLazyPropertyResolver [main] Property Resolver custom Bean not found with name 'encryptablePropertyResolver'. Initializing Default Property Resolver
2020-09-01 19:10:18,938 [INFO] com.ulisesbocchio.jasyptspringboot.detector.DefaultLazyPropertyDetector [main] Property Detector custom Bean not found with name 'encryptablePropertyDetector'. Initializing Default Property Detector
2020-09-01 19:10:18,945 [INFO] com.eglobal.ti.email.jar.InitApplication [main] InitApplication initialization logic ...
2020-09-01 19:10:19,491 [INFO] org.springframework.boot.StartupInfoLogger [main] Started AppLauncher in 2.521 seconds (JVM running for 3.083)
2020-09-01 19:10:19,495 [INFO] com.eglobal.ti.email.jar.AppLauncher [main] Application started with arguments: 20200902
2020-09-01 19:10:19,498 [INFO] com.eglobal.ti.email.jar.service.impl.InitApplicationServiceImpl [main] *********** VALIDACIÓN DE PARÁMETROS ***********
2020-09-01 19:10:19,584 [INFO] com.eglobal.ti.email.jar.service.impl.ConectFechaServiceIml [main] ***INICIA CONEXION Y ENVIO DE DATOS A Obtener Parametros: {"fechaSol":"20200902"}
2020-09-01 19:10:22,354 [INFO] com.eglobal.ti.email.jar.service.impl.ConectZipServiceImpl [main] ***INICIA CONEXION Y ENVIO DE DATOS A excel-api: [{"tpformato":1,"fechaSol":"20200902","filtroPorGrupo":"0","tipotramite":8,"numeroGrupo":1548,"afiliacion":4918405}]
2020-09-01 19:27:24,270 [INFO] org.springframework.boot.StartupInfoLogger [main] Starting AppLauncher on DESKTOP-25D6UP4 with PID 18744 (C:\Users\Emmanuel\Documents\email-jar\target\classes started by Emmanuel in C:\Users\Emmanuel\Documents\email-jar)
2020-09-01 19:27:24,274 [INFO] org.springframework.boot.SpringApplication [main] No active profile set, falling back to default profiles: default
2020-09-01 19:27:25,659 [INFO] com.ulisesbocchio.jasyptspringboot.configuration.EnableEncryptablePropertiesBeanFactoryPostProcessor [main] Post-processing PropertySource instances
2020-09-01 19:27:25,783 [INFO] com.ulisesbocchio.jasyptspringboot.EncryptablePropertySourceConverter [main] Converting PropertySource configurationProperties [org.springframework.boot.context.properties.source.ConfigurationPropertySourcesPropertySource] to AOP Proxy
2020-09-01 19:27:25,787 [INFO] com.ulisesbocchio.jasyptspringboot.EncryptablePropertySourceConverter [main] Converting PropertySource commandLineArgs [org.springframework.core.env.SimpleCommandLinePropertySource] to EncryptableEnumerablePropertySourceWrapper
2020-09-01 19:27:25,787 [INFO] com.ulisesbocchio.jasyptspringboot.EncryptablePropertySourceConverter [main] Converting PropertySource systemProperties [org.springframework.core.env.MapPropertySource] to EncryptableMapPropertySourceWrapper
2020-09-01 19:27:25,788 [INFO] com.ulisesbocchio.jasyptspringboot.EncryptablePropertySourceConverter [main] Converting PropertySource systemEnvironment [org.springframework.boot.env.SystemEnvironmentPropertySourceEnvironmentPostProcessor$OriginAwareSystemEnvironmentPropertySource] to EncryptableMapPropertySourceWrapper
2020-09-01 19:27:25,788 [INFO] com.ulisesbocchio.jasyptspringboot.EncryptablePropertySourceConverter [main] Converting PropertySource random [org.springframework.boot.env.RandomValuePropertySource] to EncryptablePropertySourceWrapper
2020-09-01 19:27:25,789 [INFO] com.ulisesbocchio.jasyptspringboot.EncryptablePropertySourceConverter [main] Converting PropertySource URL [file:C:/Users/Emmanuel/Documents/eglobal/email-jar-config.properties] [org.springframework.core.env.CompositePropertySource] to EncryptableEnumerablePropertySourceWrapper
2020-09-01 19:27:25,870 [INFO] com.eglobal.ti.email.jar.AppInitializator [main] AppInitializator initialization logic ...
2020-09-01 19:27:25,876 [INFO] com.ulisesbocchio.jasyptspringboot.resolver.DefaultLazyPropertyResolver [main] Property Resolver custom Bean not found with name 'encryptablePropertyResolver'. Initializing Default Property Resolver
2020-09-01 19:27:25,880 [INFO] com.ulisesbocchio.jasyptspringboot.detector.DefaultLazyPropertyDetector [main] Property Detector custom Bean not found with name 'encryptablePropertyDetector'. Initializing Default Property Detector
2020-09-01 19:27:25,896 [INFO] com.eglobal.ti.email.jar.InitApplication [main] InitApplication initialization logic ...
2020-09-01 19:27:26,622 [INFO] org.springframework.boot.StartupInfoLogger [main] Started AppLauncher in 3.121 seconds (JVM running for 3.856)
2020-09-01 19:27:26,625 [INFO] com.eglobal.ti.email.jar.AppLauncher [main] Application started with arguments: 20200902
2020-09-01 19:27:26,627 [INFO] com.eglobal.ti.email.jar.service.impl.InitApplicationServiceImpl [main] *********** VALIDACIÓN DE PARÁMETROS ***********
2020-09-01 19:27:26,697 [INFO] com.eglobal.ti.email.jar.service.impl.ConectFechaServiceIml [main] ***INICIA CONEXION Y ENVIO DE DATOS A Obtener Parametros: {"fechaSol":"20200902"}
2020-09-01 19:27:29,285 [INFO] com.eglobal.ti.email.jar.service.impl.ConectZipServiceImpl [main] ***INICIA CONEXION Y ENVIO DE DATOS A excel-api: [{"tpformato":1,"fechaSol":"20200902","filtroPorGrupo":"0","tipotramite":8,"numeroGrupo":1548,"afiliacion":4918405}]
2020-09-01 19:45:11,867 [INFO] org.springframework.boot.StartupInfoLogger [main] Starting AppLauncher on DESKTOP-25D6UP4 with PID 5480 (C:\Users\Emmanuel\Documents\email-jar\target\classes started by Emmanuel in C:\Users\Emmanuel\Documents\email-jar)
2020-09-01 19:45:11,872 [INFO] org.springframework.boot.SpringApplication [main] No active profile set, falling back to default profiles: default
2020-09-01 19:45:12,731 [INFO] com.ulisesbocchio.jasyptspringboot.configuration.EnableEncryptablePropertiesBeanFactoryPostProcessor [main] Post-processing PropertySource instances
2020-09-01 19:45:12,818 [INFO] com.ulisesbocchio.jasyptspringboot.EncryptablePropertySourceConverter [main] Converting PropertySource configurationProperties [org.springframework.boot.context.properties.source.ConfigurationPropertySourcesPropertySource] to AOP Proxy
2020-09-01 19:45:12,820 [INFO] com.ulisesbocchio.jasyptspringboot.EncryptablePropertySourceConverter [main] Converting PropertySource commandLineArgs [org.springframework.core.env.SimpleCommandLinePropertySource] to EncryptableEnumerablePropertySourceWrapper
2020-09-01 19:45:12,820 [INFO] com.ulisesbocchio.jasyptspringboot.EncryptablePropertySourceConverter [main] Converting PropertySource systemProperties [org.springframework.core.env.MapPropertySource] to EncryptableMapPropertySourceWrapper
2020-09-01 19:45:12,820 [INFO] com.ulisesbocchio.jasyptspringboot.EncryptablePropertySourceConverter [main] Converting PropertySource systemEnvironment [org.springframework.boot.env.SystemEnvironmentPropertySourceEnvironmentPostProcessor$OriginAwareSystemEnvironmentPropertySource] to EncryptableMapPropertySourceWrapper
2020-09-01 19:45:12,820 [INFO] com.ulisesbocchio.jasyptspringboot.EncryptablePropertySourceConverter [main] Converting PropertySource random [org.springframework.boot.env.RandomValuePropertySource] to EncryptablePropertySourceWrapper
2020-09-01 19:45:12,821 [INFO] com.ulisesbocchio.jasyptspringboot.EncryptablePropertySourceConverter [main] Converting PropertySource URL [file:C:/Users/Emmanuel/Documents/eglobal/email-jar-config.properties] [org.springframework.core.env.CompositePropertySource] to EncryptableEnumerablePropertySourceWrapper
2020-09-01 19:45:12,889 [INFO] com.eglobal.ti.email.jar.AppInitializator [main] AppInitializator initialization logic ...
2020-09-01 19:45:12,896 [INFO] com.ulisesbocchio.jasyptspringboot.resolver.DefaultLazyPropertyResolver [main] Property Resolver custom Bean not found with name 'encryptablePropertyResolver'. Initializing Default Property Resolver
2020-09-01 19:45:12,900 [INFO] com.ulisesbocchio.jasyptspringboot.detector.DefaultLazyPropertyDetector [main] Property Detector custom Bean not found with name 'encryptablePropertyDetector'. Initializing Default Property Detector
2020-09-01 19:45:12,908 [INFO] com.eglobal.ti.email.jar.InitApplication [main] InitApplication initialization logic ...
2020-09-01 19:45:13,342 [INFO] org.springframework.boot.StartupInfoLogger [main] Started AppLauncher in 2.043 seconds (JVM running for 2.57)
2020-09-01 19:45:13,349 [INFO] com.eglobal.ti.email.jar.AppLauncher [main] Application started with arguments: 20200902
2020-09-01 19:45:13,351 [INFO] com.eglobal.ti.email.jar.service.impl.InitApplicationServiceImpl [main] *********** VALIDACIÓN DE PARÁMETROS ***********
2020-09-01 19:45:13,420 [INFO] com.eglobal.ti.email.jar.service.impl.ConectFechaServiceIml [main] ***INICIA CONEXION Y ENVIO DE DATOS A Obtener Parametros: {"fechaSol":"20200902"}
2020-09-01 19:45:14,160 [INFO] com.eglobal.ti.email.jar.service.impl.ConectZipServiceImpl [main] ***INICIA CONEXION Y ENVIO DE DATOS A excel-api: [{"tpformato":1,"fechaSol":"20200902","tipotramite":9,"numeroGrupo":1548,"afiliacion":4918405,"filtroPorGrupo":"0"}]
