2020-09-09 12:40:12,382 [INFO] org.springframework.boot.StartupInfoLogger [main] Starting AppLauncher on DESKTOP-25D6UP4 with PID 3896 (C:\Users\Emmanuel\Documents\email-jar\target\classes started by Emmanuel in C:\Users\Emmanuel\Documents\email-jar)
2020-09-09 12:40:12,436 [INFO] org.springframework.boot.SpringApplication [main] No active profile set, falling back to default profiles: default
2020-09-09 12:40:13,777 [INFO] com.ulisesbocchio.jasyptspringboot.configuration.EnableEncryptablePropertiesBeanFactoryPostProcessor [main] Post-processing PropertySource instances
2020-09-09 12:40:13,882 [INFO] com.ulisesbocchio.jasyptspringboot.EncryptablePropertySourceConverter [main] Converting PropertySource configurationProperties [org.springframework.boot.context.properties.source.ConfigurationPropertySourcesPropertySource] to AOP Proxy
2020-09-09 12:40:13,887 [INFO] com.ulisesbocchio.jasyptspringboot.EncryptablePropertySourceConverter [main] Converting PropertySource commandLineArgs [org.springframework.core.env.SimpleCommandLinePropertySource] to EncryptableEnumerablePropertySourceWrapper
2020-09-09 12:40:13,888 [INFO] com.ulisesbocchio.jasyptspringboot.EncryptablePropertySourceConverter [main] Converting PropertySource systemProperties [org.springframework.core.env.MapPropertySource] to EncryptableMapPropertySourceWrapper
2020-09-09 12:40:13,889 [INFO] com.ulisesbocchio.jasyptspringboot.EncryptablePropertySourceConverter [main] Converting PropertySource systemEnvironment [org.springframework.boot.env.SystemEnvironmentPropertySourceEnvironmentPostProcessor$OriginAwareSystemEnvironmentPropertySource] to EncryptableMapPropertySourceWrapper
2020-09-09 12:40:13,889 [INFO] com.ulisesbocchio.jasyptspringboot.EncryptablePropertySourceConverter [main] Converting PropertySource random [org.springframework.boot.env.RandomValuePropertySource] to EncryptablePropertySourceWrapper
2020-09-09 12:40:13,890 [INFO] com.ulisesbocchio.jasyptspringboot.EncryptablePropertySourceConverter [main] Converting PropertySource URL [file:C:/Users/Emmanuel/Documents/eglobal/email-jar-config.properties] [org.springframework.core.env.CompositePropertySource] to EncryptableEnumerablePropertySourceWrapper
2020-09-09 12:40:13,982 [INFO] com.eglobal.ti.email.jar.AppInitializator [main] AppInitializator initialization logic ...
2020-09-09 12:40:13,990 [INFO] com.ulisesbocchio.jasyptspringboot.resolver.DefaultLazyPropertyResolver [main] Property Resolver custom Bean not found with name 'encryptablePropertyResolver'. Initializing Default Property Resolver
2020-09-09 12:40:13,995 [INFO] com.ulisesbocchio.jasyptspringboot.detector.DefaultLazyPropertyDetector [main] Property Detector custom Bean not found with name 'encryptablePropertyDetector'. Initializing Default Property Detector
2020-09-09 12:40:14,006 [INFO] com.eglobal.ti.email.jar.InitApplication [main] InitApplication initialization logic ...
2020-09-09 12:40:14,731 [INFO] org.springframework.boot.StartupInfoLogger [main] Started AppLauncher in 3.18 seconds (JVM running for 3.919)
2020-09-09 12:40:14,737 [INFO] com.eglobal.ti.email.jar.AppLauncher [main] Application started with arguments: 20200904
2020-09-09 12:40:14,739 [INFO] com.eglobal.ti.email.jar.service.impl.InitApplicationServiceImpl [main] *********** VALIDACIÓN DE PARÁMETROS ***********
2020-09-09 12:40:14,845 [INFO] com.eglobal.ti.email.jar.service.impl.ConectFechaServiceIml [main] ***INICIA CONEXION Y ENVIO DE DATOS A Obtener Parametros: {"fechaSol":"20200904"}
2020-09-09 12:40:16,086 [INFO] com.eglobal.ti.email.jar.service.impl.ConectZipServiceImpl [main] ***INICIA CONEXION Y ENVIO DE DATOS A excel-api: [{"tpformato":25,"fechaSol":"20200904","afiliacion":1234567,"tipotramite":5,"numeroGrupo":5693,"filtroPorGrupo":"0"}]
2020-09-09 12:45:58,991 [INFO] org.springframework.boot.StartupInfoLogger [main] Starting AppLauncher on DESKTOP-25D6UP4 with PID 15768 (C:\Users\Emmanuel\Documents\email-jar\target\classes started by Emmanuel in C:\Users\Emmanuel\Documents\email-jar)
2020-09-09 12:45:58,998 [INFO] org.springframework.boot.SpringApplication [main] No active profile set, falling back to default profiles: default
2020-09-09 12:46:00,017 [INFO] com.ulisesbocchio.jasyptspringboot.configuration.EnableEncryptablePropertiesBeanFactoryPostProcessor [main] Post-processing PropertySource instances
2020-09-09 12:46:00,208 [INFO] com.ulisesbocchio.jasyptspringboot.EncryptablePropertySourceConverter [main] Converting PropertySource configurationProperties [org.springframework.boot.context.properties.source.ConfigurationPropertySourcesPropertySource] to AOP Proxy
2020-09-09 12:46:00,210 [INFO] com.ulisesbocchio.jasyptspringboot.EncryptablePropertySourceConverter [main] Converting PropertySource commandLineArgs [org.springframework.core.env.SimpleCommandLinePropertySource] to EncryptableEnumerablePropertySourceWrapper
2020-09-09 12:46:00,210 [INFO] com.ulisesbocchio.jasyptspringboot.EncryptablePropertySourceConverter [main] Converting PropertySource systemProperties [org.springframework.core.env.MapPropertySource] to EncryptableMapPropertySourceWrapper
2020-09-09 12:46:00,211 [INFO] com.ulisesbocchio.jasyptspringboot.EncryptablePropertySourceConverter [main] Converting PropertySource systemEnvironment [org.springframework.boot.env.SystemEnvironmentPropertySourceEnvironmentPostProcessor$OriginAwareSystemEnvironmentPropertySource] to EncryptableMapPropertySourceWrapper
2020-09-09 12:46:00,211 [INFO] com.ulisesbocchio.jasyptspringboot.EncryptablePropertySourceConverter [main] Converting PropertySource random [org.springframework.boot.env.RandomValuePropertySource] to EncryptablePropertySourceWrapper
2020-09-09 12:46:00,211 [INFO] com.ulisesbocchio.jasyptspringboot.EncryptablePropertySourceConverter [main] Converting PropertySource URL [file:C:/Users/Emmanuel/Documents/eglobal/email-jar-config.properties] [org.springframework.core.env.CompositePropertySource] to EncryptableEnumerablePropertySourceWrapper
2020-09-09 12:46:00,354 [INFO] com.eglobal.ti.email.jar.AppInitializator [main] AppInitializator initialization logic ...
2020-09-09 12:46:00,361 [INFO] com.ulisesbocchio.jasyptspringboot.resolver.DefaultLazyPropertyResolver [main] Property Resolver custom Bean not found with name 'encryptablePropertyResolver'. Initializing Default Property Resolver
2020-09-09 12:46:00,367 [INFO] com.ulisesbocchio.jasyptspringboot.detector.DefaultLazyPropertyDetector [main] Property Detector custom Bean not found with name 'encryptablePropertyDetector'. Initializing Default Property Detector
2020-09-09 12:46:00,380 [INFO] com.eglobal.ti.email.jar.InitApplication [main] InitApplication initialization logic ...
2020-09-09 12:46:01,165 [INFO] org.springframework.boot.StartupInfoLogger [main] Started AppLauncher in 2.881 seconds (JVM running for 3.53)
2020-09-09 12:46:01,169 [INFO] com.eglobal.ti.email.jar.AppLauncher [main] Application started with arguments: 20200904
2020-09-09 12:46:01,171 [INFO] com.eglobal.ti.email.jar.service.impl.InitApplicationServiceImpl [main] *********** VALIDACIÓN DE PARÁMETROS ***********
2020-09-09 12:46:01,270 [INFO] com.eglobal.ti.email.jar.service.impl.ConectFechaServiceIml [main] ***INICIA CONEXION Y ENVIO DE DATOS A Obtener Parametros: {"fechaSol":"20200904"}
2020-09-09 12:46:01,974 [INFO] com.eglobal.ti.email.jar.service.impl.ConectZipServiceImpl [main] ***INICIA CONEXION Y ENVIO DE DATOS A excel-api: [{"tpformato":25,"fechaSol":"20200904","tipotramite":5,"numeroGrupo":5693,"afiliacion":1234567,"filtroPorGrupo":"0"}]
2020-09-09 12:53:01,889 [INFO] org.springframework.boot.StartupInfoLogger [main] Starting AppLauncher on DESKTOP-25D6UP4 with PID 20272 (C:\Users\Emmanuel\Documents\email-jar\target\classes started by Emmanuel in C:\Users\Emmanuel\Documents\email-jar)
2020-09-09 12:53:01,894 [INFO] org.springframework.boot.SpringApplication [main] No active profile set, falling back to default profiles: default
2020-09-09 12:53:02,879 [INFO] com.ulisesbocchio.jasyptspringboot.configuration.EnableEncryptablePropertiesBeanFactoryPostProcessor [main] Post-processing PropertySource instances
2020-09-09 12:53:02,979 [INFO] com.ulisesbocchio.jasyptspringboot.EncryptablePropertySourceConverter [main] Converting PropertySource configurationProperties [org.springframework.boot.context.properties.source.ConfigurationPropertySourcesPropertySource] to AOP Proxy
2020-09-09 12:53:02,987 [INFO] com.ulisesbocchio.jasyptspringboot.EncryptablePropertySourceConverter [main] Converting PropertySource commandLineArgs [org.springframework.core.env.SimpleCommandLinePropertySource] to EncryptableEnumerablePropertySourceWrapper
2020-09-09 12:53:02,987 [INFO] com.ulisesbocchio.jasyptspringboot.EncryptablePropertySourceConverter [main] Converting PropertySource systemProperties [org.springframework.core.env.MapPropertySource] to EncryptableMapPropertySourceWrapper
2020-09-09 12:53:02,988 [INFO] com.ulisesbocchio.jasyptspringboot.EncryptablePropertySourceConverter [main] Converting PropertySource systemEnvironment [org.springframework.boot.env.SystemEnvironmentPropertySourceEnvironmentPostProcessor$OriginAwareSystemEnvironmentPropertySource] to EncryptableMapPropertySourceWrapper
2020-09-09 12:53:02,989 [INFO] com.ulisesbocchio.jasyptspringboot.EncryptablePropertySourceConverter [main] Converting PropertySource random [org.springframework.boot.env.RandomValuePropertySource] to EncryptablePropertySourceWrapper
2020-09-09 12:53:02,990 [INFO] com.ulisesbocchio.jasyptspringboot.EncryptablePropertySourceConverter [main] Converting PropertySource URL [file:C:/Users/Emmanuel/Documents/eglobal/email-jar-config.properties] [org.springframework.core.env.CompositePropertySource] to EncryptableEnumerablePropertySourceWrapper
2020-09-09 12:53:03,072 [INFO] com.eglobal.ti.email.jar.AppInitializator [main] AppInitializator initialization logic ...
2020-09-09 12:53:03,079 [INFO] com.ulisesbocchio.jasyptspringboot.resolver.DefaultLazyPropertyResolver [main] Property Resolver custom Bean not found with name 'encryptablePropertyResolver'. Initializing Default Property Resolver
2020-09-09 12:53:03,083 [INFO] com.ulisesbocchio.jasyptspringboot.detector.DefaultLazyPropertyDetector [main] Property Detector custom Bean not found with name 'encryptablePropertyDetector'. Initializing Default Property Detector
2020-09-09 12:53:03,102 [INFO] com.eglobal.ti.email.jar.InitApplication [main] InitApplication initialization logic ...
2020-09-09 12:53:03,650 [INFO] org.springframework.boot.StartupInfoLogger [main] Started AppLauncher in 2.387 seconds (JVM running for 3.022)
2020-09-09 12:53:03,654 [INFO] com.eglobal.ti.email.jar.AppLauncher [main] Application started with arguments: 20200904
2020-09-09 12:53:03,656 [INFO] com.eglobal.ti.email.jar.service.impl.InitApplicationServiceImpl [main] *********** VALIDACIÓN DE PARÁMETROS ***********
2020-09-09 12:53:03,722 [INFO] com.eglobal.ti.email.jar.service.impl.ConectFechaServiceIml [main] ***INICIA CONEXION Y ENVIO DE DATOS A Obtener Parametros: {"fechaSol":"20200904"}
2020-09-09 12:53:04,303 [INFO] com.eglobal.ti.email.jar.service.impl.ConectZipServiceImpl [main] ***INICIA CONEXION Y ENVIO DE DATOS A excel-api: [{"tpformato":12,"fechaSol":"20200904","filtroPorGrupo":"0","afiliacion":1234567,"numeroGrupo":5693,"tipotramite":6}]
2020-09-09 12:55:40,855 [INFO] org.springframework.boot.StartupInfoLogger [main] Starting AppLauncher on DESKTOP-25D6UP4 with PID 9896 (C:\Users\Emmanuel\Documents\email-jar\target\classes started by Emmanuel in C:\Users\Emmanuel\Documents\email-jar)
2020-09-09 12:55:40,860 [INFO] org.springframework.boot.SpringApplication [main] No active profile set, falling back to default profiles: default
2020-09-09 12:55:42,044 [INFO] com.ulisesbocchio.jasyptspringboot.configuration.EnableEncryptablePropertiesBeanFactoryPostProcessor [main] Post-processing PropertySource instances
2020-09-09 12:55:42,144 [INFO] com.ulisesbocchio.jasyptspringboot.EncryptablePropertySourceConverter [main] Converting PropertySource configurationProperties [org.springframework.boot.context.properties.source.ConfigurationPropertySourcesPropertySource] to AOP Proxy
2020-09-09 12:55:42,147 [INFO] com.ulisesbocchio.jasyptspringboot.EncryptablePropertySourceConverter [main] Converting PropertySource commandLineArgs [org.springframework.core.env.SimpleCommandLinePropertySource] to EncryptableEnumerablePropertySourceWrapper
2020-09-09 12:55:42,148 [INFO] com.ulisesbocchio.jasyptspringboot.EncryptablePropertySourceConverter [main] Converting PropertySource systemProperties [org.springframework.core.env.MapPropertySource] to EncryptableMapPropertySourceWrapper
2020-09-09 12:55:42,149 [INFO] com.ulisesbocchio.jasyptspringboot.EncryptablePropertySourceConverter [main] Converting PropertySource systemEnvironment [org.springframework.boot.env.SystemEnvironmentPropertySourceEnvironmentPostProcessor$OriginAwareSystemEnvironmentPropertySource] to EncryptableMapPropertySourceWrapper
2020-09-09 12:55:42,149 [INFO] com.ulisesbocchio.jasyptspringboot.EncryptablePropertySourceConverter [main] Converting PropertySource random [org.springframework.boot.env.RandomValuePropertySource] to EncryptablePropertySourceWrapper
2020-09-09 12:55:42,149 [INFO] com.ulisesbocchio.jasyptspringboot.EncryptablePropertySourceConverter [main] Converting PropertySource URL [file:C:/Users/Emmanuel/Documents/eglobal/email-jar-config.properties] [org.springframework.core.env.CompositePropertySource] to EncryptableEnumerablePropertySourceWrapper
2020-09-09 12:55:42,235 [INFO] com.eglobal.ti.email.jar.AppInitializator [main] AppInitializator initialization logic ...
2020-09-09 12:55:42,239 [INFO] com.ulisesbocchio.jasyptspringboot.resolver.DefaultLazyPropertyResolver [main] Property Resolver custom Bean not found with name 'encryptablePropertyResolver'. Initializing Default Property Resolver
2020-09-09 12:55:42,244 [INFO] com.ulisesbocchio.jasyptspringboot.detector.DefaultLazyPropertyDetector [main] Property Detector custom Bean not found with name 'encryptablePropertyDetector'. Initializing Default Property Detector
2020-09-09 12:55:42,258 [INFO] com.eglobal.ti.email.jar.InitApplication [main] InitApplication initialization logic ...
2020-09-09 12:55:42,849 [INFO] org.springframework.boot.StartupInfoLogger [main] Started AppLauncher in 2.701 seconds (JVM running for 3.449)
2020-09-09 12:55:42,852 [INFO] com.eglobal.ti.email.jar.AppLauncher [main] Application started with arguments: 20200904
2020-09-09 12:55:42,855 [INFO] com.eglobal.ti.email.jar.service.impl.InitApplicationServiceImpl [main] *********** VALIDACIÓN DE PARÁMETROS ***********
2020-09-09 12:55:42,942 [INFO] com.eglobal.ti.email.jar.service.impl.ConectFechaServiceIml [main] ***INICIA CONEXION Y ENVIO DE DATOS A Obtener Parametros: {"fechaSol":"20200904"}
2020-09-09 12:55:44,569 [INFO] com.eglobal.ti.email.jar.service.impl.ConectZipServiceImpl [main] ***INICIA CONEXION Y ENVIO DE DATOS A excel-api: [{"tpformato":12,"fechaSol":"20200904","filtroPorGrupo":"0","afiliacion":1234567,"numeroGrupo":5693,"tipotramite":6}]
2020-09-09 13:19:26,588 [INFO] org.springframework.boot.StartupInfoLogger [main] Starting AppLauncher on DESKTOP-25D6UP4 with PID 3956 (C:\Users\Emmanuel\Documents\email-jar\target\classes started by Emmanuel in C:\Users\Emmanuel\Documents\email-jar)
2020-09-09 13:19:26,595 [INFO] org.springframework.boot.SpringApplication [main] No active profile set, falling back to default profiles: default
2020-09-09 13:19:27,913 [INFO] com.ulisesbocchio.jasyptspringboot.configuration.EnableEncryptablePropertiesBeanFactoryPostProcessor [main] Post-processing PropertySource instances
2020-09-09 13:19:28,029 [INFO] com.ulisesbocchio.jasyptspringboot.EncryptablePropertySourceConverter [main] Converting PropertySource configurationProperties [org.springframework.boot.context.properties.source.ConfigurationPropertySourcesPropertySource] to AOP Proxy
2020-09-09 13:19:28,033 [INFO] com.ulisesbocchio.jasyptspringboot.EncryptablePropertySourceConverter [main] Converting PropertySource commandLineArgs [org.springframework.core.env.SimpleCommandLinePropertySource] to EncryptableEnumerablePropertySourceWrapper
2020-09-09 13:19:28,033 [INFO] com.ulisesbocchio.jasyptspringboot.EncryptablePropertySourceConverter [main] Converting PropertySource systemProperties [org.springframework.core.env.MapPropertySource] to EncryptableMapPropertySourceWrapper
2020-09-09 13:19:28,034 [INFO] com.ulisesbocchio.jasyptspringboot.EncryptablePropertySourceConverter [main] Converting PropertySource systemEnvironment [org.springframework.boot.env.SystemEnvironmentPropertySourceEnvironmentPostProcessor$OriginAwareSystemEnvironmentPropertySource] to EncryptableMapPropertySourceWrapper
2020-09-09 13:19:28,034 [INFO] com.ulisesbocchio.jasyptspringboot.EncryptablePropertySourceConverter [main] Converting PropertySource random [org.springframework.boot.env.RandomValuePropertySource] to EncryptablePropertySourceWrapper
2020-09-09 13:19:28,034 [INFO] com.ulisesbocchio.jasyptspringboot.EncryptablePropertySourceConverter [main] Converting PropertySource URL [file:C:/Users/Emmanuel/Documents/eglobal/email-jar-config.properties] [org.springframework.core.env.CompositePropertySource] to EncryptableEnumerablePropertySourceWrapper
2020-09-09 13:19:28,179 [INFO] com.eglobal.ti.email.jar.AppInitializator [main] AppInitializator initialization logic ...
2020-09-09 13:19:28,184 [INFO] com.ulisesbocchio.jasyptspringboot.resolver.DefaultLazyPropertyResolver [main] Property Resolver custom Bean not found with name 'encryptablePropertyResolver'. Initializing Default Property Resolver
2020-09-09 13:19:28,190 [INFO] com.ulisesbocchio.jasyptspringboot.detector.DefaultLazyPropertyDetector [main] Property Detector custom Bean not found with name 'encryptablePropertyDetector'. Initializing Default Property Detector
2020-09-09 13:19:28,198 [INFO] com.eglobal.ti.email.jar.InitApplication [main] InitApplication initialization logic ...
2020-09-09 13:19:29,124 [INFO] org.springframework.boot.StartupInfoLogger [main] Started AppLauncher in 3.247 seconds (JVM running for 3.98)
2020-09-09 13:19:29,128 [INFO] com.eglobal.ti.email.jar.AppLauncher [main] Application started with arguments: 20200904
2020-09-09 13:19:29,130 [INFO] com.eglobal.ti.email.jar.service.impl.InitApplicationServiceImpl [main] *********** VALIDACIÓN DE PARÁMETROS ***********
2020-09-09 13:19:29,229 [INFO] com.eglobal.ti.email.jar.service.impl.ConectFechaServiceIml [main] ***INICIA CONEXION Y ENVIO DE DATOS A Obtener Parametros: {"fechaSol":"20200904"}
2020-09-09 13:19:30,606 [INFO] com.eglobal.ti.email.jar.service.impl.ConectZipServiceImpl [main] ***INICIA CONEXION Y ENVIO DE DATOS A excel-api: [{"tpformato":25,"fechaSol":"20200904","numeroGrupo":5693,"afiliacion":1234567,"tipotramite":5,"filtroPorGrupo":"0"}]
2020-09-09 13:28:44,477 [INFO] org.springframework.boot.StartupInfoLogger [main] Starting AppLauncher on DESKTOP-25D6UP4 with PID 1888 (C:\Users\Emmanuel\Documents\email-jar\target\classes started by Emmanuel in C:\Users\Emmanuel\Documents\email-jar)
2020-09-09 13:28:44,482 [INFO] org.springframework.boot.SpringApplication [main] No active profile set, falling back to default profiles: default
2020-09-09 13:28:45,346 [INFO] com.ulisesbocchio.jasyptspringboot.configuration.EnableEncryptablePropertiesBeanFactoryPostProcessor [main] Post-processing PropertySource instances
2020-09-09 13:28:45,436 [INFO] com.ulisesbocchio.jasyptspringboot.EncryptablePropertySourceConverter [main] Converting PropertySource configurationProperties [org.springframework.boot.context.properties.source.ConfigurationPropertySourcesPropertySource] to AOP Proxy
2020-09-09 13:28:45,439 [INFO] com.ulisesbocchio.jasyptspringboot.EncryptablePropertySourceConverter [main] Converting PropertySource commandLineArgs [org.springframework.core.env.SimpleCommandLinePropertySource] to EncryptableEnumerablePropertySourceWrapper
2020-09-09 13:28:45,439 [INFO] com.ulisesbocchio.jasyptspringboot.EncryptablePropertySourceConverter [main] Converting PropertySource systemProperties [org.springframework.core.env.MapPropertySource] to EncryptableMapPropertySourceWrapper
2020-09-09 13:28:45,441 [INFO] com.ulisesbocchio.jasyptspringboot.EncryptablePropertySourceConverter [main] Converting PropertySource systemEnvironment [org.springframework.boot.env.SystemEnvironmentPropertySourceEnvironmentPostProcessor$OriginAwareSystemEnvironmentPropertySource] to EncryptableMapPropertySourceWrapper
2020-09-09 13:28:45,442 [INFO] com.ulisesbocchio.jasyptspringboot.EncryptablePropertySourceConverter [main] Converting PropertySource random [org.springframework.boot.env.RandomValuePropertySource] to EncryptablePropertySourceWrapper
2020-09-09 13:28:45,443 [INFO] com.ulisesbocchio.jasyptspringboot.EncryptablePropertySourceConverter [main] Converting PropertySource URL [file:C:/Users/Emmanuel/Documents/eglobal/email-jar-config.properties] [org.springframework.core.env.CompositePropertySource] to EncryptableEnumerablePropertySourceWrapper
2020-09-09 13:28:45,519 [INFO] com.eglobal.ti.email.jar.AppInitializator [main] AppInitializator initialization logic ...
2020-09-09 13:28:45,525 [INFO] com.ulisesbocchio.jasyptspringboot.resolver.DefaultLazyPropertyResolver [main] Property Resolver custom Bean not found with name 'encryptablePropertyResolver'. Initializing Default Property Resolver
2020-09-09 13:28:45,528 [INFO] com.ulisesbocchio.jasyptspringboot.detector.DefaultLazyPropertyDetector [main] Property Detector custom Bean not found with name 'encryptablePropertyDetector'. Initializing Default Property Detector
2020-09-09 13:28:45,534 [INFO] com.eglobal.ti.email.jar.InitApplication [main] InitApplication initialization logic ...
2020-09-09 13:28:46,000 [INFO] org.springframework.boot.StartupInfoLogger [main] Started AppLauncher in 2.09 seconds (JVM running for 2.615)
2020-09-09 13:28:46,004 [INFO] com.eglobal.ti.email.jar.AppLauncher [main] Application started with arguments: 20200904
2020-09-09 13:28:46,006 [INFO] com.eglobal.ti.email.jar.service.impl.InitApplicationServiceImpl [main] *********** VALIDACIÓN DE PARÁMETROS ***********
2020-09-09 13:28:46,075 [INFO] com.eglobal.ti.email.jar.service.impl.ConectFechaServiceIml [main] ***INICIA CONEXION Y ENVIO DE DATOS A Obtener Parametros: {"fechaSol":"20200904"}
2020-09-09 13:28:46,676 [INFO] com.eglobal.ti.email.jar.service.impl.ConectZipServiceImpl [main] ***INICIA CONEXION Y ENVIO DE DATOS A excel-api: [{"tpformato":0,"fechaSol":"20200904","numeroGrupo":5693,"afiliacion":1234567,"tipotramite":1,"filtroPorGrupo":"0"}]
2020-09-09 14:48:25,766 [INFO] org.springframework.boot.StartupInfoLogger [main] Starting AppLauncher on DESKTOP-25D6UP4 with PID 12844 (C:\Users\Emmanuel\Documents\email-jar\target\classes started by Emmanuel in C:\Users\Emmanuel\Documents\email-jar)
2020-09-09 14:48:25,769 [INFO] org.springframework.boot.SpringApplication [main] No active profile set, falling back to default profiles: default
2020-09-09 14:48:26,727 [INFO] com.ulisesbocchio.jasyptspringboot.configuration.EnableEncryptablePropertiesBeanFactoryPostProcessor [main] Post-processing PropertySource instances
2020-09-09 14:48:26,825 [INFO] com.ulisesbocchio.jasyptspringboot.EncryptablePropertySourceConverter [main] Converting PropertySource configurationProperties [org.springframework.boot.context.properties.source.ConfigurationPropertySourcesPropertySource] to AOP Proxy
2020-09-09 14:48:26,828 [INFO] com.ulisesbocchio.jasyptspringboot.EncryptablePropertySourceConverter [main] Converting PropertySource commandLineArgs [org.springframework.core.env.SimpleCommandLinePropertySource] to EncryptableEnumerablePropertySourceWrapper
2020-09-09 14:48:26,829 [INFO] com.ulisesbocchio.jasyptspringboot.EncryptablePropertySourceConverter [main] Converting PropertySource systemProperties [org.springframework.core.env.MapPropertySource] to EncryptableMapPropertySourceWrapper
2020-09-09 14:48:26,829 [INFO] com.ulisesbocchio.jasyptspringboot.EncryptablePropertySourceConverter [main] Converting PropertySource systemEnvironment [org.springframework.boot.env.SystemEnvironmentPropertySourceEnvironmentPostProcessor$OriginAwareSystemEnvironmentPropertySource] to EncryptableMapPropertySourceWrapper
2020-09-09 14:48:26,830 [INFO] com.ulisesbocchio.jasyptspringboot.EncryptablePropertySourceConverter [main] Converting PropertySource random [org.springframework.boot.env.RandomValuePropertySource] to EncryptablePropertySourceWrapper
2020-09-09 14:48:26,830 [INFO] com.ulisesbocchio.jasyptspringboot.EncryptablePropertySourceConverter [main] Converting PropertySource URL [file:C:/Users/Emmanuel/Documents/eglobal/email-jar-config.properties] [org.springframework.core.env.CompositePropertySource] to EncryptableEnumerablePropertySourceWrapper
2020-09-09 14:48:26,911 [INFO] com.eglobal.ti.email.jar.AppInitializator [main] AppInitializator initialization logic ...
2020-09-09 14:48:26,918 [INFO] com.ulisesbocchio.jasyptspringboot.resolver.DefaultLazyPropertyResolver [main] Property Resolver custom Bean not found with name 'encryptablePropertyResolver'. Initializing Default Property Resolver
2020-09-09 14:48:26,924 [INFO] com.ulisesbocchio.jasyptspringboot.detector.DefaultLazyPropertyDetector [main] Property Detector custom Bean not found with name 'encryptablePropertyDetector'. Initializing Default Property Detector
2020-09-09 14:48:26,931 [INFO] com.eglobal.ti.email.jar.InitApplication [main] InitApplication initialization logic ...
2020-09-09 14:48:27,469 [INFO] org.springframework.boot.StartupInfoLogger [main] Started AppLauncher in 2.392 seconds (JVM running for 3.019)
2020-09-09 14:48:27,472 [INFO] com.eglobal.ti.email.jar.AppLauncher [main] Application started with arguments: 20200904
2020-09-09 14:48:27,473 [INFO] com.eglobal.ti.email.jar.service.impl.InitApplicationServiceImpl [main] *********** VALIDACIÓN DE PARÁMETROS ***********
2020-09-09 14:48:27,558 [INFO] com.eglobal.ti.email.jar.service.impl.ConectFechaServiceIml [main] ***INICIA CONEXION Y ENVIO DE DATOS A Obtener Parametros: {"fechaSol":"20200904"}
2020-09-09 14:48:30,357 [INFO] com.eglobal.ti.email.jar.service.impl.ConectZipServiceImpl [main] ***INICIA CONEXION Y ENVIO DE DATOS A excel-api: [{"tpformato":0,"fechaSol":"20200904","filtroPorGrupo":"0","tipotramite":1,"afiliacion":1234567,"numeroGrupo":5693}]
2020-09-09 14:57:45,044 [INFO] org.springframework.boot.StartupInfoLogger [main] Starting AppLauncher on DESKTOP-25D6UP4 with PID 16996 (C:\Users\Emmanuel\Documents\email-jar\target\classes started by Emmanuel in C:\Users\Emmanuel\Documents\email-jar)
2020-09-09 14:57:45,057 [INFO] org.springframework.boot.SpringApplication [main] No active profile set, falling back to default profiles: default
2020-09-09 14:57:46,055 [INFO] com.ulisesbocchio.jasyptspringboot.configuration.EnableEncryptablePropertiesBeanFactoryPostProcessor [main] Post-processing PropertySource instances
2020-09-09 14:57:46,140 [INFO] com.ulisesbocchio.jasyptspringboot.EncryptablePropertySourceConverter [main] Converting PropertySource configurationProperties [org.springframework.boot.context.properties.source.ConfigurationPropertySourcesPropertySource] to AOP Proxy
2020-09-09 14:57:46,143 [INFO] com.ulisesbocchio.jasyptspringboot.EncryptablePropertySourceConverter [main] Converting PropertySource commandLineArgs [org.springframework.core.env.SimpleCommandLinePropertySource] to EncryptableEnumerablePropertySourceWrapper
2020-09-09 14:57:46,144 [INFO] com.ulisesbocchio.jasyptspringboot.EncryptablePropertySourceConverter [main] Converting PropertySource systemProperties [org.springframework.core.env.MapPropertySource] to EncryptableMapPropertySourceWrapper
2020-09-09 14:57:46,144 [INFO] com.ulisesbocchio.jasyptspringboot.EncryptablePropertySourceConverter [main] Converting PropertySource systemEnvironment [org.springframework.boot.env.SystemEnvironmentPropertySourceEnvironmentPostProcessor$OriginAwareSystemEnvironmentPropertySource] to EncryptableMapPropertySourceWrapper
2020-09-09 14:57:46,145 [INFO] com.ulisesbocchio.jasyptspringboot.EncryptablePropertySourceConverter [main] Converting PropertySource random [org.springframework.boot.env.RandomValuePropertySource] to EncryptablePropertySourceWrapper
2020-09-09 14:57:46,145 [INFO] com.ulisesbocchio.jasyptspringboot.EncryptablePropertySourceConverter [main] Converting PropertySource URL [file:C:/Users/Emmanuel/Documents/eglobal/email-jar-config.properties] [org.springframework.core.env.CompositePropertySource] to EncryptableEnumerablePropertySourceWrapper
2020-09-09 14:57:46,220 [INFO] com.eglobal.ti.email.jar.AppInitializator [main] AppInitializator initialization logic ...
2020-09-09 14:57:46,227 [INFO] com.ulisesbocchio.jasyptspringboot.resolver.DefaultLazyPropertyResolver [main] Property Resolver custom Bean not found with name 'encryptablePropertyResolver'. Initializing Default Property Resolver
2020-09-09 14:57:46,232 [INFO] com.ulisesbocchio.jasyptspringboot.detector.DefaultLazyPropertyDetector [main] Property Detector custom Bean not found with name 'encryptablePropertyDetector'. Initializing Default Property Detector
2020-09-09 14:57:46,242 [INFO] com.eglobal.ti.email.jar.InitApplication [main] InitApplication initialization logic ...
2020-09-09 14:57:46,788 [INFO] org.springframework.boot.StartupInfoLogger [main] Started AppLauncher in 2.311 seconds (JVM running for 2.844)
2020-09-09 14:57:46,792 [INFO] com.eglobal.ti.email.jar.AppLauncher [main] Application started with arguments: 20200904
2020-09-09 14:57:46,794 [INFO] com.eglobal.ti.email.jar.service.impl.InitApplicationServiceImpl [main] *********** VALIDACIÓN DE PARÁMETROS ***********
2020-09-09 14:57:46,872 [INFO] com.eglobal.ti.email.jar.service.impl.ConectFechaServiceIml [main] ***INICIA CONEXION Y ENVIO DE DATOS A Obtener Parametros: {"fechaSol":"20200904"}
2020-09-09 14:57:49,029 [INFO] com.eglobal.ti.email.jar.service.impl.ConectZipServiceImpl [main] ***INICIA CONEXION Y ENVIO DE DATOS A excel-api: [{"tpformato":0,"fechaSol":"20200904","numeroGrupo":5693,"tipotramite":1,"afiliacion":1234567,"filtroPorGrupo":"0"}]
2020-09-09 15:05:24,212 [INFO] org.springframework.boot.StartupInfoLogger [main] Starting AppLauncher on DESKTOP-25D6UP4 with PID 17200 (C:\Users\Emmanuel\Documents\email-jar\target\classes started by Emmanuel in C:\Users\Emmanuel\Documents\email-jar)
2020-09-09 15:05:24,216 [INFO] org.springframework.boot.SpringApplication [main] No active profile set, falling back to default profiles: default
2020-09-09 15:05:25,121 [INFO] com.ulisesbocchio.jasyptspringboot.configuration.EnableEncryptablePropertiesBeanFactoryPostProcessor [main] Post-processing PropertySource instances
2020-09-09 15:05:25,201 [INFO] com.ulisesbocchio.jasyptspringboot.EncryptablePropertySourceConverter [main] Converting PropertySource configurationProperties [org.springframework.boot.context.properties.source.ConfigurationPropertySourcesPropertySource] to AOP Proxy
2020-09-09 15:05:25,203 [INFO] com.ulisesbocchio.jasyptspringboot.EncryptablePropertySourceConverter [main] Converting PropertySource commandLineArgs [org.springframework.core.env.SimpleCommandLinePropertySource] to EncryptableEnumerablePropertySourceWrapper
2020-09-09 15:05:25,204 [INFO] com.ulisesbocchio.jasyptspringboot.EncryptablePropertySourceConverter [main] Converting PropertySource systemProperties [org.springframework.core.env.MapPropertySource] to EncryptableMapPropertySourceWrapper
2020-09-09 15:05:25,204 [INFO] com.ulisesbocchio.jasyptspringboot.EncryptablePropertySourceConverter [main] Converting PropertySource systemEnvironment [org.springframework.boot.env.SystemEnvironmentPropertySourceEnvironmentPostProcessor$OriginAwareSystemEnvironmentPropertySource] to EncryptableMapPropertySourceWrapper
2020-09-09 15:05:25,205 [INFO] com.ulisesbocchio.jasyptspringboot.EncryptablePropertySourceConverter [main] Converting PropertySource random [org.springframework.boot.env.RandomValuePropertySource] to EncryptablePropertySourceWrapper
2020-09-09 15:05:25,205 [INFO] com.ulisesbocchio.jasyptspringboot.EncryptablePropertySourceConverter [main] Converting PropertySource URL [file:C:/Users/Emmanuel/Documents/eglobal/email-jar-config.properties] [org.springframework.core.env.CompositePropertySource] to EncryptableEnumerablePropertySourceWrapper
2020-09-09 15:05:25,279 [INFO] com.eglobal.ti.email.jar.AppInitializator [main] AppInitializator initialization logic ...
2020-09-09 15:05:25,284 [INFO] com.ulisesbocchio.jasyptspringboot.resolver.DefaultLazyPropertyResolver [main] Property Resolver custom Bean not found with name 'encryptablePropertyResolver'. Initializing Default Property Resolver
2020-09-09 15:05:25,290 [INFO] com.ulisesbocchio.jasyptspringboot.detector.DefaultLazyPropertyDetector [main] Property Detector custom Bean not found with name 'encryptablePropertyDetector'. Initializing Default Property Detector
2020-09-09 15:05:25,298 [INFO] com.eglobal.ti.email.jar.InitApplication [main] InitApplication initialization logic ...
2020-09-09 15:05:25,779 [INFO] org.springframework.boot.StartupInfoLogger [main] Started AppLauncher in 2.165 seconds (JVM running for 2.726)
2020-09-09 15:05:25,783 [INFO] com.eglobal.ti.email.jar.AppLauncher [main] Application started with arguments: 20200904
2020-09-09 15:05:25,784 [INFO] com.eglobal.ti.email.jar.service.impl.InitApplicationServiceImpl [main] *********** VALIDACIÓN DE PARÁMETROS ***********
2020-09-09 15:05:25,842 [INFO] com.eglobal.ti.email.jar.service.impl.ConectFechaServiceIml [main] ***INICIA CONEXION Y ENVIO DE DATOS A Obtener Parametros: {"fechaSol":"20200904"}
2020-09-09 15:05:26,744 [INFO] com.eglobal.ti.email.jar.service.impl.ConectZipServiceImpl [main] ***INICIA CONEXION Y ENVIO DE DATOS A excel-api: [{"tpformato":0,"fechaSol":"20200904","filtroPorGrupo":"0","tipotramite":7,"numeroGrupo":5693,"afiliacion":1234567}]
2020-09-09 15:06:29,788 [INFO] org.springframework.boot.StartupInfoLogger [main] Starting AppLauncher on DESKTOP-25D6UP4 with PID 10464 (C:\Users\Emmanuel\Documents\email-jar\target\classes started by Emmanuel in C:\Users\Emmanuel\Documents\email-jar)
2020-09-09 15:06:29,792 [INFO] org.springframework.boot.SpringApplication [main] No active profile set, falling back to default profiles: default
2020-09-09 15:06:30,756 [INFO] com.ulisesbocchio.jasyptspringboot.configuration.EnableEncryptablePropertiesBeanFactoryPostProcessor [main] Post-processing PropertySource instances
2020-09-09 15:06:30,842 [INFO] com.ulisesbocchio.jasyptspringboot.EncryptablePropertySourceConverter [main] Converting PropertySource configurationProperties [org.springframework.boot.context.properties.source.ConfigurationPropertySourcesPropertySource] to AOP Proxy
2020-09-09 15:06:30,845 [INFO] com.ulisesbocchio.jasyptspringboot.EncryptablePropertySourceConverter [main] Converting PropertySource commandLineArgs [org.springframework.core.env.SimpleCommandLinePropertySource] to EncryptableEnumerablePropertySourceWrapper
2020-09-09 15:06:30,845 [INFO] com.ulisesbocchio.jasyptspringboot.EncryptablePropertySourceConverter [main] Converting PropertySource systemProperties [org.springframework.core.env.MapPropertySource] to EncryptableMapPropertySourceWrapper
2020-09-09 15:06:30,846 [INFO] com.ulisesbocchio.jasyptspringboot.EncryptablePropertySourceConverter [main] Converting PropertySource systemEnvironment [org.springframework.boot.env.SystemEnvironmentPropertySourceEnvironmentPostProcessor$OriginAwareSystemEnvironmentPropertySource] to EncryptableMapPropertySourceWrapper
2020-09-09 15:06:30,846 [INFO] com.ulisesbocchio.jasyptspringboot.EncryptablePropertySourceConverter [main] Converting PropertySource random [org.springframework.boot.env.RandomValuePropertySource] to EncryptablePropertySourceWrapper
2020-09-09 15:06:30,846 [INFO] com.ulisesbocchio.jasyptspringboot.EncryptablePropertySourceConverter [main] Converting PropertySource URL [file:C:/Users/Emmanuel/Documents/eglobal/email-jar-config.properties] [org.springframework.core.env.CompositePropertySource] to EncryptableEnumerablePropertySourceWrapper
2020-09-09 15:06:30,910 [INFO] com.eglobal.ti.email.jar.AppInitializator [main] AppInitializator initialization logic ...
2020-09-09 15:06:30,916 [INFO] com.ulisesbocchio.jasyptspringboot.resolver.DefaultLazyPropertyResolver [main] Property Resolver custom Bean not found with name 'encryptablePropertyResolver'. Initializing Default Property Resolver
2020-09-09 15:06:30,919 [INFO] com.ulisesbocchio.jasyptspringboot.detector.DefaultLazyPropertyDetector [main] Property Detector custom Bean not found with name 'encryptablePropertyDetector'. Initializing Default Property Detector
2020-09-09 15:06:30,927 [INFO] com.eglobal.ti.email.jar.InitApplication [main] InitApplication initialization logic ...
2020-09-09 15:06:31,418 [INFO] org.springframework.boot.StartupInfoLogger [main] Started AppLauncher in 2.205 seconds (JVM running for 2.816)
2020-09-09 15:06:31,423 [INFO] com.eglobal.ti.email.jar.AppLauncher [main] Application started with arguments: 20200904
2020-09-09 15:06:31,425 [INFO] com.eglobal.ti.email.jar.service.impl.InitApplicationServiceImpl [main] *********** VALIDACIÓN DE PARÁMETROS ***********
2020-09-09 15:06:31,502 [INFO] com.eglobal.ti.email.jar.service.impl.ConectFechaServiceIml [main] ***INICIA CONEXION Y ENVIO DE DATOS A Obtener Parametros: {"fechaSol":"20200904"}
2020-09-09 15:06:32,550 [INFO] com.eglobal.ti.email.jar.service.impl.ConectZipServiceImpl [main] ***INICIA CONEXION Y ENVIO DE DATOS A excel-api: [{"tpformato":0,"fechaSol":"20200904","afiliacion":1234567,"numeroGrupo":5693,"tipotramite":8,"filtroPorGrupo":"0"}]
2020-09-09 15:11:45,451 [INFO] org.springframework.boot.StartupInfoLogger [main] Starting AppLauncher on DESKTOP-25D6UP4 with PID 3260 (C:\Users\Emmanuel\Documents\email-jar\target\classes started by Emmanuel in C:\Users\Emmanuel\Documents\email-jar)
2020-09-09 15:11:45,455 [INFO] org.springframework.boot.SpringApplication [main] No active profile set, falling back to default profiles: default
2020-09-09 15:11:46,409 [INFO] com.ulisesbocchio.jasyptspringboot.configuration.EnableEncryptablePropertiesBeanFactoryPostProcessor [main] Post-processing PropertySource instances
2020-09-09 15:11:46,498 [INFO] com.ulisesbocchio.jasyptspringboot.EncryptablePropertySourceConverter [main] Converting PropertySource configurationProperties [org.springframework.boot.context.properties.source.ConfigurationPropertySourcesPropertySource] to AOP Proxy
2020-09-09 15:11:46,500 [INFO] com.ulisesbocchio.jasyptspringboot.EncryptablePropertySourceConverter [main] Converting PropertySource commandLineArgs [org.springframework.core.env.SimpleCommandLinePropertySource] to EncryptableEnumerablePropertySourceWrapper
2020-09-09 15:11:46,501 [INFO] com.ulisesbocchio.jasyptspringboot.EncryptablePropertySourceConverter [main] Converting PropertySource systemProperties [org.springframework.core.env.MapPropertySource] to EncryptableMapPropertySourceWrapper
2020-09-09 15:11:46,501 [INFO] com.ulisesbocchio.jasyptspringboot.EncryptablePropertySourceConverter [main] Converting PropertySource systemEnvironment [org.springframework.boot.env.SystemEnvironmentPropertySourceEnvironmentPostProcessor$OriginAwareSystemEnvironmentPropertySource] to EncryptableMapPropertySourceWrapper
2020-09-09 15:11:46,501 [INFO] com.ulisesbocchio.jasyptspringboot.EncryptablePropertySourceConverter [main] Converting PropertySource random [org.springframework.boot.env.RandomValuePropertySource] to EncryptablePropertySourceWrapper
2020-09-09 15:11:46,501 [INFO] com.ulisesbocchio.jasyptspringboot.EncryptablePropertySourceConverter [main] Converting PropertySource URL [file:C:/Users/Emmanuel/Documents/eglobal/email-jar-config.properties] [org.springframework.core.env.CompositePropertySource] to EncryptableEnumerablePropertySourceWrapper
2020-09-09 15:11:46,569 [INFO] com.eglobal.ti.email.jar.AppInitializator [main] AppInitializator initialization logic ...
2020-09-09 15:11:46,576 [INFO] com.ulisesbocchio.jasyptspringboot.resolver.DefaultLazyPropertyResolver [main] Property Resolver custom Bean not found with name 'encryptablePropertyResolver'. Initializing Default Property Resolver
2020-09-09 15:11:46,579 [INFO] com.ulisesbocchio.jasyptspringboot.detector.DefaultLazyPropertyDetector [main] Property Detector custom Bean not found with name 'encryptablePropertyDetector'. Initializing Default Property Detector
2020-09-09 15:11:46,585 [INFO] com.eglobal.ti.email.jar.InitApplication [main] InitApplication initialization logic ...
2020-09-09 15:11:47,089 [INFO] org.springframework.boot.StartupInfoLogger [main] Started AppLauncher in 2.197 seconds (JVM running for 2.764)
2020-09-09 15:11:47,093 [INFO] com.eglobal.ti.email.jar.AppLauncher [main] Application started with arguments: 20200904
2020-09-09 15:11:47,096 [INFO] com.eglobal.ti.email.jar.service.impl.InitApplicationServiceImpl [main] *********** VALIDACIÓN DE PARÁMETROS ***********
2020-09-09 15:11:47,172 [INFO] com.eglobal.ti.email.jar.service.impl.ConectFechaServiceIml [main] ***INICIA CONEXION Y ENVIO DE DATOS A Obtener Parametros: {"fechaSol":"20200904"}
2020-09-09 15:11:48,221 [INFO] com.eglobal.ti.email.jar.service.impl.ConectZipServiceImpl [main] ***INICIA CONEXION Y ENVIO DE DATOS A excel-api: [{"tpformato":0,"fechaSol":"20200904","numeroGrupo":5693,"tipotramite":8,"afiliacion":1234567,"filtroPorGrupo":"0"}]
2020-09-09 15:16:10,878 [INFO] org.springframework.boot.StartupInfoLogger [main] Starting AppLauncher on DESKTOP-25D6UP4 with PID 16436 (C:\Users\Emmanuel\Documents\email-jar\target\classes started by Emmanuel in C:\Users\Emmanuel\Documents\email-jar)
2020-09-09 15:16:10,881 [INFO] org.springframework.boot.SpringApplication [main] No active profile set, falling back to default profiles: default
2020-09-09 15:16:11,749 [INFO] com.ulisesbocchio.jasyptspringboot.configuration.EnableEncryptablePropertiesBeanFactoryPostProcessor [main] Post-processing PropertySource instances
2020-09-09 15:16:11,846 [INFO] com.ulisesbocchio.jasyptspringboot.EncryptablePropertySourceConverter [main] Converting PropertySource configurationProperties [org.springframework.boot.context.properties.source.ConfigurationPropertySourcesPropertySource] to AOP Proxy
2020-09-09 15:16:11,848 [INFO] com.ulisesbocchio.jasyptspringboot.EncryptablePropertySourceConverter [main] Converting PropertySource commandLineArgs [org.springframework.core.env.SimpleCommandLinePropertySource] to EncryptableEnumerablePropertySourceWrapper
2020-09-09 15:16:11,849 [INFO] com.ulisesbocchio.jasyptspringboot.EncryptablePropertySourceConverter [main] Converting PropertySource systemProperties [org.springframework.core.env.MapPropertySource] to EncryptableMapPropertySourceWrapper
2020-09-09 15:16:11,849 [INFO] com.ulisesbocchio.jasyptspringboot.EncryptablePropertySourceConverter [main] Converting PropertySource systemEnvironment [org.springframework.boot.env.SystemEnvironmentPropertySourceEnvironmentPostProcessor$OriginAwareSystemEnvironmentPropertySource] to EncryptableMapPropertySourceWrapper
2020-09-09 15:16:11,849 [INFO] com.ulisesbocchio.jasyptspringboot.EncryptablePropertySourceConverter [main] Converting PropertySource random [org.springframework.boot.env.RandomValuePropertySource] to EncryptablePropertySourceWrapper
2020-09-09 15:16:11,850 [INFO] com.ulisesbocchio.jasyptspringboot.EncryptablePropertySourceConverter [main] Converting PropertySource URL [file:C:/Users/Emmanuel/Documents/eglobal/email-jar-config.properties] [org.springframework.core.env.CompositePropertySource] to EncryptableEnumerablePropertySourceWrapper
2020-09-09 15:16:11,914 [INFO] com.eglobal.ti.email.jar.AppInitializator [main] AppInitializator initialization logic ...
2020-09-09 15:16:11,921 [INFO] com.ulisesbocchio.jasyptspringboot.resolver.DefaultLazyPropertyResolver [main] Property Resolver custom Bean not found with name 'encryptablePropertyResolver'. Initializing Default Property Resolver
2020-09-09 15:16:11,924 [INFO] com.ulisesbocchio.jasyptspringboot.detector.DefaultLazyPropertyDetector [main] Property Detector custom Bean not found with name 'encryptablePropertyDetector'. Initializing Default Property Detector
2020-09-09 15:16:11,930 [INFO] com.eglobal.ti.email.jar.InitApplication [main] InitApplication initialization logic ...
2020-09-09 15:16:12,365 [INFO] org.springframework.boot.StartupInfoLogger [main] Started AppLauncher in 2.051 seconds (JVM running for 2.626)
2020-09-09 15:16:12,370 [INFO] com.eglobal.ti.email.jar.AppLauncher [main] Application started with arguments: 20200904
2020-09-09 15:16:12,373 [INFO] com.eglobal.ti.email.jar.service.impl.InitApplicationServiceImpl [main] *********** VALIDACIÓN DE PARÁMETROS ***********
2020-09-09 15:16:12,461 [INFO] com.eglobal.ti.email.jar.service.impl.ConectFechaServiceIml [main] ***INICIA CONEXION Y ENVIO DE DATOS A Obtener Parametros: {"fechaSol":"20200904"}
2020-09-09 15:16:14,049 [INFO] com.eglobal.ti.email.jar.service.impl.ConectZipServiceImpl [main] ***INICIA CONEXION Y ENVIO DE DATOS A excel-api: [{"tpformato":0,"fechaSol":"20200904","numeroGrupo":5693,"tipotramite":8,"afiliacion":1234567,"filtroPorGrupo":"0"}]
2020-09-09 15:20:18,115 [INFO] org.springframework.boot.StartupInfoLogger [main] Starting AppLauncher on DESKTOP-25D6UP4 with PID 7924 (C:\Users\Emmanuel\Documents\email-jar\target\classes started by Emmanuel in C:\Users\Emmanuel\Documents\email-jar)
2020-09-09 15:20:18,120 [INFO] org.springframework.boot.SpringApplication [main] No active profile set, falling back to default profiles: default
2020-09-09 15:20:18,986 [INFO] com.ulisesbocchio.jasyptspringboot.configuration.EnableEncryptablePropertiesBeanFactoryPostProcessor [main] Post-processing PropertySource instances
2020-09-09 15:20:19,060 [INFO] com.ulisesbocchio.jasyptspringboot.EncryptablePropertySourceConverter [main] Converting PropertySource configurationProperties [org.springframework.boot.context.properties.source.ConfigurationPropertySourcesPropertySource] to AOP Proxy
2020-09-09 15:20:19,062 [INFO] com.ulisesbocchio.jasyptspringboot.EncryptablePropertySourceConverter [main] Converting PropertySource commandLineArgs [org.springframework.core.env.SimpleCommandLinePropertySource] to EncryptableEnumerablePropertySourceWrapper
2020-09-09 15:20:19,063 [INFO] com.ulisesbocchio.jasyptspringboot.EncryptablePropertySourceConverter [main] Converting PropertySource systemProperties [org.springframework.core.env.MapPropertySource] to EncryptableMapPropertySourceWrapper
2020-09-09 15:20:19,064 [INFO] com.ulisesbocchio.jasyptspringboot.EncryptablePropertySourceConverter [main] Converting PropertySource systemEnvironment [org.springframework.boot.env.SystemEnvironmentPropertySourceEnvironmentPostProcessor$OriginAwareSystemEnvironmentPropertySource] to EncryptableMapPropertySourceWrapper
2020-09-09 15:20:19,064 [INFO] com.ulisesbocchio.jasyptspringboot.EncryptablePropertySourceConverter [main] Converting PropertySource random [org.springframework.boot.env.RandomValuePropertySource] to EncryptablePropertySourceWrapper
2020-09-09 15:20:19,064 [INFO] com.ulisesbocchio.jasyptspringboot.EncryptablePropertySourceConverter [main] Converting PropertySource URL [file:C:/Users/Emmanuel/Documents/eglobal/email-jar-config.properties] [org.springframework.core.env.CompositePropertySource] to EncryptableEnumerablePropertySourceWrapper
2020-09-09 15:20:19,124 [INFO] com.eglobal.ti.email.jar.AppInitializator [main] AppInitializator initialization logic ...
2020-09-09 15:20:19,130 [INFO] com.ulisesbocchio.jasyptspringboot.resolver.DefaultLazyPropertyResolver [main] Property Resolver custom Bean not found with name 'encryptablePropertyResolver'. Initializing Default Property Resolver
2020-09-09 15:20:19,134 [INFO] com.ulisesbocchio.jasyptspringboot.detector.DefaultLazyPropertyDetector [main] Property Detector custom Bean not found with name 'encryptablePropertyDetector'. Initializing Default Property Detector
2020-09-09 15:20:19,147 [INFO] com.eglobal.ti.email.jar.InitApplication [main] InitApplication initialization logic ...
2020-09-09 15:20:19,582 [INFO] org.springframework.boot.StartupInfoLogger [main] Started AppLauncher in 2.041 seconds (JVM running for 2.589)
2020-09-09 15:20:19,586 [INFO] com.eglobal.ti.email.jar.AppLauncher [main] Application started with arguments: 20200904
2020-09-09 15:20:19,587 [INFO] com.eglobal.ti.email.jar.service.impl.InitApplicationServiceImpl [main] *********** VALIDACIÓN DE PARÁMETROS ***********
2020-09-09 15:20:19,661 [INFO] com.eglobal.ti.email.jar.service.impl.ConectFechaServiceIml [main] ***INICIA CONEXION Y ENVIO DE DATOS A Obtener Parametros: {"fechaSol":"20200904"}
2020-09-09 15:20:20,244 [INFO] com.eglobal.ti.email.jar.service.impl.ConectZipServiceImpl [main] ***INICIA CONEXION Y ENVIO DE DATOS A excel-api: [{"tpformato":0,"fechaSol":"20200904","tipotramite":10,"afiliacion":1234567,"numeroGrupo":5693,"filtroPorGrupo":"0"}]
2020-09-09 15:30:15,714 [INFO] org.springframework.boot.StartupInfoLogger [main] Starting AppLauncher on DESKTOP-25D6UP4 with PID 21312 (C:\Users\Emmanuel\Documents\email-jar\target\classes started by Emmanuel in C:\Users\Emmanuel\Documents\email-jar)
2020-09-09 15:30:15,729 [INFO] org.springframework.boot.SpringApplication [main] No active profile set, falling back to default profiles: default
2020-09-09 15:30:17,031 [INFO] com.ulisesbocchio.jasyptspringboot.configuration.EnableEncryptablePropertiesBeanFactoryPostProcessor [main] Post-processing PropertySource instances
2020-09-09 15:30:17,162 [INFO] com.ulisesbocchio.jasyptspringboot.EncryptablePropertySourceConverter [main] Converting PropertySource configurationProperties [org.springframework.boot.context.properties.source.ConfigurationPropertySourcesPropertySource] to AOP Proxy
2020-09-09 15:30:17,166 [INFO] com.ulisesbocchio.jasyptspringboot.EncryptablePropertySourceConverter [main] Converting PropertySource commandLineArgs [org.springframework.core.env.SimpleCommandLinePropertySource] to EncryptableEnumerablePropertySourceWrapper
2020-09-09 15:30:17,167 [INFO] com.ulisesbocchio.jasyptspringboot.EncryptablePropertySourceConverter [main] Converting PropertySource systemProperties [org.springframework.core.env.MapPropertySource] to EncryptableMapPropertySourceWrapper
2020-09-09 15:30:17,167 [INFO] com.ulisesbocchio.jasyptspringboot.EncryptablePropertySourceConverter [main] Converting PropertySource systemEnvironment [org.springframework.boot.env.SystemEnvironmentPropertySourceEnvironmentPostProcessor$OriginAwareSystemEnvironmentPropertySource] to EncryptableMapPropertySourceWrapper
2020-09-09 15:30:17,168 [INFO] com.ulisesbocchio.jasyptspringboot.EncryptablePropertySourceConverter [main] Converting PropertySource random [org.springframework.boot.env.RandomValuePropertySource] to EncryptablePropertySourceWrapper
2020-09-09 15:30:17,168 [INFO] com.ulisesbocchio.jasyptspringboot.EncryptablePropertySourceConverter [main] Converting PropertySource URL [file:C:/Users/Emmanuel/Documents/eglobal/email-jar-config.properties] [org.springframework.core.env.CompositePropertySource] to EncryptableEnumerablePropertySourceWrapper
2020-09-09 15:30:17,280 [INFO] com.eglobal.ti.email.jar.AppInitializator [main] AppInitializator initialization logic ...
2020-09-09 15:30:17,289 [INFO] com.ulisesbocchio.jasyptspringboot.resolver.DefaultLazyPropertyResolver [main] Property Resolver custom Bean not found with name 'encryptablePropertyResolver'. Initializing Default Property Resolver
2020-09-09 15:30:17,293 [INFO] com.ulisesbocchio.jasyptspringboot.detector.DefaultLazyPropertyDetector [main] Property Detector custom Bean not found with name 'encryptablePropertyDetector'. Initializing Default Property Detector
2020-09-09 15:30:17,305 [INFO] com.eglobal.ti.email.jar.InitApplication [main] InitApplication initialization logic ...
2020-09-09 15:30:18,137 [INFO] org.springframework.boot.StartupInfoLogger [main] Started AppLauncher in 3.085 seconds (JVM running for 3.678)
2020-09-09 15:30:18,140 [INFO] com.eglobal.ti.email.jar.AppLauncher [main] Application started with arguments: 20200904
2020-09-09 15:30:18,143 [INFO] com.eglobal.ti.email.jar.service.impl.InitApplicationServiceImpl [main] *********** VALIDACIÓN DE PARÁMETROS ***********
2020-09-09 15:30:18,249 [INFO] com.eglobal.ti.email.jar.service.impl.ConectFechaServiceIml [main] ***INICIA CONEXION Y ENVIO DE DATOS A Obtener Parametros: {"fechaSol":"20200904"}
2020-09-09 15:30:18,913 [INFO] com.eglobal.ti.email.jar.service.impl.ConectZipServiceImpl [main] ***INICIA CONEXION Y ENVIO DE DATOS A excel-api: [{"tpformato":0,"fechaSol":"20200904","filtroPorGrupo":"0","tipotramite":10,"numeroGrupo":5693,"afiliacion":1234567}]
2020-09-09 16:27:11,955 [INFO] org.springframework.boot.StartupInfoLogger [main] Starting AppLauncher on DESKTOP-25D6UP4 with PID 18632 (C:\Users\Emmanuel\Documents\email-jar\target\classes started by Emmanuel in C:\Users\Emmanuel\Documents\email-jar)
2020-09-09 16:27:11,960 [INFO] org.springframework.boot.SpringApplication [main] No active profile set, falling back to default profiles: default
2020-09-09 16:27:13,216 [INFO] com.ulisesbocchio.jasyptspringboot.configuration.EnableEncryptablePropertiesBeanFactoryPostProcessor [main] Post-processing PropertySource instances
2020-09-09 16:27:13,330 [INFO] com.ulisesbocchio.jasyptspringboot.EncryptablePropertySourceConverter [main] Converting PropertySource configurationProperties [org.springframework.boot.context.properties.source.ConfigurationPropertySourcesPropertySource] to AOP Proxy
2020-09-09 16:27:13,334 [INFO] com.ulisesbocchio.jasyptspringboot.EncryptablePropertySourceConverter [main] Converting PropertySource commandLineArgs [org.springframework.core.env.SimpleCommandLinePropertySource] to EncryptableEnumerablePropertySourceWrapper
2020-09-09 16:27:13,335 [INFO] com.ulisesbocchio.jasyptspringboot.EncryptablePropertySourceConverter [main] Converting PropertySource systemProperties [org.springframework.core.env.MapPropertySource] to EncryptableMapPropertySourceWrapper
2020-09-09 16:27:13,336 [INFO] com.ulisesbocchio.jasyptspringboot.EncryptablePropertySourceConverter [main] Converting PropertySource systemEnvironment [org.springframework.boot.env.SystemEnvironmentPropertySourceEnvironmentPostProcessor$OriginAwareSystemEnvironmentPropertySource] to EncryptableMapPropertySourceWrapper
2020-09-09 16:27:13,337 [INFO] com.ulisesbocchio.jasyptspringboot.EncryptablePropertySourceConverter [main] Converting PropertySource random [org.springframework.boot.env.RandomValuePropertySource] to EncryptablePropertySourceWrapper
2020-09-09 16:27:13,337 [INFO] com.ulisesbocchio.jasyptspringboot.EncryptablePropertySourceConverter [main] Converting PropertySource URL [file:C:/Users/Emmanuel/Documents/eglobal/email-jar-config.properties] [org.springframework.core.env.CompositePropertySource] to EncryptableEnumerablePropertySourceWrapper
2020-09-09 16:27:13,414 [INFO] com.eglobal.ti.email.jar.AppInitializator [main] AppInitializator initialization logic ...
2020-09-09 16:27:13,424 [INFO] com.ulisesbocchio.jasyptspringboot.resolver.DefaultLazyPropertyResolver [main] Property Resolver custom Bean not found with name 'encryptablePropertyResolver'. Initializing Default Property Resolver
2020-09-09 16:27:13,427 [INFO] com.ulisesbocchio.jasyptspringboot.detector.DefaultLazyPropertyDetector [main] Property Detector custom Bean not found with name 'encryptablePropertyDetector'. Initializing Default Property Detector
2020-09-09 16:27:13,439 [INFO] com.eglobal.ti.email.jar.InitApplication [main] InitApplication initialization logic ...
2020-09-09 16:27:14,186 [INFO] org.springframework.boot.StartupInfoLogger [main] Started AppLauncher in 2.917 seconds (JVM running for 3.542)
2020-09-09 16:27:14,190 [INFO] com.eglobal.ti.email.jar.AppLauncher [main] Application started with arguments: 20200904
2020-09-09 16:27:14,192 [INFO] com.eglobal.ti.email.jar.service.impl.InitApplicationServiceImpl [main] *********** VALIDACIÓN DE PARÁMETROS ***********
2020-09-09 16:27:14,277 [INFO] com.eglobal.ti.email.jar.service.impl.ConectFechaServiceIml [main] ***INICIA CONEXION Y ENVIO DE DATOS A Obtener Parametros: {"fechaSol":"20200904"}
2020-09-09 16:27:14,941 [INFO] com.eglobal.ti.email.jar.service.impl.ConectZipServiceImpl [main] ***INICIA CONEXION Y ENVIO DE DATOS A excel-api: [{"tpformato":21,"fechaSol":"20200904","filtroPorGrupo":"0","tipotramite":3,"numeroGrupo":5693,"afiliacion":1234567}]
2020-09-09 16:34:26,007 [INFO] org.springframework.boot.StartupInfoLogger [main] Starting AppLauncher on DESKTOP-25D6UP4 with PID 11956 (C:\Users\Emmanuel\Documents\email-jar\target\classes started by Emmanuel in C:\Users\Emmanuel\Documents\email-jar)
2020-09-09 16:34:26,011 [INFO] org.springframework.boot.SpringApplication [main] No active profile set, falling back to default profiles: default
2020-09-09 16:34:27,182 [INFO] com.ulisesbocchio.jasyptspringboot.configuration.EnableEncryptablePropertiesBeanFactoryPostProcessor [main] Post-processing PropertySource instances
2020-09-09 16:34:27,302 [INFO] com.ulisesbocchio.jasyptspringboot.EncryptablePropertySourceConverter [main] Converting PropertySource configurationProperties [org.springframework.boot.context.properties.source.ConfigurationPropertySourcesPropertySource] to AOP Proxy
2020-09-09 16:34:27,306 [INFO] com.ulisesbocchio.jasyptspringboot.EncryptablePropertySourceConverter [main] Converting PropertySource commandLineArgs [org.springframework.core.env.SimpleCommandLinePropertySource] to EncryptableEnumerablePropertySourceWrapper
2020-09-09 16:34:27,306 [INFO] com.ulisesbocchio.jasyptspringboot.EncryptablePropertySourceConverter [main] Converting PropertySource systemProperties [org.springframework.core.env.MapPropertySource] to EncryptableMapPropertySourceWrapper
2020-09-09 16:34:27,307 [INFO] com.ulisesbocchio.jasyptspringboot.EncryptablePropertySourceConverter [main] Converting PropertySource systemEnvironment [org.springframework.boot.env.SystemEnvironmentPropertySourceEnvironmentPostProcessor$OriginAwareSystemEnvironmentPropertySource] to EncryptableMapPropertySourceWrapper
2020-09-09 16:34:27,307 [INFO] com.ulisesbocchio.jasyptspringboot.EncryptablePropertySourceConverter [main] Converting PropertySource random [org.springframework.boot.env.RandomValuePropertySource] to EncryptablePropertySourceWrapper
2020-09-09 16:34:27,308 [INFO] com.ulisesbocchio.jasyptspringboot.EncryptablePropertySourceConverter [main] Converting PropertySource URL [file:C:/Users/Emmanuel/Documents/eglobal/email-jar-config.properties] [org.springframework.core.env.CompositePropertySource] to EncryptableEnumerablePropertySourceWrapper
2020-09-09 16:34:27,387 [INFO] com.eglobal.ti.email.jar.AppInitializator [main] AppInitializator initialization logic ...
2020-09-09 16:34:27,399 [INFO] com.ulisesbocchio.jasyptspringboot.resolver.DefaultLazyPropertyResolver [main] Property Resolver custom Bean not found with name 'encryptablePropertyResolver'. Initializing Default Property Resolver
2020-09-09 16:34:27,407 [INFO] com.ulisesbocchio.jasyptspringboot.detector.DefaultLazyPropertyDetector [main] Property Detector custom Bean not found with name 'encryptablePropertyDetector'. Initializing Default Property Detector
2020-09-09 16:34:27,420 [INFO] com.eglobal.ti.email.jar.InitApplication [main] InitApplication initialization logic ...
2020-09-09 16:34:28,166 [INFO] org.springframework.boot.StartupInfoLogger [main] Started AppLauncher in 2.797 seconds (JVM running for 3.366)
2020-09-09 16:34:28,169 [INFO] com.eglobal.ti.email.jar.AppLauncher [main] Application started with arguments: 20200904
2020-09-09 16:34:28,172 [INFO] com.eglobal.ti.email.jar.service.impl.InitApplicationServiceImpl [main] *********** VALIDACIÓN DE PARÁMETROS ***********
2020-09-09 16:34:28,257 [INFO] com.eglobal.ti.email.jar.service.impl.ConectFechaServiceIml [main] ***INICIA CONEXION Y ENVIO DE DATOS A Obtener Parametros: {"fechaSol":"20200904"}
2020-09-09 16:34:30,894 [INFO] com.eglobal.ti.email.jar.service.impl.ConectZipServiceImpl [main] ***INICIA CONEXION Y ENVIO DE DATOS A excel-api: [{"tpformato":21,"fechaSol":"20200904","afiliacion":1234567,"numeroGrupo":5693,"tipotramite":3,"filtroPorGrupo":"0"}]
2020-09-09 16:40:09,595 [INFO] org.springframework.boot.StartupInfoLogger [main] Starting AppLauncher on DESKTOP-25D6UP4 with PID 2540 (C:\Users\Emmanuel\Documents\email-jar\target\classes started by Emmanuel in C:\Users\Emmanuel\Documents\email-jar)
2020-09-09 16:40:09,612 [INFO] org.springframework.boot.SpringApplication [main] No active profile set, falling back to default profiles: default
2020-09-09 16:40:10,745 [INFO] com.ulisesbocchio.jasyptspringboot.configuration.EnableEncryptablePropertiesBeanFactoryPostProcessor [main] Post-processing PropertySource instances
2020-09-09 16:40:10,844 [INFO] com.ulisesbocchio.jasyptspringboot.EncryptablePropertySourceConverter [main] Converting PropertySource configurationProperties [org.springframework.boot.context.properties.source.ConfigurationPropertySourcesPropertySource] to AOP Proxy
2020-09-09 16:40:10,847 [INFO] com.ulisesbocchio.jasyptspringboot.EncryptablePropertySourceConverter [main] Converting PropertySource commandLineArgs [org.springframework.core.env.SimpleCommandLinePropertySource] to EncryptableEnumerablePropertySourceWrapper
2020-09-09 16:40:10,848 [INFO] com.ulisesbocchio.jasyptspringboot.EncryptablePropertySourceConverter [main] Converting PropertySource systemProperties [org.springframework.core.env.MapPropertySource] to EncryptableMapPropertySourceWrapper
2020-09-09 16:40:10,848 [INFO] com.ulisesbocchio.jasyptspringboot.EncryptablePropertySourceConverter [main] Converting PropertySource systemEnvironment [org.springframework.boot.env.SystemEnvironmentPropertySourceEnvironmentPostProcessor$OriginAwareSystemEnvironmentPropertySource] to EncryptableMapPropertySourceWrapper
2020-09-09 16:40:10,848 [INFO] com.ulisesbocchio.jasyptspringboot.EncryptablePropertySourceConverter [main] Converting PropertySource random [org.springframework.boot.env.RandomValuePropertySource] to EncryptablePropertySourceWrapper
2020-09-09 16:40:10,849 [INFO] com.ulisesbocchio.jasyptspringboot.EncryptablePropertySourceConverter [main] Converting PropertySource URL [file:C:/Users/Emmanuel/Documents/eglobal/email-jar-config.properties] [org.springframework.core.env.CompositePropertySource] to EncryptableEnumerablePropertySourceWrapper
2020-09-09 16:40:10,928 [INFO] com.eglobal.ti.email.jar.AppInitializator [main] AppInitializator initialization logic ...
2020-09-09 16:40:10,934 [INFO] com.ulisesbocchio.jasyptspringboot.resolver.DefaultLazyPropertyResolver [main] Property Resolver custom Bean not found with name 'encryptablePropertyResolver'. Initializing Default Property Resolver
2020-09-09 16:40:10,937 [INFO] com.ulisesbocchio.jasyptspringboot.detector.DefaultLazyPropertyDetector [main] Property Detector custom Bean not found with name 'encryptablePropertyDetector'. Initializing Default Property Detector
2020-09-09 16:40:10,945 [INFO] com.eglobal.ti.email.jar.InitApplication [main] InitApplication initialization logic ...
2020-09-09 16:40:11,480 [INFO] org.springframework.boot.StartupInfoLogger [main] Started AppLauncher in 2.492 seconds (JVM running for 3.071)
2020-09-09 16:40:11,486 [INFO] com.eglobal.ti.email.jar.AppLauncher [main] Application started with arguments: 20200904
2020-09-09 16:40:11,490 [INFO] com.eglobal.ti.email.jar.service.impl.InitApplicationServiceImpl [main] *********** VALIDACIÓN DE PARÁMETROS ***********
2020-09-09 16:40:11,566 [INFO] com.eglobal.ti.email.jar.service.impl.ConectFechaServiceIml [main] ***INICIA CONEXION Y ENVIO DE DATOS A Obtener Parametros: {"fechaSol":"20200904"}
2020-09-09 16:40:12,236 [INFO] com.eglobal.ti.email.jar.service.impl.ConectZipServiceImpl [main] ***INICIA CONEXION Y ENVIO DE DATOS A excel-api: [{"tpformato":10,"tipotramite":4,"numeroGrupo":5693,"afiliacion":1234567,"fechaSol":"20200904","filtroPorGrupo":"0"}]
2020-09-09 16:48:53,853 [INFO] org.springframework.boot.StartupInfoLogger [main] Starting AppLauncher on DESKTOP-25D6UP4 with PID 10132 (C:\Users\Emmanuel\Documents\email-jar\target\classes started by Emmanuel in C:\Users\Emmanuel\Documents\email-jar)
2020-09-09 16:48:53,870 [INFO] org.springframework.boot.SpringApplication [main] No active profile set, falling back to default profiles: default
2020-09-09 16:48:54,861 [INFO] com.ulisesbocchio.jasyptspringboot.configuration.EnableEncryptablePropertiesBeanFactoryPostProcessor [main] Post-processing PropertySource instances
2020-09-09 16:48:54,949 [INFO] com.ulisesbocchio.jasyptspringboot.EncryptablePropertySourceConverter [main] Converting PropertySource configurationProperties [org.springframework.boot.context.properties.source.ConfigurationPropertySourcesPropertySource] to AOP Proxy
2020-09-09 16:48:54,953 [INFO] com.ulisesbocchio.jasyptspringboot.EncryptablePropertySourceConverter [main] Converting PropertySource commandLineArgs [org.springframework.core.env.SimpleCommandLinePropertySource] to EncryptableEnumerablePropertySourceWrapper
2020-09-09 16:48:54,953 [INFO] com.ulisesbocchio.jasyptspringboot.EncryptablePropertySourceConverter [main] Converting PropertySource systemProperties [org.springframework.core.env.MapPropertySource] to EncryptableMapPropertySourceWrapper
2020-09-09 16:48:54,954 [INFO] com.ulisesbocchio.jasyptspringboot.EncryptablePropertySourceConverter [main] Converting PropertySource systemEnvironment [org.springframework.boot.env.SystemEnvironmentPropertySourceEnvironmentPostProcessor$OriginAwareSystemEnvironmentPropertySource] to EncryptableMapPropertySourceWrapper
2020-09-09 16:48:54,954 [INFO] com.ulisesbocchio.jasyptspringboot.EncryptablePropertySourceConverter [main] Converting PropertySource random [org.springframework.boot.env.RandomValuePropertySource] to EncryptablePropertySourceWrapper
2020-09-09 16:48:54,954 [INFO] com.ulisesbocchio.jasyptspringboot.EncryptablePropertySourceConverter [main] Converting PropertySource URL [file:C:/Users/Emmanuel/Documents/eglobal/email-jar-config.properties] [org.springframework.core.env.CompositePropertySource] to EncryptableEnumerablePropertySourceWrapper
2020-09-09 16:48:55,037 [INFO] com.eglobal.ti.email.jar.AppInitializator [main] AppInitializator initialization logic ...
2020-09-09 16:48:55,043 [INFO] com.ulisesbocchio.jasyptspringboot.resolver.DefaultLazyPropertyResolver [main] Property Resolver custom Bean not found with name 'encryptablePropertyResolver'. Initializing Default Property Resolver
2020-09-09 16:48:55,047 [INFO] com.ulisesbocchio.jasyptspringboot.detector.DefaultLazyPropertyDetector [main] Property Detector custom Bean not found with name 'encryptablePropertyDetector'. Initializing Default Property Detector
2020-09-09 16:48:55,055 [INFO] com.eglobal.ti.email.jar.InitApplication [main] InitApplication initialization logic ...
2020-09-09 16:48:55,575 [INFO] org.springframework.boot.StartupInfoLogger [main] Started AppLauncher in 2.339 seconds (JVM running for 2.953)
2020-09-09 16:48:55,578 [INFO] com.eglobal.ti.email.jar.AppLauncher [main] Application started with arguments: 20200904
2020-09-09 16:48:55,580 [INFO] com.eglobal.ti.email.jar.service.impl.InitApplicationServiceImpl [main] *********** VALIDACIÓN DE PARÁMETROS ***********
2020-09-09 16:48:55,663 [INFO] com.eglobal.ti.email.jar.service.impl.ConectFechaServiceIml [main] ***INICIA CONEXION Y ENVIO DE DATOS A Obtener Parametros: {"fechaSol":"20200904"}
2020-09-09 16:48:56,414 [INFO] com.eglobal.ti.email.jar.service.impl.ConectZipServiceImpl [main] ***INICIA CONEXION Y ENVIO DE DATOS A excel-api: [{"tpformato":10,"fechaSol":"20200904","numeroGrupo":5693,"afiliacion":1234567,"tipotramite":4,"filtroPorGrupo":"0"}]
2020-09-09 17:07:27,803 [INFO] org.springframework.boot.StartupInfoLogger [main] Starting AppLauncher on DESKTOP-25D6UP4 with PID 17384 (C:\Users\Emmanuel\Documents\email-jar\target\classes started by Emmanuel in C:\Users\Emmanuel\Documents\email-jar)
2020-09-09 17:07:27,806 [INFO] org.springframework.boot.SpringApplication [main] No active profile set, falling back to default profiles: default
2020-09-09 17:07:28,700 [INFO] com.ulisesbocchio.jasyptspringboot.configuration.EnableEncryptablePropertiesBeanFactoryPostProcessor [main] Post-processing PropertySource instances
2020-09-09 17:07:28,803 [INFO] com.ulisesbocchio.jasyptspringboot.EncryptablePropertySourceConverter [main] Converting PropertySource configurationProperties [org.springframework.boot.context.properties.source.ConfigurationPropertySourcesPropertySource] to AOP Proxy
2020-09-09 17:07:28,806 [INFO] com.ulisesbocchio.jasyptspringboot.EncryptablePropertySourceConverter [main] Converting PropertySource commandLineArgs [org.springframework.core.env.SimpleCommandLinePropertySource] to EncryptableEnumerablePropertySourceWrapper
2020-09-09 17:07:28,807 [INFO] com.ulisesbocchio.jasyptspringboot.EncryptablePropertySourceConverter [main] Converting PropertySource systemProperties [org.springframework.core.env.MapPropertySource] to EncryptableMapPropertySourceWrapper
2020-09-09 17:07:28,808 [INFO] com.ulisesbocchio.jasyptspringboot.EncryptablePropertySourceConverter [main] Converting PropertySource systemEnvironment [org.springframework.boot.env.SystemEnvironmentPropertySourceEnvironmentPostProcessor$OriginAwareSystemEnvironmentPropertySource] to EncryptableMapPropertySourceWrapper
2020-09-09 17:07:28,808 [INFO] com.ulisesbocchio.jasyptspringboot.EncryptablePropertySourceConverter [main] Converting PropertySource random [org.springframework.boot.env.RandomValuePropertySource] to EncryptablePropertySourceWrapper
2020-09-09 17:07:28,809 [INFO] com.ulisesbocchio.jasyptspringboot.EncryptablePropertySourceConverter [main] Converting PropertySource URL [file:C:/Users/Emmanuel/Documents/eglobal/email-jar-config.properties] [org.springframework.core.env.CompositePropertySource] to EncryptableEnumerablePropertySourceWrapper
2020-09-09 17:07:28,893 [INFO] com.eglobal.ti.email.jar.AppInitializator [main] AppInitializator initialization logic ...
2020-09-09 17:07:28,902 [INFO] com.ulisesbocchio.jasyptspringboot.resolver.DefaultLazyPropertyResolver [main] Property Resolver custom Bean not found with name 'encryptablePropertyResolver'. Initializing Default Property Resolver
2020-09-09 17:07:28,906 [INFO] com.ulisesbocchio.jasyptspringboot.detector.DefaultLazyPropertyDetector [main] Property Detector custom Bean not found with name 'encryptablePropertyDetector'. Initializing Default Property Detector
2020-09-09 17:07:28,914 [INFO] com.eglobal.ti.email.jar.InitApplication [main] InitApplication initialization logic ...
2020-09-09 17:07:29,333 [INFO] org.springframework.boot.StartupInfoLogger [main] Started AppLauncher in 2.094 seconds (JVM running for 2.627)
2020-09-09 17:07:29,335 [INFO] com.eglobal.ti.email.jar.AppLauncher [main] Application started with arguments: 20200904
2020-09-09 17:07:29,337 [INFO] com.eglobal.ti.email.jar.service.impl.InitApplicationServiceImpl [main] *********** VALIDACIÓN DE PARÁMETROS ***********
2020-09-09 17:07:29,388 [INFO] com.eglobal.ti.email.jar.service.impl.ConectFechaServiceIml [main] ***INICIA CONEXION Y ENVIO DE DATOS A Obtener Parametros: {"fechaSol":"20200904"}
2020-09-09 17:07:29,960 [INFO] com.eglobal.ti.email.jar.service.impl.ConectZipServiceImpl [main] ***INICIA CONEXION Y ENVIO DE DATOS A excel-api: [{"tpformato":10,"fechaSol":"20200904","filtroPorGrupo":"0","tipotramite":4,"numeroGrupo":5693,"afiliacion":1234567}]
2020-09-09 17:11:11,638 [INFO] org.springframework.boot.StartupInfoLogger [main] Starting AppLauncher on DESKTOP-25D6UP4 with PID 12360 (C:\Users\Emmanuel\Documents\email-jar\target\classes started by Emmanuel in C:\Users\Emmanuel\Documents\email-jar)
2020-09-09 17:11:11,643 [INFO] org.springframework.boot.SpringApplication [main] No active profile set, falling back to default profiles: default
2020-09-09 17:11:12,478 [INFO] com.ulisesbocchio.jasyptspringboot.configuration.EnableEncryptablePropertiesBeanFactoryPostProcessor [main] Post-processing PropertySource instances
2020-09-09 17:11:12,555 [INFO] com.ulisesbocchio.jasyptspringboot.EncryptablePropertySourceConverter [main] Converting PropertySource configurationProperties [org.springframework.boot.context.properties.source.ConfigurationPropertySourcesPropertySource] to AOP Proxy
2020-09-09 17:11:12,559 [INFO] com.ulisesbocchio.jasyptspringboot.EncryptablePropertySourceConverter [main] Converting PropertySource commandLineArgs [org.springframework.core.env.SimpleCommandLinePropertySource] to EncryptableEnumerablePropertySourceWrapper
2020-09-09 17:11:12,560 [INFO] com.ulisesbocchio.jasyptspringboot.EncryptablePropertySourceConverter [main] Converting PropertySource systemProperties [org.springframework.core.env.MapPropertySource] to EncryptableMapPropertySourceWrapper
2020-09-09 17:11:12,560 [INFO] com.ulisesbocchio.jasyptspringboot.EncryptablePropertySourceConverter [main] Converting PropertySource systemEnvironment [org.springframework.boot.env.SystemEnvironmentPropertySourceEnvironmentPostProcessor$OriginAwareSystemEnvironmentPropertySource] to EncryptableMapPropertySourceWrapper
2020-09-09 17:11:12,560 [INFO] com.ulisesbocchio.jasyptspringboot.EncryptablePropertySourceConverter [main] Converting PropertySource random [org.springframework.boot.env.RandomValuePropertySource] to EncryptablePropertySourceWrapper
2020-09-09 17:11:12,561 [INFO] com.ulisesbocchio.jasyptspringboot.EncryptablePropertySourceConverter [main] Converting PropertySource URL [file:C:/Users/Emmanuel/Documents/eglobal/email-jar-config.properties] [org.springframework.core.env.CompositePropertySource] to EncryptableEnumerablePropertySourceWrapper
2020-09-09 17:11:12,628 [INFO] com.eglobal.ti.email.jar.AppInitializator [main] AppInitializator initialization logic ...
2020-09-09 17:11:12,635 [INFO] com.ulisesbocchio.jasyptspringboot.resolver.DefaultLazyPropertyResolver [main] Property Resolver custom Bean not found with name 'encryptablePropertyResolver'. Initializing Default Property Resolver
2020-09-09 17:11:12,639 [INFO] com.ulisesbocchio.jasyptspringboot.detector.DefaultLazyPropertyDetector [main] Property Detector custom Bean not found with name 'encryptablePropertyDetector'. Initializing Default Property Detector
2020-09-09 17:11:12,648 [INFO] com.eglobal.ti.email.jar.InitApplication [main] InitApplication initialization logic ...
2020-09-09 17:11:13,090 [INFO] org.springframework.boot.StartupInfoLogger [main] Started AppLauncher in 2.023 seconds (JVM running for 2.55)
2020-09-09 17:11:13,093 [INFO] com.eglobal.ti.email.jar.AppLauncher [main] Application started with arguments: 20200904
2020-09-09 17:11:13,095 [INFO] com.eglobal.ti.email.jar.service.impl.InitApplicationServiceImpl [main] *********** VALIDACIÓN DE PARÁMETROS ***********
2020-09-09 17:11:13,155 [INFO] com.eglobal.ti.email.jar.service.impl.ConectFechaServiceIml [main] ***INICIA CONEXION Y ENVIO DE DATOS A Obtener Parametros: {"fechaSol":"20200904"}
2020-09-09 17:11:13,731 [INFO] com.eglobal.ti.email.jar.service.impl.ConectZipServiceImpl [main] ***INICIA CONEXION Y ENVIO DE DATOS A excel-api: [{"tpformato":10,"fechaSol":"20200904","filtroPorGrupo":"0","afiliacion":1234567,"tipotramite":4,"numeroGrupo":5693}]
2020-09-09 17:16:14,247 [INFO] org.springframework.boot.StartupInfoLogger [main] Starting AppLauncher on DESKTOP-25D6UP4 with PID 15216 (C:\Users\Emmanuel\Documents\email-jar\target\classes started by Emmanuel in C:\Users\Emmanuel\Documents\email-jar)
2020-09-09 17:16:14,252 [INFO] org.springframework.boot.SpringApplication [main] No active profile set, falling back to default profiles: default
2020-09-09 17:16:15,389 [INFO] com.ulisesbocchio.jasyptspringboot.configuration.EnableEncryptablePropertiesBeanFactoryPostProcessor [main] Post-processing PropertySource instances
2020-09-09 17:16:15,498 [INFO] com.ulisesbocchio.jasyptspringboot.EncryptablePropertySourceConverter [main] Converting PropertySource configurationProperties [org.springframework.boot.context.properties.source.ConfigurationPropertySourcesPropertySource] to AOP Proxy
2020-09-09 17:16:15,500 [INFO] com.ulisesbocchio.jasyptspringboot.EncryptablePropertySourceConverter [main] Converting PropertySource commandLineArgs [org.springframework.core.env.SimpleCommandLinePropertySource] to EncryptableEnumerablePropertySourceWrapper
2020-09-09 17:16:15,501 [INFO] com.ulisesbocchio.jasyptspringboot.EncryptablePropertySourceConverter [main] Converting PropertySource systemProperties [org.springframework.core.env.MapPropertySource] to EncryptableMapPropertySourceWrapper
2020-09-09 17:16:15,502 [INFO] com.ulisesbocchio.jasyptspringboot.EncryptablePropertySourceConverter [main] Converting PropertySource systemEnvironment [org.springframework.boot.env.SystemEnvironmentPropertySourceEnvironmentPostProcessor$OriginAwareSystemEnvironmentPropertySource] to EncryptableMapPropertySourceWrapper
2020-09-09 17:16:15,502 [INFO] com.ulisesbocchio.jasyptspringboot.EncryptablePropertySourceConverter [main] Converting PropertySource random [org.springframework.boot.env.RandomValuePropertySource] to EncryptablePropertySourceWrapper
2020-09-09 17:16:15,502 [INFO] com.ulisesbocchio.jasyptspringboot.EncryptablePropertySourceConverter [main] Converting PropertySource URL [file:C:/Users/Emmanuel/Documents/eglobal/email-jar-config.properties] [org.springframework.core.env.CompositePropertySource] to EncryptableEnumerablePropertySourceWrapper
2020-09-09 17:16:15,584 [INFO] com.eglobal.ti.email.jar.AppInitializator [main] AppInitializator initialization logic ...
2020-09-09 17:16:15,590 [INFO] com.ulisesbocchio.jasyptspringboot.resolver.DefaultLazyPropertyResolver [main] Property Resolver custom Bean not found with name 'encryptablePropertyResolver'. Initializing Default Property Resolver
2020-09-09 17:16:15,594 [INFO] com.ulisesbocchio.jasyptspringboot.detector.DefaultLazyPropertyDetector [main] Property Detector custom Bean not found with name 'encryptablePropertyDetector'. Initializing Default Property Detector
2020-09-09 17:16:15,603 [INFO] com.eglobal.ti.email.jar.InitApplication [main] InitApplication initialization logic ...
2020-09-09 17:16:16,105 [INFO] org.springframework.boot.StartupInfoLogger [main] Started AppLauncher in 2.533 seconds (JVM running for 3.229)
2020-09-09 17:16:16,108 [INFO] com.eglobal.ti.email.jar.AppLauncher [main] Application started with arguments: 20200904
2020-09-09 17:16:16,110 [INFO] com.eglobal.ti.email.jar.service.impl.InitApplicationServiceImpl [main] *********** VALIDACIÓN DE PARÁMETROS ***********
2020-09-09 17:16:16,193 [INFO] com.eglobal.ti.email.jar.service.impl.ConectFechaServiceIml [main] ***INICIA CONEXION Y ENVIO DE DATOS A Obtener Parametros: {"fechaSol":"20200904"}
2020-09-09 17:16:16,820 [INFO] com.eglobal.ti.email.jar.service.impl.ConectZipServiceImpl [main] ***INICIA CONEXION Y ENVIO DE DATOS A excel-api: [{"tpformato":8,"fechaSol":"20200904","filtroPorGrupo":"0","tipotramite":2,"numeroGrupo":5693,"afiliacion":1234567}]
2020-09-09 17:22:19,414 [INFO] org.springframework.boot.StartupInfoLogger [main] Starting AppLauncher on DESKTOP-25D6UP4 with PID 14252 (C:\Users\Emmanuel\Documents\email-jar\target\classes started by Emmanuel in C:\Users\Emmanuel\Documents\email-jar)
2020-09-09 17:22:19,421 [INFO] org.springframework.boot.SpringApplication [main] No active profile set, falling back to default profiles: default
2020-09-09 17:22:20,391 [INFO] com.ulisesbocchio.jasyptspringboot.configuration.EnableEncryptablePropertiesBeanFactoryPostProcessor [main] Post-processing PropertySource instances
2020-09-09 17:22:20,478 [INFO] com.ulisesbocchio.jasyptspringboot.EncryptablePropertySourceConverter [main] Converting PropertySource configurationProperties [org.springframework.boot.context.properties.source.ConfigurationPropertySourcesPropertySource] to AOP Proxy
2020-09-09 17:22:20,488 [INFO] com.ulisesbocchio.jasyptspringboot.EncryptablePropertySourceConverter [main] Converting PropertySource commandLineArgs [org.springframework.core.env.SimpleCommandLinePropertySource] to EncryptableEnumerablePropertySourceWrapper
2020-09-09 17:22:20,489 [INFO] com.ulisesbocchio.jasyptspringboot.EncryptablePropertySourceConverter [main] Converting PropertySource systemProperties [org.springframework.core.env.MapPropertySource] to EncryptableMapPropertySourceWrapper
2020-09-09 17:22:20,490 [INFO] com.ulisesbocchio.jasyptspringboot.EncryptablePropertySourceConverter [main] Converting PropertySource systemEnvironment [org.springframework.boot.env.SystemEnvironmentPropertySourceEnvironmentPostProcessor$OriginAwareSystemEnvironmentPropertySource] to EncryptableMapPropertySourceWrapper
2020-09-09 17:22:20,490 [INFO] com.ulisesbocchio.jasyptspringboot.EncryptablePropertySourceConverter [main] Converting PropertySource random [org.springframework.boot.env.RandomValuePropertySource] to EncryptablePropertySourceWrapper
2020-09-09 17:22:20,491 [INFO] com.ulisesbocchio.jasyptspringboot.EncryptablePropertySourceConverter [main] Converting PropertySource URL [file:C:/Users/Emmanuel/Documents/eglobal/email-jar-config.properties] [org.springframework.core.env.CompositePropertySource] to EncryptableEnumerablePropertySourceWrapper
2020-09-09 17:22:20,580 [INFO] com.eglobal.ti.email.jar.AppInitializator [main] AppInitializator initialization logic ...
2020-09-09 17:22:20,588 [INFO] com.ulisesbocchio.jasyptspringboot.resolver.DefaultLazyPropertyResolver [main] Property Resolver custom Bean not found with name 'encryptablePropertyResolver'. Initializing Default Property Resolver
2020-09-09 17:22:20,591 [INFO] com.ulisesbocchio.jasyptspringboot.detector.DefaultLazyPropertyDetector [main] Property Detector custom Bean not found with name 'encryptablePropertyDetector'. Initializing Default Property Detector
2020-09-09 17:22:20,598 [INFO] com.eglobal.ti.email.jar.InitApplication [main] InitApplication initialization logic ...
2020-09-09 17:22:21,113 [INFO] org.springframework.boot.StartupInfoLogger [main] Started AppLauncher in 2.382 seconds (JVM running for 2.943)
2020-09-09 17:22:21,120 [INFO] com.eglobal.ti.email.jar.AppLauncher [main] Application started with arguments: 20200904
2020-09-09 17:22:21,122 [INFO] com.eglobal.ti.email.jar.service.impl.InitApplicationServiceImpl [main] *********** VALIDACIÓN DE PARÁMETROS ***********
2020-09-09 17:22:21,214 [INFO] com.eglobal.ti.email.jar.service.impl.ConectFechaServiceIml [main] ***INICIA CONEXION Y ENVIO DE DATOS A Obtener Parametros: {"fechaSol":"20200904"}
2020-09-09 17:22:25,844 [INFO] com.eglobal.ti.email.jar.service.impl.ConectZipServiceImpl [main] ***INICIA CONEXION Y ENVIO DE DATOS A excel-api: [{"tpformato":8,"fechaSol":"20200904","filtroPorGrupo":"0","tipotramite":2,"numeroGrupo":5693,"afiliacion":1234567}]
2020-09-09 17:30:28,299 [INFO] org.springframework.boot.StartupInfoLogger [main] Starting AppLauncher on DESKTOP-25D6UP4 with PID 12776 (C:\Users\Emmanuel\Documents\email-jar\target\classes started by Emmanuel in C:\Users\Emmanuel\Documents\email-jar)
2020-09-09 17:30:28,303 [INFO] org.springframework.boot.SpringApplication [main] No active profile set, falling back to default profiles: default
2020-09-09 17:30:29,453 [INFO] com.ulisesbocchio.jasyptspringboot.configuration.EnableEncryptablePropertiesBeanFactoryPostProcessor [main] Post-processing PropertySource instances
2020-09-09 17:30:29,581 [INFO] com.ulisesbocchio.jasyptspringboot.EncryptablePropertySourceConverter [main] Converting PropertySource configurationProperties [org.springframework.boot.context.properties.source.ConfigurationPropertySourcesPropertySource] to AOP Proxy
2020-09-09 17:30:29,584 [INFO] com.ulisesbocchio.jasyptspringboot.EncryptablePropertySourceConverter [main] Converting PropertySource commandLineArgs [org.springframework.core.env.SimpleCommandLinePropertySource] to EncryptableEnumerablePropertySourceWrapper
2020-09-09 17:30:29,584 [INFO] com.ulisesbocchio.jasyptspringboot.EncryptablePropertySourceConverter [main] Converting PropertySource systemProperties [org.springframework.core.env.MapPropertySource] to EncryptableMapPropertySourceWrapper
2020-09-09 17:30:29,584 [INFO] com.ulisesbocchio.jasyptspringboot.EncryptablePropertySourceConverter [main] Converting PropertySource systemEnvironment [org.springframework.boot.env.SystemEnvironmentPropertySourceEnvironmentPostProcessor$OriginAwareSystemEnvironmentPropertySource] to EncryptableMapPropertySourceWrapper
2020-09-09 17:30:29,585 [INFO] com.ulisesbocchio.jasyptspringboot.EncryptablePropertySourceConverter [main] Converting PropertySource random [org.springframework.boot.env.RandomValuePropertySource] to EncryptablePropertySourceWrapper
2020-09-09 17:30:29,599 [INFO] com.ulisesbocchio.jasyptspringboot.EncryptablePropertySourceConverter [main] Converting PropertySource URL [file:C:/Users/Emmanuel/Documents/eglobal/email-jar-config.properties] [org.springframework.core.env.CompositePropertySource] to EncryptableEnumerablePropertySourceWrapper
2020-09-09 17:30:29,694 [INFO] com.eglobal.ti.email.jar.AppInitializator [main] AppInitializator initialization logic ...
2020-09-09 17:30:29,699 [INFO] com.ulisesbocchio.jasyptspringboot.resolver.DefaultLazyPropertyResolver [main] Property Resolver custom Bean not found with name 'encryptablePropertyResolver'. Initializing Default Property Resolver
2020-09-09 17:30:29,702 [INFO] com.ulisesbocchio.jasyptspringboot.detector.DefaultLazyPropertyDetector [main] Property Detector custom Bean not found with name 'encryptablePropertyDetector'. Initializing Default Property Detector
2020-09-09 17:30:29,709 [INFO] com.eglobal.ti.email.jar.InitApplication [main] InitApplication initialization logic ...
2020-09-09 17:30:30,281 [INFO] org.springframework.boot.StartupInfoLogger [main] Started AppLauncher in 2.653 seconds (JVM running for 3.18)
2020-09-09 17:30:30,284 [INFO] com.eglobal.ti.email.jar.AppLauncher [main] Application started with arguments: 20200904
2020-09-09 17:30:30,287 [INFO] com.eglobal.ti.email.jar.service.impl.InitApplicationServiceImpl [main] *********** VALIDACIÓN DE PARÁMETROS ***********
2020-09-09 17:30:30,369 [INFO] com.eglobal.ti.email.jar.service.impl.ConectFechaServiceIml [main] ***INICIA CONEXION Y ENVIO DE DATOS A Obtener Parametros: {"fechaSol":"20200904"}
2020-09-09 17:30:31,041 [INFO] com.eglobal.ti.email.jar.service.impl.ConectZipServiceImpl [main] ***INICIA CONEXION Y ENVIO DE DATOS A excel-api: [{"tpformato":8,"fechaSol":"20200904","filtroPorGrupo":"0","afiliacion":1234567,"numeroGrupo":5693,"tipotramite":2}]
2020-09-09 17:37:35,839 [INFO] org.springframework.boot.StartupInfoLogger [main] Starting AppLauncher on DESKTOP-25D6UP4 with PID 564 (C:\Users\Emmanuel\Documents\email-jar\target\classes started by Emmanuel in C:\Users\Emmanuel\Documents\email-jar)
2020-09-09 17:37:35,842 [INFO] org.springframework.boot.SpringApplication [main] No active profile set, falling back to default profiles: default
2020-09-09 17:37:37,004 [INFO] com.ulisesbocchio.jasyptspringboot.configuration.EnableEncryptablePropertiesBeanFactoryPostProcessor [main] Post-processing PropertySource instances
2020-09-09 17:37:37,119 [INFO] com.ulisesbocchio.jasyptspringboot.EncryptablePropertySourceConverter [main] Converting PropertySource configurationProperties [org.springframework.boot.context.properties.source.ConfigurationPropertySourcesPropertySource] to AOP Proxy
2020-09-09 17:37:37,121 [INFO] com.ulisesbocchio.jasyptspringboot.EncryptablePropertySourceConverter [main] Converting PropertySource commandLineArgs [org.springframework.core.env.SimpleCommandLinePropertySource] to EncryptableEnumerablePropertySourceWrapper
2020-09-09 17:37:37,122 [INFO] com.ulisesbocchio.jasyptspringboot.EncryptablePropertySourceConverter [main] Converting PropertySource systemProperties [org.springframework.core.env.MapPropertySource] to EncryptableMapPropertySourceWrapper
2020-09-09 17:37:37,123 [INFO] com.ulisesbocchio.jasyptspringboot.EncryptablePropertySourceConverter [main] Converting PropertySource systemEnvironment [org.springframework.boot.env.SystemEnvironmentPropertySourceEnvironmentPostProcessor$OriginAwareSystemEnvironmentPropertySource] to EncryptableMapPropertySourceWrapper
2020-09-09 17:37:37,123 [INFO] com.ulisesbocchio.jasyptspringboot.EncryptablePropertySourceConverter [main] Converting PropertySource random [org.springframework.boot.env.RandomValuePropertySource] to EncryptablePropertySourceWrapper
2020-09-09 17:37:37,123 [INFO] com.ulisesbocchio.jasyptspringboot.EncryptablePropertySourceConverter [main] Converting PropertySource URL [file:C:/Users/Emmanuel/Documents/eglobal/email-jar-config.properties] [org.springframework.core.env.CompositePropertySource] to EncryptableEnumerablePropertySourceWrapper
2020-09-09 17:37:37,232 [INFO] com.eglobal.ti.email.jar.AppInitializator [main] AppInitializator initialization logic ...
2020-09-09 17:37:37,238 [INFO] com.ulisesbocchio.jasyptspringboot.resolver.DefaultLazyPropertyResolver [main] Property Resolver custom Bean not found with name 'encryptablePropertyResolver'. Initializing Default Property Resolver
2020-09-09 17:37:37,241 [INFO] com.ulisesbocchio.jasyptspringboot.detector.DefaultLazyPropertyDetector [main] Property Detector custom Bean not found with name 'encryptablePropertyDetector'. Initializing Default Property Detector
2020-09-09 17:37:37,250 [INFO] com.eglobal.ti.email.jar.InitApplication [main] InitApplication initialization logic ...
2020-09-09 17:37:37,786 [INFO] org.springframework.boot.StartupInfoLogger [main] Started AppLauncher in 2.58 seconds (JVM running for 3.141)
2020-09-09 17:37:37,791 [INFO] com.eglobal.ti.email.jar.AppLauncher [main] Application started with arguments: 20200904
2020-09-09 17:37:37,797 [INFO] com.eglobal.ti.email.jar.service.impl.InitApplicationServiceImpl [main] *********** VALIDACIÓN DE PARÁMETROS ***********
2020-09-09 17:37:37,891 [INFO] com.eglobal.ti.email.jar.service.impl.ConectFechaServiceIml [main] ***INICIA CONEXION Y ENVIO DE DATOS A Obtener Parametros: {"fechaSol":"20200904"}
2020-09-09 17:37:38,531 [INFO] com.eglobal.ti.email.jar.service.impl.ConectZipServiceImpl [main] ***INICIA CONEXION Y ENVIO DE DATOS A excel-api: [{"tpformato":12,"fechaSol":"20200904","afiliacion":1234567,"tipotramite":6,"numeroGrupo":5693,"filtroPorGrupo":"0"}]
2020-09-09 17:44:55,110 [INFO] org.springframework.boot.StartupInfoLogger [main] Starting AppLauncher on DESKTOP-25D6UP4 with PID 5568 (C:\Users\Emmanuel\Documents\email-jar\target\classes started by Emmanuel in C:\Users\Emmanuel\Documents\email-jar)
2020-09-09 17:44:55,118 [INFO] org.springframework.boot.SpringApplication [main] No active profile set, falling back to default profiles: default
2020-09-09 17:44:56,474 [INFO] com.ulisesbocchio.jasyptspringboot.configuration.EnableEncryptablePropertiesBeanFactoryPostProcessor [main] Post-processing PropertySource instances
2020-09-09 17:44:56,569 [INFO] com.ulisesbocchio.jasyptspringboot.EncryptablePropertySourceConverter [main] Converting PropertySource configurationProperties [org.springframework.boot.context.properties.source.ConfigurationPropertySourcesPropertySource] to AOP Proxy
2020-09-09 17:44:56,572 [INFO] com.ulisesbocchio.jasyptspringboot.EncryptablePropertySourceConverter [main] Converting PropertySource commandLineArgs [org.springframework.core.env.SimpleCommandLinePropertySource] to EncryptableEnumerablePropertySourceWrapper
2020-09-09 17:44:56,573 [INFO] com.ulisesbocchio.jasyptspringboot.EncryptablePropertySourceConverter [main] Converting PropertySource systemProperties [org.springframework.core.env.MapPropertySource] to EncryptableMapPropertySourceWrapper
2020-09-09 17:44:56,573 [INFO] com.ulisesbocchio.jasyptspringboot.EncryptablePropertySourceConverter [main] Converting PropertySource systemEnvironment [org.springframework.boot.env.SystemEnvironmentPropertySourceEnvironmentPostProcessor$OriginAwareSystemEnvironmentPropertySource] to EncryptableMapPropertySourceWrapper
2020-09-09 17:44:56,573 [INFO] com.ulisesbocchio.jasyptspringboot.EncryptablePropertySourceConverter [main] Converting PropertySource random [org.springframework.boot.env.RandomValuePropertySource] to EncryptablePropertySourceWrapper
2020-09-09 17:44:56,574 [INFO] com.ulisesbocchio.jasyptspringboot.EncryptablePropertySourceConverter [main] Converting PropertySource URL [file:C:/Users/Emmanuel/Documents/eglobal/email-jar-config.properties] [org.springframework.core.env.CompositePropertySource] to EncryptableEnumerablePropertySourceWrapper
2020-09-09 17:44:56,658 [INFO] com.eglobal.ti.email.jar.AppInitializator [main] AppInitializator initialization logic ...
2020-09-09 17:44:56,664 [INFO] com.ulisesbocchio.jasyptspringboot.resolver.DefaultLazyPropertyResolver [main] Property Resolver custom Bean not found with name 'encryptablePropertyResolver'. Initializing Default Property Resolver
2020-09-09 17:44:56,669 [INFO] com.ulisesbocchio.jasyptspringboot.detector.DefaultLazyPropertyDetector [main] Property Detector custom Bean not found with name 'encryptablePropertyDetector'. Initializing Default Property Detector
2020-09-09 17:44:56,675 [INFO] com.eglobal.ti.email.jar.InitApplication [main] InitApplication initialization logic ...
2020-09-09 17:44:57,612 [INFO] org.springframework.boot.StartupInfoLogger [main] Started AppLauncher in 3.326 seconds (JVM running for 3.968)
2020-09-09 17:44:57,616 [INFO] com.eglobal.ti.email.jar.AppLauncher [main] Application started with arguments: 20200904
2020-09-09 17:44:57,618 [INFO] com.eglobal.ti.email.jar.service.impl.InitApplicationServiceImpl [main] *********** VALIDACIÓN DE PARÁMETROS ***********
2020-09-09 17:44:57,692 [INFO] com.eglobal.ti.email.jar.service.impl.ConectFechaServiceIml [main] ***INICIA CONEXION Y ENVIO DE DATOS A Obtener Parametros: {"fechaSol":"20200904"}
2020-09-09 17:45:00,337 [INFO] com.eglobal.ti.email.jar.service.impl.ConectZipServiceImpl [main] ***INICIA CONEXION Y ENVIO DE DATOS A excel-api: [{"tpformato":12,"fechaSol":"20200904","tipotramite":6,"numeroGrupo":5693,"afiliacion":1234567,"filtroPorGrupo":"0"}]
