2020-08-25 10:19:17,875 [INFO] org.springframework.boot.StartupInfoLogger [main] Starting AppLauncher on DESKTOP-25D6UP4 with PID 16652 (C:\Users\Emmanuel\Documents\email-jar\target\classes started by Emmanuel in C:\Users\Emmanuel\Documents\email-jar)
2020-08-25 10:19:17,891 [INFO] org.springframework.boot.SpringApplication [main] No active profile set, falling back to default profiles: default
2020-08-25 10:19:19,063 [INFO] com.ulisesbocchio.jasyptspringboot.configuration.EnableEncryptablePropertiesBeanFactoryPostProcessor [main] Post-processing PropertySource instances
2020-08-25 10:19:19,154 [INFO] com.ulisesbocchio.jasyptspringboot.EncryptablePropertySourceConverter [main] Converting PropertySource configurationProperties [org.springframework.boot.context.properties.source.ConfigurationPropertySourcesPropertySource] to AOP Proxy
2020-08-25 10:19:19,156 [INFO] com.ulisesbocchio.jasyptspringboot.EncryptablePropertySourceConverter [main] Converting PropertySource commandLineArgs [org.springframework.core.env.SimpleCommandLinePropertySource] to EncryptableEnumerablePropertySourceWrapper
2020-08-25 10:19:19,157 [INFO] com.ulisesbocchio.jasyptspringboot.EncryptablePropertySourceConverter [main] Converting PropertySource systemProperties [org.springframework.core.env.MapPropertySource] to EncryptableMapPropertySourceWrapper
2020-08-25 10:19:19,157 [INFO] com.ulisesbocchio.jasyptspringboot.EncryptablePropertySourceConverter [main] Converting PropertySource systemEnvironment [org.springframework.boot.env.SystemEnvironmentPropertySourceEnvironmentPostProcessor$OriginAwareSystemEnvironmentPropertySource] to EncryptableMapPropertySourceWrapper
2020-08-25 10:19:19,158 [INFO] com.ulisesbocchio.jasyptspringboot.EncryptablePropertySourceConverter [main] Converting PropertySource random [org.springframework.boot.env.RandomValuePropertySource] to EncryptablePropertySourceWrapper
2020-08-25 10:19:19,158 [INFO] com.ulisesbocchio.jasyptspringboot.EncryptablePropertySourceConverter [main] Converting PropertySource URL [file:C:/Users/Emmanuel/Documents/eglobal/email-jar-config.properties] [org.springframework.core.env.CompositePropertySource] to EncryptableEnumerablePropertySourceWrapper
2020-08-25 10:19:19,387 [INFO] com.eglobal.ti.email.jar.AppInitializator [main] AppInitializator initialization logic ...
2020-08-25 10:19:19,394 [INFO] com.ulisesbocchio.jasyptspringboot.resolver.DefaultLazyPropertyResolver [main] Property Resolver custom Bean not found with name 'encryptablePropertyResolver'. Initializing Default Property Resolver
2020-08-25 10:19:19,398 [INFO] com.ulisesbocchio.jasyptspringboot.detector.DefaultLazyPropertyDetector [main] Property Detector custom Bean not found with name 'encryptablePropertyDetector'. Initializing Default Property Detector
2020-08-25 10:19:19,410 [INFO] com.eglobal.ti.email.jar.InitApplication [main] InitApplication initialization logic ...
2020-08-25 10:19:20,148 [INFO] org.springframework.boot.StartupInfoLogger [main] Started AppLauncher in 3.04 seconds (JVM running for 3.867)
2020-08-25 10:19:20,152 [INFO] com.eglobal.ti.email.jar.AppLauncher [main] Application started with arguments: 20200825
2020-08-25 10:19:20,154 [INFO] com.eglobal.ti.email.jar.service.impl.InitApplicationServiceImpl [main] *********** VALIDACIÓN DE PARÁMETROS ***********
2020-08-25 10:19:20,259 [INFO] com.eglobal.ti.email.jar.service.impl.ConectFechaServiceIml [main] ***INICIA CONEXION Y ENVIO DE DATOS A Obtener Parametros: {"fechaSol":"20200825"}
2020-08-25 10:19:20,973 [INFO] com.eglobal.ti.email.jar.service.impl.ConectZipServiceImpl [main] ***INICIA CONEXION Y ENVIO DE DATOS A excel-api: [{"tpformato":1,"fechaSol":"20200825","numeroGrupo":1548,"tipotramite":1,"afiliacion":4918405,"filtroPorGrupo":"0"}]
2020-08-25 11:57:18,016 [INFO] org.springframework.boot.StartupInfoLogger [main] Starting AppLauncher on DESKTOP-25D6UP4 with PID 17536 (C:\Users\Emmanuel\Documents\email-jar\target\classes started by Emmanuel in C:\Users\Emmanuel\Documents\email-jar)
2020-08-25 11:57:18,020 [INFO] org.springframework.boot.SpringApplication [main] No active profile set, falling back to default profiles: default
2020-08-25 11:57:18,855 [INFO] com.ulisesbocchio.jasyptspringboot.configuration.EnableEncryptablePropertiesBeanFactoryPostProcessor [main] Post-processing PropertySource instances
2020-08-25 11:57:18,928 [INFO] com.ulisesbocchio.jasyptspringboot.EncryptablePropertySourceConverter [main] Converting PropertySource configurationProperties [org.springframework.boot.context.properties.source.ConfigurationPropertySourcesPropertySource] to AOP Proxy
2020-08-25 11:57:18,930 [INFO] com.ulisesbocchio.jasyptspringboot.EncryptablePropertySourceConverter [main] Converting PropertySource commandLineArgs [org.springframework.core.env.SimpleCommandLinePropertySource] to EncryptableEnumerablePropertySourceWrapper
2020-08-25 11:57:18,930 [INFO] com.ulisesbocchio.jasyptspringboot.EncryptablePropertySourceConverter [main] Converting PropertySource systemProperties [org.springframework.core.env.MapPropertySource] to EncryptableMapPropertySourceWrapper
2020-08-25 11:57:18,931 [INFO] com.ulisesbocchio.jasyptspringboot.EncryptablePropertySourceConverter [main] Converting PropertySource systemEnvironment [org.springframework.boot.env.SystemEnvironmentPropertySourceEnvironmentPostProcessor$OriginAwareSystemEnvironmentPropertySource] to EncryptableMapPropertySourceWrapper
2020-08-25 11:57:18,931 [INFO] com.ulisesbocchio.jasyptspringboot.EncryptablePropertySourceConverter [main] Converting PropertySource random [org.springframework.boot.env.RandomValuePropertySource] to EncryptablePropertySourceWrapper
2020-08-25 11:57:18,931 [INFO] com.ulisesbocchio.jasyptspringboot.EncryptablePropertySourceConverter [main] Converting PropertySource URL [file:C:/Users/Emmanuel/Documents/eglobal/email-jar-config.properties] [org.springframework.core.env.CompositePropertySource] to EncryptableEnumerablePropertySourceWrapper
2020-08-25 11:57:19,002 [INFO] com.eglobal.ti.email.jar.AppInitializator [main] AppInitializator initialization logic ...
2020-08-25 11:57:19,009 [INFO] com.ulisesbocchio.jasyptspringboot.resolver.DefaultLazyPropertyResolver [main] Property Resolver custom Bean not found with name 'encryptablePropertyResolver'. Initializing Default Property Resolver
2020-08-25 11:57:19,013 [INFO] com.ulisesbocchio.jasyptspringboot.detector.DefaultLazyPropertyDetector [main] Property Detector custom Bean not found with name 'encryptablePropertyDetector'. Initializing Default Property Detector
2020-08-25 11:57:19,020 [INFO] com.eglobal.ti.email.jar.InitApplication [main] InitApplication initialization logic ...
2020-08-25 11:57:19,467 [INFO] org.springframework.boot.StartupInfoLogger [main] Started AppLauncher in 1.988 seconds (JVM running for 2.527)
2020-08-25 11:57:19,470 [INFO] com.eglobal.ti.email.jar.AppLauncher [main] Application started with arguments: 20200825
2020-08-25 11:57:19,472 [INFO] com.eglobal.ti.email.jar.service.impl.InitApplicationServiceImpl [main] *********** VALIDACIÓN DE PARÁMETROS ***********
2020-08-25 11:57:19,531 [INFO] com.eglobal.ti.email.jar.service.impl.ConectFechaServiceIml [main] ***INICIA CONEXION Y ENVIO DE DATOS A Obtener Parametros: {"fechaSol":"20200825"}
2020-08-25 11:57:20,215 [INFO] com.eglobal.ti.email.jar.service.impl.ConectZipServiceImpl [main] ***INICIA CONEXION Y ENVIO DE DATOS A excel-api: [{"tpformato":1,"fechaSol":"20200825","tipotramite":1,"afiliacion":4918405,"numeroGrupo":1548,"filtroPorGrupo":"0"}]
2020-08-25 12:02:00,179 [INFO] org.springframework.boot.StartupInfoLogger [main] Starting AppLauncher on DESKTOP-25D6UP4 with PID 2436 (C:\Users\Emmanuel\Documents\email-jar\target\classes started by Emmanuel in C:\Users\Emmanuel\Documents\email-jar)
2020-08-25 12:02:00,184 [INFO] org.springframework.boot.SpringApplication [main] No active profile set, falling back to default profiles: default
2020-08-25 12:02:01,202 [INFO] com.ulisesbocchio.jasyptspringboot.configuration.EnableEncryptablePropertiesBeanFactoryPostProcessor [main] Post-processing PropertySource instances
2020-08-25 12:02:01,302 [INFO] com.ulisesbocchio.jasyptspringboot.EncryptablePropertySourceConverter [main] Converting PropertySource configurationProperties [org.springframework.boot.context.properties.source.ConfigurationPropertySourcesPropertySource] to AOP Proxy
2020-08-25 12:02:01,305 [INFO] com.ulisesbocchio.jasyptspringboot.EncryptablePropertySourceConverter [main] Converting PropertySource commandLineArgs [org.springframework.core.env.SimpleCommandLinePropertySource] to EncryptableEnumerablePropertySourceWrapper
2020-08-25 12:02:01,305 [INFO] com.ulisesbocchio.jasyptspringboot.EncryptablePropertySourceConverter [main] Converting PropertySource systemProperties [org.springframework.core.env.MapPropertySource] to EncryptableMapPropertySourceWrapper
2020-08-25 12:02:01,306 [INFO] com.ulisesbocchio.jasyptspringboot.EncryptablePropertySourceConverter [main] Converting PropertySource systemEnvironment [org.springframework.boot.env.SystemEnvironmentPropertySourceEnvironmentPostProcessor$OriginAwareSystemEnvironmentPropertySource] to EncryptableMapPropertySourceWrapper
2020-08-25 12:02:01,307 [INFO] com.ulisesbocchio.jasyptspringboot.EncryptablePropertySourceConverter [main] Converting PropertySource random [org.springframework.boot.env.RandomValuePropertySource] to EncryptablePropertySourceWrapper
2020-08-25 12:02:01,307 [INFO] com.ulisesbocchio.jasyptspringboot.EncryptablePropertySourceConverter [main] Converting PropertySource URL [file:C:/Users/Emmanuel/Documents/eglobal/email-jar-config.properties] [org.springframework.core.env.CompositePropertySource] to EncryptableEnumerablePropertySourceWrapper
2020-08-25 12:02:01,404 [INFO] com.eglobal.ti.email.jar.AppInitializator [main] AppInitializator initialization logic ...
2020-08-25 12:02:01,413 [INFO] com.ulisesbocchio.jasyptspringboot.resolver.DefaultLazyPropertyResolver [main] Property Resolver custom Bean not found with name 'encryptablePropertyResolver'. Initializing Default Property Resolver
2020-08-25 12:02:01,418 [INFO] com.ulisesbocchio.jasyptspringboot.detector.DefaultLazyPropertyDetector [main] Property Detector custom Bean not found with name 'encryptablePropertyDetector'. Initializing Default Property Detector
2020-08-25 12:02:01,426 [INFO] com.eglobal.ti.email.jar.InitApplication [main] InitApplication initialization logic ...
2020-08-25 12:02:02,010 [INFO] org.springframework.boot.StartupInfoLogger [main] Started AppLauncher in 2.527 seconds (JVM running for 3.163)
2020-08-25 12:02:02,014 [INFO] com.eglobal.ti.email.jar.AppLauncher [main] Application started with arguments: 20200825
2020-08-25 12:02:02,016 [INFO] com.eglobal.ti.email.jar.service.impl.InitApplicationServiceImpl [main] *********** VALIDACIÓN DE PARÁMETROS ***********
2020-08-25 12:02:02,112 [INFO] com.eglobal.ti.email.jar.service.impl.ConectFechaServiceIml [main] ***INICIA CONEXION Y ENVIO DE DATOS A Obtener Parametros: {"fechaSol":"20200825"}
2020-08-25 12:02:02,789 [INFO] com.eglobal.ti.email.jar.service.impl.ConectZipServiceImpl [main] ***INICIA CONEXION Y ENVIO DE DATOS A excel-api: [{"tpformato":1,"fechaSol":"20200825","filtroPorGrupo":"0","afiliacion":4918405,"tipotramite":1,"numeroGrupo":1548}]
2020-08-25 12:02:31,381 [INFO] org.springframework.boot.StartupInfoLogger [main] Starting AppLauncher on DESKTOP-25D6UP4 with PID 9628 (C:\Users\Emmanuel\Documents\email-jar\target\classes started by Emmanuel in C:\Users\Emmanuel\Documents\email-jar)
2020-08-25 12:02:31,386 [INFO] org.springframework.boot.SpringApplication [main] No active profile set, falling back to default profiles: default
2020-08-25 12:02:32,397 [INFO] com.ulisesbocchio.jasyptspringboot.configuration.EnableEncryptablePropertiesBeanFactoryPostProcessor [main] Post-processing PropertySource instances
2020-08-25 12:02:32,493 [INFO] com.ulisesbocchio.jasyptspringboot.EncryptablePropertySourceConverter [main] Converting PropertySource configurationProperties [org.springframework.boot.context.properties.source.ConfigurationPropertySourcesPropertySource] to AOP Proxy
2020-08-25 12:02:32,496 [INFO] com.ulisesbocchio.jasyptspringboot.EncryptablePropertySourceConverter [main] Converting PropertySource commandLineArgs [org.springframework.core.env.SimpleCommandLinePropertySource] to EncryptableEnumerablePropertySourceWrapper
2020-08-25 12:02:32,497 [INFO] com.ulisesbocchio.jasyptspringboot.EncryptablePropertySourceConverter [main] Converting PropertySource systemProperties [org.springframework.core.env.MapPropertySource] to EncryptableMapPropertySourceWrapper
2020-08-25 12:02:32,498 [INFO] com.ulisesbocchio.jasyptspringboot.EncryptablePropertySourceConverter [main] Converting PropertySource systemEnvironment [org.springframework.boot.env.SystemEnvironmentPropertySourceEnvironmentPostProcessor$OriginAwareSystemEnvironmentPropertySource] to EncryptableMapPropertySourceWrapper
2020-08-25 12:02:32,498 [INFO] com.ulisesbocchio.jasyptspringboot.EncryptablePropertySourceConverter [main] Converting PropertySource random [org.springframework.boot.env.RandomValuePropertySource] to EncryptablePropertySourceWrapper
2020-08-25 12:02:32,499 [INFO] com.ulisesbocchio.jasyptspringboot.EncryptablePropertySourceConverter [main] Converting PropertySource URL [file:C:/Users/Emmanuel/Documents/eglobal/email-jar-config.properties] [org.springframework.core.env.CompositePropertySource] to EncryptableEnumerablePropertySourceWrapper
2020-08-25 12:02:32,594 [INFO] com.eglobal.ti.email.jar.AppInitializator [main] AppInitializator initialization logic ...
2020-08-25 12:02:32,604 [INFO] com.ulisesbocchio.jasyptspringboot.resolver.DefaultLazyPropertyResolver [main] Property Resolver custom Bean not found with name 'encryptablePropertyResolver'. Initializing Default Property Resolver
2020-08-25 12:02:32,611 [INFO] com.ulisesbocchio.jasyptspringboot.detector.DefaultLazyPropertyDetector [main] Property Detector custom Bean not found with name 'encryptablePropertyDetector'. Initializing Default Property Detector
2020-08-25 12:02:32,623 [INFO] com.eglobal.ti.email.jar.InitApplication [main] InitApplication initialization logic ...
2020-08-25 12:02:33,196 [INFO] org.springframework.boot.StartupInfoLogger [main] Started AppLauncher in 2.436 seconds (JVM running for 3.069)
2020-08-25 12:02:33,200 [INFO] com.eglobal.ti.email.jar.AppLauncher [main] Application started with arguments: 20200825
2020-08-25 12:02:33,203 [INFO] com.eglobal.ti.email.jar.service.impl.InitApplicationServiceImpl [main] *********** VALIDACIÓN DE PARÁMETROS ***********
2020-08-25 12:02:33,275 [INFO] com.eglobal.ti.email.jar.service.impl.ConectFechaServiceIml [main] ***INICIA CONEXION Y ENVIO DE DATOS A Obtener Parametros: {"fechaSol":"20200825"}
2020-08-25 12:02:33,907 [INFO] com.eglobal.ti.email.jar.service.impl.ConectZipServiceImpl [main] ***INICIA CONEXION Y ENVIO DE DATOS A excel-api: [{"tpformato":1,"fechaSol":"20200825","afiliacion":4918405,"tipotramite":1,"numeroGrupo":1548,"filtroPorGrupo":"0"}]
2020-08-25 12:37:46,397 [INFO] org.springframework.boot.StartupInfoLogger [main] Starting AppLauncher on DESKTOP-25D6UP4 with PID 4980 (C:\Users\Emmanuel\Documents\email-jar\target\classes started by Emmanuel in C:\Users\Emmanuel\Documents\email-jar)
2020-08-25 12:37:46,401 [INFO] org.springframework.boot.SpringApplication [main] No active profile set, falling back to default profiles: default
2020-08-25 12:37:47,622 [INFO] com.ulisesbocchio.jasyptspringboot.configuration.EnableEncryptablePropertiesBeanFactoryPostProcessor [main] Post-processing PropertySource instances
2020-08-25 12:37:47,760 [INFO] com.ulisesbocchio.jasyptspringboot.EncryptablePropertySourceConverter [main] Converting PropertySource configurationProperties [org.springframework.boot.context.properties.source.ConfigurationPropertySourcesPropertySource] to AOP Proxy
2020-08-25 12:37:47,763 [INFO] com.ulisesbocchio.jasyptspringboot.EncryptablePropertySourceConverter [main] Converting PropertySource commandLineArgs [org.springframework.core.env.SimpleCommandLinePropertySource] to EncryptableEnumerablePropertySourceWrapper
2020-08-25 12:37:47,764 [INFO] com.ulisesbocchio.jasyptspringboot.EncryptablePropertySourceConverter [main] Converting PropertySource systemProperties [org.springframework.core.env.MapPropertySource] to EncryptableMapPropertySourceWrapper
2020-08-25 12:37:47,764 [INFO] com.ulisesbocchio.jasyptspringboot.EncryptablePropertySourceConverter [main] Converting PropertySource systemEnvironment [org.springframework.boot.env.SystemEnvironmentPropertySourceEnvironmentPostProcessor$OriginAwareSystemEnvironmentPropertySource] to EncryptableMapPropertySourceWrapper
2020-08-25 12:37:47,765 [INFO] com.ulisesbocchio.jasyptspringboot.EncryptablePropertySourceConverter [main] Converting PropertySource random [org.springframework.boot.env.RandomValuePropertySource] to EncryptablePropertySourceWrapper
2020-08-25 12:37:47,765 [INFO] com.ulisesbocchio.jasyptspringboot.EncryptablePropertySourceConverter [main] Converting PropertySource URL [file:C:/Users/Emmanuel/Documents/eglobal/email-jar-config.properties] [org.springframework.core.env.CompositePropertySource] to EncryptableEnumerablePropertySourceWrapper
2020-08-25 12:37:47,882 [INFO] com.eglobal.ti.email.jar.AppInitializator [main] AppInitializator initialization logic ...
2020-08-25 12:37:47,894 [INFO] com.ulisesbocchio.jasyptspringboot.resolver.DefaultLazyPropertyResolver [main] Property Resolver custom Bean not found with name 'encryptablePropertyResolver'. Initializing Default Property Resolver
2020-08-25 12:37:47,899 [INFO] com.ulisesbocchio.jasyptspringboot.detector.DefaultLazyPropertyDetector [main] Property Detector custom Bean not found with name 'encryptablePropertyDetector'. Initializing Default Property Detector
2020-08-25 12:37:47,910 [INFO] com.eglobal.ti.email.jar.InitApplication [main] InitApplication initialization logic ...
2020-08-25 12:37:48,562 [INFO] org.springframework.boot.StartupInfoLogger [main] Started AppLauncher in 3.191 seconds (JVM running for 3.927)
2020-08-25 12:37:48,565 [INFO] com.eglobal.ti.email.jar.AppLauncher [main] Application started with arguments: 20200825
2020-08-25 12:37:48,568 [INFO] com.eglobal.ti.email.jar.service.impl.InitApplicationServiceImpl [main] *********** VALIDACIÓN DE PARÁMETROS ***********
2020-08-25 12:37:48,660 [INFO] com.eglobal.ti.email.jar.service.impl.ConectFechaServiceIml [main] ***INICIA CONEXION Y ENVIO DE DATOS A Obtener Parametros: {"fechaSol":"20200825"}
2020-08-25 12:37:50,802 [ERROR] com.eglobal.ti.email.jar.service.impl.InitApplicationServiceImpl [main] No hay agrupaciones
2020-08-25 12:38:13,323 [INFO] org.springframework.boot.StartupInfoLogger [main] Starting AppLauncher on DESKTOP-25D6UP4 with PID 12152 (C:\Users\Emmanuel\Documents\email-jar\target\classes started by Emmanuel in C:\Users\Emmanuel\Documents\email-jar)
2020-08-25 12:38:13,328 [INFO] org.springframework.boot.SpringApplication [main] No active profile set, falling back to default profiles: default
2020-08-25 12:38:14,499 [INFO] com.ulisesbocchio.jasyptspringboot.configuration.EnableEncryptablePropertiesBeanFactoryPostProcessor [main] Post-processing PropertySource instances
2020-08-25 12:38:14,603 [INFO] com.ulisesbocchio.jasyptspringboot.EncryptablePropertySourceConverter [main] Converting PropertySource configurationProperties [org.springframework.boot.context.properties.source.ConfigurationPropertySourcesPropertySource] to AOP Proxy
2020-08-25 12:38:14,606 [INFO] com.ulisesbocchio.jasyptspringboot.EncryptablePropertySourceConverter [main] Converting PropertySource commandLineArgs [org.springframework.core.env.SimpleCommandLinePropertySource] to EncryptableEnumerablePropertySourceWrapper
2020-08-25 12:38:14,607 [INFO] com.ulisesbocchio.jasyptspringboot.EncryptablePropertySourceConverter [main] Converting PropertySource systemProperties [org.springframework.core.env.MapPropertySource] to EncryptableMapPropertySourceWrapper
2020-08-25 12:38:14,607 [INFO] com.ulisesbocchio.jasyptspringboot.EncryptablePropertySourceConverter [main] Converting PropertySource systemEnvironment [org.springframework.boot.env.SystemEnvironmentPropertySourceEnvironmentPostProcessor$OriginAwareSystemEnvironmentPropertySource] to EncryptableMapPropertySourceWrapper
2020-08-25 12:38:14,607 [INFO] com.ulisesbocchio.jasyptspringboot.EncryptablePropertySourceConverter [main] Converting PropertySource random [org.springframework.boot.env.RandomValuePropertySource] to EncryptablePropertySourceWrapper
2020-08-25 12:38:14,608 [INFO] com.ulisesbocchio.jasyptspringboot.EncryptablePropertySourceConverter [main] Converting PropertySource URL [file:C:/Users/Emmanuel/Documents/eglobal/email-jar-config.properties] [org.springframework.core.env.CompositePropertySource] to EncryptableEnumerablePropertySourceWrapper
2020-08-25 12:38:14,705 [INFO] com.eglobal.ti.email.jar.AppInitializator [main] AppInitializator initialization logic ...
2020-08-25 12:38:14,711 [INFO] com.ulisesbocchio.jasyptspringboot.resolver.DefaultLazyPropertyResolver [main] Property Resolver custom Bean not found with name 'encryptablePropertyResolver'. Initializing Default Property Resolver
2020-08-25 12:38:14,715 [INFO] com.ulisesbocchio.jasyptspringboot.detector.DefaultLazyPropertyDetector [main] Property Detector custom Bean not found with name 'encryptablePropertyDetector'. Initializing Default Property Detector
2020-08-25 12:38:14,726 [INFO] com.eglobal.ti.email.jar.InitApplication [main] InitApplication initialization logic ...
2020-08-25 12:38:15,451 [INFO] org.springframework.boot.StartupInfoLogger [main] Started AppLauncher in 2.883 seconds (JVM running for 3.511)
2020-08-25 12:38:15,455 [INFO] com.eglobal.ti.email.jar.AppLauncher [main] Application started with arguments: 20200825
2020-08-25 12:38:15,457 [INFO] com.eglobal.ti.email.jar.service.impl.InitApplicationServiceImpl [main] *********** VALIDACIÓN DE PARÁMETROS ***********
2020-08-25 12:38:15,625 [INFO] com.eglobal.ti.email.jar.service.impl.ConectFechaServiceIml [main] ***INICIA CONEXION Y ENVIO DE DATOS A Obtener Parametros: {"fechaSol":"20200825"}
2020-08-25 12:38:16,736 [INFO] com.eglobal.ti.email.jar.service.impl.ConectZipServiceImpl [main] ***INICIA CONEXION Y ENVIO DE DATOS A excel-api: [{"tpformato":1,"fechaSol":"20200825","afiliacion":4918405,"numeroGrupo":1548,"tipotramite":1,"filtroPorGrupo":"0"}]
2020-08-25 12:43:33,705 [INFO] org.springframework.boot.StartupInfoLogger [main] Starting AppLauncher on DESKTOP-25D6UP4 with PID 9804 (C:\Users\Emmanuel\Documents\email-jar\target\classes started by Emmanuel in C:\Users\Emmanuel\Documents\email-jar)
2020-08-25 12:43:33,710 [INFO] org.springframework.boot.SpringApplication [main] No active profile set, falling back to default profiles: default
2020-08-25 12:43:34,694 [INFO] com.ulisesbocchio.jasyptspringboot.configuration.EnableEncryptablePropertiesBeanFactoryPostProcessor [main] Post-processing PropertySource instances
2020-08-25 12:43:34,845 [INFO] com.ulisesbocchio.jasyptspringboot.EncryptablePropertySourceConverter [main] Converting PropertySource configurationProperties [org.springframework.boot.context.properties.source.ConfigurationPropertySourcesPropertySource] to AOP Proxy
2020-08-25 12:43:34,849 [INFO] com.ulisesbocchio.jasyptspringboot.EncryptablePropertySourceConverter [main] Converting PropertySource commandLineArgs [org.springframework.core.env.SimpleCommandLinePropertySource] to EncryptableEnumerablePropertySourceWrapper
2020-08-25 12:43:34,850 [INFO] com.ulisesbocchio.jasyptspringboot.EncryptablePropertySourceConverter [main] Converting PropertySource systemProperties [org.springframework.core.env.MapPropertySource] to EncryptableMapPropertySourceWrapper
2020-08-25 12:43:34,851 [INFO] com.ulisesbocchio.jasyptspringboot.EncryptablePropertySourceConverter [main] Converting PropertySource systemEnvironment [org.springframework.boot.env.SystemEnvironmentPropertySourceEnvironmentPostProcessor$OriginAwareSystemEnvironmentPropertySource] to EncryptableMapPropertySourceWrapper
2020-08-25 12:43:34,851 [INFO] com.ulisesbocchio.jasyptspringboot.EncryptablePropertySourceConverter [main] Converting PropertySource random [org.springframework.boot.env.RandomValuePropertySource] to EncryptablePropertySourceWrapper
2020-08-25 12:43:34,852 [INFO] com.ulisesbocchio.jasyptspringboot.EncryptablePropertySourceConverter [main] Converting PropertySource URL [file:C:/Users/Emmanuel/Documents/eglobal/email-jar-config.properties] [org.springframework.core.env.CompositePropertySource] to EncryptableEnumerablePropertySourceWrapper
2020-08-25 12:43:34,945 [INFO] com.eglobal.ti.email.jar.AppInitializator [main] AppInitializator initialization logic ...
2020-08-25 12:43:34,953 [INFO] com.ulisesbocchio.jasyptspringboot.resolver.DefaultLazyPropertyResolver [main] Property Resolver custom Bean not found with name 'encryptablePropertyResolver'. Initializing Default Property Resolver
2020-08-25 12:43:34,957 [INFO] com.ulisesbocchio.jasyptspringboot.detector.DefaultLazyPropertyDetector [main] Property Detector custom Bean not found with name 'encryptablePropertyDetector'. Initializing Default Property Detector
2020-08-25 12:43:34,964 [INFO] com.eglobal.ti.email.jar.InitApplication [main] InitApplication initialization logic ...
2020-08-25 12:43:35,472 [INFO] org.springframework.boot.StartupInfoLogger [main] Started AppLauncher in 2.471 seconds (JVM running for 3.144)
2020-08-25 12:43:35,475 [INFO] com.eglobal.ti.email.jar.AppLauncher [main] Application started with arguments: 20200825
2020-08-25 12:43:35,479 [INFO] com.eglobal.ti.email.jar.service.impl.InitApplicationServiceImpl [main] *********** VALIDACIÓN DE PARÁMETROS ***********
2020-08-25 12:43:35,613 [INFO] com.eglobal.ti.email.jar.service.impl.ConectFechaServiceIml [main] ***INICIA CONEXION Y ENVIO DE DATOS A Obtener Parametros: {"fechaSol":"20200825"}
2020-08-25 12:43:37,742 [INFO] com.eglobal.ti.email.jar.service.impl.ConectZipServiceImpl [main] ***INICIA CONEXION Y ENVIO DE DATOS A excel-api: [{"tpformato":1,"fechaSol":"20200825","tipotramite":1,"numeroGrupo":1548,"afiliacion":4918405,"filtroPorGrupo":"0"}]
2020-08-25 12:55:48,624 [INFO] org.springframework.boot.StartupInfoLogger [main] Starting AppLauncher on DESKTOP-25D6UP4 with PID 5788 (C:\Users\Emmanuel\Documents\email-jar\target\classes started by Emmanuel in C:\Users\Emmanuel\Documents\email-jar)
2020-08-25 12:55:48,629 [INFO] org.springframework.boot.SpringApplication [main] No active profile set, falling back to default profiles: default
2020-08-25 12:55:49,664 [INFO] com.ulisesbocchio.jasyptspringboot.configuration.EnableEncryptablePropertiesBeanFactoryPostProcessor [main] Post-processing PropertySource instances
2020-08-25 12:55:49,772 [INFO] com.ulisesbocchio.jasyptspringboot.EncryptablePropertySourceConverter [main] Converting PropertySource configurationProperties [org.springframework.boot.context.properties.source.ConfigurationPropertySourcesPropertySource] to AOP Proxy
2020-08-25 12:55:49,775 [INFO] com.ulisesbocchio.jasyptspringboot.EncryptablePropertySourceConverter [main] Converting PropertySource commandLineArgs [org.springframework.core.env.SimpleCommandLinePropertySource] to EncryptableEnumerablePropertySourceWrapper
2020-08-25 12:55:49,777 [INFO] com.ulisesbocchio.jasyptspringboot.EncryptablePropertySourceConverter [main] Converting PropertySource systemProperties [org.springframework.core.env.MapPropertySource] to EncryptableMapPropertySourceWrapper
2020-08-25 12:55:49,777 [INFO] com.ulisesbocchio.jasyptspringboot.EncryptablePropertySourceConverter [main] Converting PropertySource systemEnvironment [org.springframework.boot.env.SystemEnvironmentPropertySourceEnvironmentPostProcessor$OriginAwareSystemEnvironmentPropertySource] to EncryptableMapPropertySourceWrapper
2020-08-25 12:55:49,778 [INFO] com.ulisesbocchio.jasyptspringboot.EncryptablePropertySourceConverter [main] Converting PropertySource random [org.springframework.boot.env.RandomValuePropertySource] to EncryptablePropertySourceWrapper
2020-08-25 12:55:49,778 [INFO] com.ulisesbocchio.jasyptspringboot.EncryptablePropertySourceConverter [main] Converting PropertySource URL [file:C:/Users/Emmanuel/Documents/eglobal/email-jar-config.properties] [org.springframework.core.env.CompositePropertySource] to EncryptableEnumerablePropertySourceWrapper
2020-08-25 12:55:49,854 [INFO] com.eglobal.ti.email.jar.AppInitializator [main] AppInitializator initialization logic ...
2020-08-25 12:55:49,861 [INFO] com.ulisesbocchio.jasyptspringboot.resolver.DefaultLazyPropertyResolver [main] Property Resolver custom Bean not found with name 'encryptablePropertyResolver'. Initializing Default Property Resolver
2020-08-25 12:55:49,865 [INFO] com.ulisesbocchio.jasyptspringboot.detector.DefaultLazyPropertyDetector [main] Property Detector custom Bean not found with name 'encryptablePropertyDetector'. Initializing Default Property Detector
2020-08-25 12:55:49,875 [INFO] com.eglobal.ti.email.jar.InitApplication [main] InitApplication initialization logic ...
2020-08-25 12:55:50,526 [INFO] org.springframework.boot.StartupInfoLogger [main] Started AppLauncher in 2.652 seconds (JVM running for 3.416)
2020-08-25 12:55:50,529 [INFO] com.eglobal.ti.email.jar.AppLauncher [main] Application started with arguments: 20200825
2020-08-25 12:55:50,531 [INFO] com.eglobal.ti.email.jar.service.impl.InitApplicationServiceImpl [main] *********** VALIDACIÓN DE PARÁMETROS ***********
2020-08-25 12:55:50,631 [INFO] com.eglobal.ti.email.jar.service.impl.ConectFechaServiceIml [main] ***INICIA CONEXION Y ENVIO DE DATOS A Obtener Parametros: {"fechaSol":"20200825"}
2020-08-25 12:55:52,271 [INFO] com.eglobal.ti.email.jar.service.impl.ConectZipServiceImpl [main] ***INICIA CONEXION Y ENVIO DE DATOS A excel-api: [{"tpformato":1,"fechaSol":"20200825","filtroPorGrupo":"0","tipotramite":1,"numeroGrupo":1548,"afiliacion":4918405}]
2020-08-25 13:12:14,139 [INFO] org.springframework.boot.StartupInfoLogger [main] Starting AppLauncher on DESKTOP-25D6UP4 with PID 8520 (C:\Users\Emmanuel\Documents\email-jar\target\classes started by Emmanuel in C:\Users\Emmanuel\Documents\email-jar)
2020-08-25 13:12:14,143 [INFO] org.springframework.boot.SpringApplication [main] No active profile set, falling back to default profiles: default
2020-08-25 13:12:15,041 [INFO] com.ulisesbocchio.jasyptspringboot.configuration.EnableEncryptablePropertiesBeanFactoryPostProcessor [main] Post-processing PropertySource instances
2020-08-25 13:12:15,119 [INFO] com.ulisesbocchio.jasyptspringboot.EncryptablePropertySourceConverter [main] Converting PropertySource configurationProperties [org.springframework.boot.context.properties.source.ConfigurationPropertySourcesPropertySource] to AOP Proxy
2020-08-25 13:12:15,121 [INFO] com.ulisesbocchio.jasyptspringboot.EncryptablePropertySourceConverter [main] Converting PropertySource commandLineArgs [org.springframework.core.env.SimpleCommandLinePropertySource] to EncryptableEnumerablePropertySourceWrapper
2020-08-25 13:12:15,122 [INFO] com.ulisesbocchio.jasyptspringboot.EncryptablePropertySourceConverter [main] Converting PropertySource systemProperties [org.springframework.core.env.MapPropertySource] to EncryptableMapPropertySourceWrapper
2020-08-25 13:12:15,122 [INFO] com.ulisesbocchio.jasyptspringboot.EncryptablePropertySourceConverter [main] Converting PropertySource systemEnvironment [org.springframework.boot.env.SystemEnvironmentPropertySourceEnvironmentPostProcessor$OriginAwareSystemEnvironmentPropertySource] to EncryptableMapPropertySourceWrapper
2020-08-25 13:12:15,123 [INFO] com.ulisesbocchio.jasyptspringboot.EncryptablePropertySourceConverter [main] Converting PropertySource random [org.springframework.boot.env.RandomValuePropertySource] to EncryptablePropertySourceWrapper
2020-08-25 13:12:15,123 [INFO] com.ulisesbocchio.jasyptspringboot.EncryptablePropertySourceConverter [main] Converting PropertySource URL [file:C:/Users/Emmanuel/Documents/eglobal/email-jar-config.properties] [org.springframework.core.env.CompositePropertySource] to EncryptableEnumerablePropertySourceWrapper
2020-08-25 13:12:15,188 [INFO] com.eglobal.ti.email.jar.AppInitializator [main] AppInitializator initialization logic ...
2020-08-25 13:12:15,194 [INFO] com.ulisesbocchio.jasyptspringboot.resolver.DefaultLazyPropertyResolver [main] Property Resolver custom Bean not found with name 'encryptablePropertyResolver'. Initializing Default Property Resolver
2020-08-25 13:12:15,197 [INFO] com.ulisesbocchio.jasyptspringboot.detector.DefaultLazyPropertyDetector [main] Property Detector custom Bean not found with name 'encryptablePropertyDetector'. Initializing Default Property Detector
2020-08-25 13:12:15,210 [INFO] com.eglobal.ti.email.jar.InitApplication [main] InitApplication initialization logic ...
2020-08-25 13:12:15,677 [INFO] org.springframework.boot.StartupInfoLogger [main] Started AppLauncher in 2.152 seconds (JVM running for 2.72)
2020-08-25 13:12:15,679 [INFO] com.eglobal.ti.email.jar.AppLauncher [main] Application started with arguments: 20200825
2020-08-25 13:12:15,681 [INFO] com.eglobal.ti.email.jar.service.impl.InitApplicationServiceImpl [main] *********** VALIDACIÓN DE PARÁMETROS ***********
2020-08-25 13:12:15,754 [INFO] com.eglobal.ti.email.jar.service.impl.ConectFechaServiceIml [main] ***INICIA CONEXION Y ENVIO DE DATOS A Obtener Parametros: {"fechaSol":"20200825"}
2020-08-25 13:12:17,418 [INFO] com.eglobal.ti.email.jar.service.impl.ConectZipServiceImpl [main] ***INICIA CONEXION Y ENVIO DE DATOS A excel-api: [{"tpformato":1,"fechaSol":"20200825","afiliacion":4918405,"tipotramite":1,"numeroGrupo":1548,"filtroPorGrupo":"0"}]
2020-08-25 13:18:13,971 [INFO] org.springframework.boot.StartupInfoLogger [main] Starting AppLauncher on DESKTOP-25D6UP4 with PID 13480 (C:\Users\Emmanuel\Documents\email-jar\target\classes started by Emmanuel in C:\Users\Emmanuel\Documents\email-jar)
2020-08-25 13:18:13,975 [INFO] org.springframework.boot.SpringApplication [main] No active profile set, falling back to default profiles: default
2020-08-25 13:18:14,863 [INFO] com.ulisesbocchio.jasyptspringboot.configuration.EnableEncryptablePropertiesBeanFactoryPostProcessor [main] Post-processing PropertySource instances
2020-08-25 13:18:14,944 [INFO] com.ulisesbocchio.jasyptspringboot.EncryptablePropertySourceConverter [main] Converting PropertySource configurationProperties [org.springframework.boot.context.properties.source.ConfigurationPropertySourcesPropertySource] to AOP Proxy
2020-08-25 13:18:14,947 [INFO] com.ulisesbocchio.jasyptspringboot.EncryptablePropertySourceConverter [main] Converting PropertySource commandLineArgs [org.springframework.core.env.SimpleCommandLinePropertySource] to EncryptableEnumerablePropertySourceWrapper
2020-08-25 13:18:14,948 [INFO] com.ulisesbocchio.jasyptspringboot.EncryptablePropertySourceConverter [main] Converting PropertySource systemProperties [org.springframework.core.env.MapPropertySource] to EncryptableMapPropertySourceWrapper
2020-08-25 13:18:14,948 [INFO] com.ulisesbocchio.jasyptspringboot.EncryptablePropertySourceConverter [main] Converting PropertySource systemEnvironment [org.springframework.boot.env.SystemEnvironmentPropertySourceEnvironmentPostProcessor$OriginAwareSystemEnvironmentPropertySource] to EncryptableMapPropertySourceWrapper
2020-08-25 13:18:14,948 [INFO] com.ulisesbocchio.jasyptspringboot.EncryptablePropertySourceConverter [main] Converting PropertySource random [org.springframework.boot.env.RandomValuePropertySource] to EncryptablePropertySourceWrapper
2020-08-25 13:18:14,949 [INFO] com.ulisesbocchio.jasyptspringboot.EncryptablePropertySourceConverter [main] Converting PropertySource URL [file:C:/Users/Emmanuel/Documents/eglobal/email-jar-config.properties] [org.springframework.core.env.CompositePropertySource] to EncryptableEnumerablePropertySourceWrapper
2020-08-25 13:18:15,022 [INFO] com.eglobal.ti.email.jar.AppInitializator [main] AppInitializator initialization logic ...
2020-08-25 13:18:15,028 [INFO] com.ulisesbocchio.jasyptspringboot.resolver.DefaultLazyPropertyResolver [main] Property Resolver custom Bean not found with name 'encryptablePropertyResolver'. Initializing Default Property Resolver
2020-08-25 13:18:15,032 [INFO] com.ulisesbocchio.jasyptspringboot.detector.DefaultLazyPropertyDetector [main] Property Detector custom Bean not found with name 'encryptablePropertyDetector'. Initializing Default Property Detector
2020-08-25 13:18:15,037 [INFO] com.eglobal.ti.email.jar.InitApplication [main] InitApplication initialization logic ...
2020-08-25 13:18:15,672 [INFO] org.springframework.boot.StartupInfoLogger [main] Started AppLauncher in 2.313 seconds (JVM running for 2.847)
2020-08-25 13:18:15,676 [INFO] com.eglobal.ti.email.jar.AppLauncher [main] Application started with arguments: 20200825
2020-08-25 13:18:15,679 [INFO] com.eglobal.ti.email.jar.service.impl.InitApplicationServiceImpl [main] *********** VALIDACIÓN DE PARÁMETROS ***********
2020-08-25 13:18:15,774 [INFO] com.eglobal.ti.email.jar.service.impl.ConectFechaServiceIml [main] ***INICIA CONEXION Y ENVIO DE DATOS A Obtener Parametros: {"fechaSol":"20200825"}
2020-08-25 13:18:16,949 [INFO] com.eglobal.ti.email.jar.service.impl.ConectZipServiceImpl [main] ***INICIA CONEXION Y ENVIO DE DATOS A excel-api: [{"tpformato":1,"fechaSol":"20200825","afiliacion":4918405,"tipotramite":1,"numeroGrupo":1548,"filtroPorGrupo":"0"}]
2020-08-25 13:25:50,489 [INFO] org.springframework.boot.StartupInfoLogger [main] Starting AppLauncher on DESKTOP-25D6UP4 with PID 14524 (C:\Users\Emmanuel\Documents\email-jar\target\classes started by Emmanuel in C:\Users\Emmanuel\Documents\email-jar)
2020-08-25 13:25:50,492 [INFO] org.springframework.boot.SpringApplication [main] No active profile set, falling back to default profiles: default
2020-08-25 13:25:51,297 [INFO] com.ulisesbocchio.jasyptspringboot.configuration.EnableEncryptablePropertiesBeanFactoryPostProcessor [main] Post-processing PropertySource instances
2020-08-25 13:25:51,368 [INFO] com.ulisesbocchio.jasyptspringboot.EncryptablePropertySourceConverter [main] Converting PropertySource configurationProperties [org.springframework.boot.context.properties.source.ConfigurationPropertySourcesPropertySource] to AOP Proxy
2020-08-25 13:25:51,372 [INFO] com.ulisesbocchio.jasyptspringboot.EncryptablePropertySourceConverter [main] Converting PropertySource commandLineArgs [org.springframework.core.env.SimpleCommandLinePropertySource] to EncryptableEnumerablePropertySourceWrapper
2020-08-25 13:25:51,373 [INFO] com.ulisesbocchio.jasyptspringboot.EncryptablePropertySourceConverter [main] Converting PropertySource systemProperties [org.springframework.core.env.MapPropertySource] to EncryptableMapPropertySourceWrapper
2020-08-25 13:25:51,373 [INFO] com.ulisesbocchio.jasyptspringboot.EncryptablePropertySourceConverter [main] Converting PropertySource systemEnvironment [org.springframework.boot.env.SystemEnvironmentPropertySourceEnvironmentPostProcessor$OriginAwareSystemEnvironmentPropertySource] to EncryptableMapPropertySourceWrapper
2020-08-25 13:25:51,374 [INFO] com.ulisesbocchio.jasyptspringboot.EncryptablePropertySourceConverter [main] Converting PropertySource random [org.springframework.boot.env.RandomValuePropertySource] to EncryptablePropertySourceWrapper
2020-08-25 13:25:51,374 [INFO] com.ulisesbocchio.jasyptspringboot.EncryptablePropertySourceConverter [main] Converting PropertySource URL [file:C:/Users/Emmanuel/Documents/eglobal/email-jar-config.properties] [org.springframework.core.env.CompositePropertySource] to EncryptableEnumerablePropertySourceWrapper
2020-08-25 13:25:51,437 [INFO] com.eglobal.ti.email.jar.AppInitializator [main] AppInitializator initialization logic ...
2020-08-25 13:25:51,447 [INFO] com.ulisesbocchio.jasyptspringboot.resolver.DefaultLazyPropertyResolver [main] Property Resolver custom Bean not found with name 'encryptablePropertyResolver'. Initializing Default Property Resolver
2020-08-25 13:25:51,454 [INFO] com.ulisesbocchio.jasyptspringboot.detector.DefaultLazyPropertyDetector [main] Property Detector custom Bean not found with name 'encryptablePropertyDetector'. Initializing Default Property Detector
2020-08-25 13:25:51,466 [INFO] com.eglobal.ti.email.jar.InitApplication [main] InitApplication initialization logic ...
2020-08-25 13:25:52,003 [INFO] org.springframework.boot.StartupInfoLogger [main] Started AppLauncher in 2.076 seconds (JVM running for 2.562)
2020-08-25 13:25:52,008 [INFO] com.eglobal.ti.email.jar.AppLauncher [main] Application started with arguments: 20200825
2020-08-25 13:25:52,010 [INFO] com.eglobal.ti.email.jar.service.impl.InitApplicationServiceImpl [main] *********** VALIDACIÓN DE PARÁMETROS ***********
2020-08-25 13:25:52,091 [INFO] com.eglobal.ti.email.jar.service.impl.ConectFechaServiceIml [main] ***INICIA CONEXION Y ENVIO DE DATOS A Obtener Parametros: {"fechaSol":"20200825"}
2020-08-25 13:25:53,560 [INFO] com.eglobal.ti.email.jar.service.impl.ConectZipServiceImpl [main] ***INICIA CONEXION Y ENVIO DE DATOS A excel-api: [{"tpformato":1,"fechaSol":"20200825","tipotramite":1,"afiliacion":4918405,"numeroGrupo":1548,"filtroPorGrupo":"0"}]
2020-08-25 13:32:31,940 [INFO] org.springframework.boot.StartupInfoLogger [main] Starting AppLauncher on DESKTOP-25D6UP4 with PID 17592 (C:\Users\Emmanuel\Documents\email-jar\target\classes started by Emmanuel in C:\Users\Emmanuel\Documents\email-jar)
2020-08-25 13:32:31,943 [INFO] org.springframework.boot.SpringApplication [main] No active profile set, falling back to default profiles: default
2020-08-25 13:32:32,856 [INFO] com.ulisesbocchio.jasyptspringboot.configuration.EnableEncryptablePropertiesBeanFactoryPostProcessor [main] Post-processing PropertySource instances
2020-08-25 13:32:32,957 [INFO] com.ulisesbocchio.jasyptspringboot.EncryptablePropertySourceConverter [main] Converting PropertySource configurationProperties [org.springframework.boot.context.properties.source.ConfigurationPropertySourcesPropertySource] to AOP Proxy
2020-08-25 13:32:32,959 [INFO] com.ulisesbocchio.jasyptspringboot.EncryptablePropertySourceConverter [main] Converting PropertySource commandLineArgs [org.springframework.core.env.SimpleCommandLinePropertySource] to EncryptableEnumerablePropertySourceWrapper
2020-08-25 13:32:32,960 [INFO] com.ulisesbocchio.jasyptspringboot.EncryptablePropertySourceConverter [main] Converting PropertySource systemProperties [org.springframework.core.env.MapPropertySource] to EncryptableMapPropertySourceWrapper
2020-08-25 13:32:32,960 [INFO] com.ulisesbocchio.jasyptspringboot.EncryptablePropertySourceConverter [main] Converting PropertySource systemEnvironment [org.springframework.boot.env.SystemEnvironmentPropertySourceEnvironmentPostProcessor$OriginAwareSystemEnvironmentPropertySource] to EncryptableMapPropertySourceWrapper
2020-08-25 13:32:32,960 [INFO] com.ulisesbocchio.jasyptspringboot.EncryptablePropertySourceConverter [main] Converting PropertySource random [org.springframework.boot.env.RandomValuePropertySource] to EncryptablePropertySourceWrapper
2020-08-25 13:32:32,961 [INFO] com.ulisesbocchio.jasyptspringboot.EncryptablePropertySourceConverter [main] Converting PropertySource URL [file:C:/Users/Emmanuel/Documents/eglobal/email-jar-config.properties] [org.springframework.core.env.CompositePropertySource] to EncryptableEnumerablePropertySourceWrapper
2020-08-25 13:32:33,048 [INFO] com.eglobal.ti.email.jar.AppInitializator [main] AppInitializator initialization logic ...
2020-08-25 13:32:33,054 [INFO] com.ulisesbocchio.jasyptspringboot.resolver.DefaultLazyPropertyResolver [main] Property Resolver custom Bean not found with name 'encryptablePropertyResolver'. Initializing Default Property Resolver
2020-08-25 13:32:33,057 [INFO] com.ulisesbocchio.jasyptspringboot.detector.DefaultLazyPropertyDetector [main] Property Detector custom Bean not found with name 'encryptablePropertyDetector'. Initializing Default Property Detector
2020-08-25 13:32:33,064 [INFO] com.eglobal.ti.email.jar.InitApplication [main] InitApplication initialization logic ...
2020-08-25 13:32:33,943 [INFO] org.springframework.boot.StartupInfoLogger [main] Started AppLauncher in 2.64 seconds (JVM running for 3.243)
2020-08-25 13:32:33,952 [INFO] com.eglobal.ti.email.jar.AppLauncher [main] Application started with arguments: 20200825
2020-08-25 13:32:33,958 [INFO] com.eglobal.ti.email.jar.service.impl.InitApplicationServiceImpl [main] *********** VALIDACIÓN DE PARÁMETROS ***********
2020-08-25 13:32:34,096 [INFO] com.eglobal.ti.email.jar.service.impl.ConectFechaServiceIml [main] ***INICIA CONEXION Y ENVIO DE DATOS A Obtener Parametros: {"fechaSol":"20200825"}
2020-08-25 13:32:34,714 [INFO] com.eglobal.ti.email.jar.service.impl.ConectZipServiceImpl [main] ***INICIA CONEXION Y ENVIO DE DATOS A excel-api: [{"tpformato":1,"fechaSol":"20200825","filtroPorGrupo":"0","tipotramite":1,"numeroGrupo":1548,"afiliacion":4918405}]
