2020-09-08 12:46:43,641 [INFO] org.springframework.boot.StartupInfoLogger [main] Starting AppLauncher on DESKTOP-25D6UP4 with PID 6668 (C:\Users\Emmanuel\Documents\email-jar\target\classes started by Emmanuel in C:\Users\Emmanuel\Documents\email-jar)
2020-09-08 12:46:43,657 [INFO] org.springframework.boot.SpringApplication [main] No active profile set, falling back to default profiles: default
2020-09-08 12:46:44,941 [INFO] com.ulisesbocchio.jasyptspringboot.configuration.EnableEncryptablePropertiesBeanFactoryPostProcessor [main] Post-processing PropertySource instances
2020-09-08 12:46:45,069 [INFO] com.ulisesbocchio.jasyptspringboot.EncryptablePropertySourceConverter [main] Converting PropertySource configurationProperties [org.springframework.boot.context.properties.source.ConfigurationPropertySourcesPropertySource] to AOP Proxy
2020-09-08 12:46:45,073 [INFO] com.ulisesbocchio.jasyptspringboot.EncryptablePropertySourceConverter [main] Converting PropertySource commandLineArgs [org.springframework.core.env.SimpleCommandLinePropertySource] to EncryptableEnumerablePropertySourceWrapper
2020-09-08 12:46:45,074 [INFO] com.ulisesbocchio.jasyptspringboot.EncryptablePropertySourceConverter [main] Converting PropertySource systemProperties [org.springframework.core.env.MapPropertySource] to EncryptableMapPropertySourceWrapper
2020-09-08 12:46:45,074 [INFO] com.ulisesbocchio.jasyptspringboot.EncryptablePropertySourceConverter [main] Converting PropertySource systemEnvironment [org.springframework.boot.env.SystemEnvironmentPropertySourceEnvironmentPostProcessor$OriginAwareSystemEnvironmentPropertySource] to EncryptableMapPropertySourceWrapper
2020-09-08 12:46:45,075 [INFO] com.ulisesbocchio.jasyptspringboot.EncryptablePropertySourceConverter [main] Converting PropertySource random [org.springframework.boot.env.RandomValuePropertySource] to EncryptablePropertySourceWrapper
2020-09-08 12:46:45,077 [INFO] com.ulisesbocchio.jasyptspringboot.EncryptablePropertySourceConverter [main] Converting PropertySource URL [file:C:/Users/Emmanuel/Documents/eglobal/email-jar-config.properties] [org.springframework.core.env.CompositePropertySource] to EncryptableEnumerablePropertySourceWrapper
2020-09-08 12:46:45,162 [INFO] com.eglobal.ti.email.jar.AppInitializator [main] AppInitializator initialization logic ...
2020-09-08 12:46:45,172 [INFO] com.ulisesbocchio.jasyptspringboot.resolver.DefaultLazyPropertyResolver [main] Property Resolver custom Bean not found with name 'encryptablePropertyResolver'. Initializing Default Property Resolver
2020-09-08 12:46:45,178 [INFO] com.ulisesbocchio.jasyptspringboot.detector.DefaultLazyPropertyDetector [main] Property Detector custom Bean not found with name 'encryptablePropertyDetector'. Initializing Default Property Detector
2020-09-08 12:46:45,186 [INFO] com.eglobal.ti.email.jar.InitApplication [main] InitApplication initialization logic ...
2020-09-08 12:46:45,872 [INFO] org.springframework.boot.StartupInfoLogger [main] Started AppLauncher in 2.94 seconds (JVM running for 3.706)
2020-09-08 12:46:45,876 [INFO] com.eglobal.ti.email.jar.AppLauncher [main] Application started with arguments: 20200904
2020-09-08 12:46:45,879 [INFO] com.eglobal.ti.email.jar.service.impl.InitApplicationServiceImpl [main] *********** VALIDACIÓN DE PARÁMETROS ***********
2020-09-08 12:46:45,970 [INFO] com.eglobal.ti.email.jar.service.impl.ConectFechaServiceIml [main] ***INICIA CONEXION Y ENVIO DE DATOS A Obtener Parametros: {"fechaSol":"20200904"}
2020-09-08 12:46:46,668 [INFO] com.eglobal.ti.email.jar.service.impl.ConectZipServiceImpl [main] ***INICIA CONEXION Y ENVIO DE DATOS A excel-api: [{"tpformato":0,"fechaSol":"20200904","tipotramite":1,"numeroGrupo":5693,"afiliacion":1234567,"filtroPorGrupo":"0"}]
2020-09-08 12:52:20,331 [INFO] org.springframework.boot.StartupInfoLogger [main] Starting AppLauncher on DESKTOP-25D6UP4 with PID 20652 (C:\Users\Emmanuel\Documents\email-jar\target\classes started by Emmanuel in C:\Users\Emmanuel\Documents\email-jar)
2020-09-08 12:52:20,335 [INFO] org.springframework.boot.SpringApplication [main] No active profile set, falling back to default profiles: default
2020-09-08 12:52:21,386 [INFO] com.ulisesbocchio.jasyptspringboot.configuration.EnableEncryptablePropertiesBeanFactoryPostProcessor [main] Post-processing PropertySource instances
2020-09-08 12:52:21,479 [INFO] com.ulisesbocchio.jasyptspringboot.EncryptablePropertySourceConverter [main] Converting PropertySource configurationProperties [org.springframework.boot.context.properties.source.ConfigurationPropertySourcesPropertySource] to AOP Proxy
2020-09-08 12:52:21,481 [INFO] com.ulisesbocchio.jasyptspringboot.EncryptablePropertySourceConverter [main] Converting PropertySource commandLineArgs [org.springframework.core.env.SimpleCommandLinePropertySource] to EncryptableEnumerablePropertySourceWrapper
2020-09-08 12:52:21,482 [INFO] com.ulisesbocchio.jasyptspringboot.EncryptablePropertySourceConverter [main] Converting PropertySource systemProperties [org.springframework.core.env.MapPropertySource] to EncryptableMapPropertySourceWrapper
2020-09-08 12:52:21,483 [INFO] com.ulisesbocchio.jasyptspringboot.EncryptablePropertySourceConverter [main] Converting PropertySource systemEnvironment [org.springframework.boot.env.SystemEnvironmentPropertySourceEnvironmentPostProcessor$OriginAwareSystemEnvironmentPropertySource] to EncryptableMapPropertySourceWrapper
2020-09-08 12:52:21,483 [INFO] com.ulisesbocchio.jasyptspringboot.EncryptablePropertySourceConverter [main] Converting PropertySource random [org.springframework.boot.env.RandomValuePropertySource] to EncryptablePropertySourceWrapper
2020-09-08 12:52:21,483 [INFO] com.ulisesbocchio.jasyptspringboot.EncryptablePropertySourceConverter [main] Converting PropertySource URL [file:C:/Users/Emmanuel/Documents/eglobal/email-jar-config.properties] [org.springframework.core.env.CompositePropertySource] to EncryptableEnumerablePropertySourceWrapper
2020-09-08 12:52:21,579 [INFO] com.eglobal.ti.email.jar.AppInitializator [main] AppInitializator initialization logic ...
2020-09-08 12:52:21,584 [INFO] com.ulisesbocchio.jasyptspringboot.resolver.DefaultLazyPropertyResolver [main] Property Resolver custom Bean not found with name 'encryptablePropertyResolver'. Initializing Default Property Resolver
2020-09-08 12:52:21,589 [INFO] com.ulisesbocchio.jasyptspringboot.detector.DefaultLazyPropertyDetector [main] Property Detector custom Bean not found with name 'encryptablePropertyDetector'. Initializing Default Property Detector
2020-09-08 12:52:21,597 [INFO] com.eglobal.ti.email.jar.InitApplication [main] InitApplication initialization logic ...
2020-09-08 12:52:22,182 [INFO] org.springframework.boot.StartupInfoLogger [main] Started AppLauncher in 2.512 seconds (JVM running for 3.23)
2020-09-08 12:52:22,185 [INFO] com.eglobal.ti.email.jar.AppLauncher [main] Application started with arguments: 20200904
2020-09-08 12:52:22,187 [INFO] com.eglobal.ti.email.jar.service.impl.InitApplicationServiceImpl [main] *********** VALIDACIÓN DE PARÁMETROS ***********
2020-09-08 12:52:22,271 [INFO] com.eglobal.ti.email.jar.service.impl.ConectFechaServiceIml [main] ***INICIA CONEXION Y ENVIO DE DATOS A Obtener Parametros: {"fechaSol":"20200904"}
2020-09-08 12:52:23,025 [INFO] com.eglobal.ti.email.jar.service.impl.ConectZipServiceImpl [main] ***INICIA CONEXION Y ENVIO DE DATOS A excel-api: [{"tpformato":1,"fechaSol":"20200904","filtroPorGrupo":"0","numeroGrupo":5693,"tipotramite":1,"afiliacion":1234567}]
2020-09-08 13:03:13,819 [INFO] org.springframework.boot.StartupInfoLogger [main] Starting AppLauncher on DESKTOP-25D6UP4 with PID 20036 (C:\Users\Emmanuel\Documents\email-jar\target\classes started by Emmanuel in C:\Users\Emmanuel\Documents\email-jar)
2020-09-08 13:03:13,824 [INFO] org.springframework.boot.SpringApplication [main] No active profile set, falling back to default profiles: default
2020-09-08 13:03:15,012 [INFO] com.ulisesbocchio.jasyptspringboot.configuration.EnableEncryptablePropertiesBeanFactoryPostProcessor [main] Post-processing PropertySource instances
2020-09-08 13:03:15,142 [INFO] com.ulisesbocchio.jasyptspringboot.EncryptablePropertySourceConverter [main] Converting PropertySource configurationProperties [org.springframework.boot.context.properties.source.ConfigurationPropertySourcesPropertySource] to AOP Proxy
2020-09-08 13:03:15,145 [INFO] com.ulisesbocchio.jasyptspringboot.EncryptablePropertySourceConverter [main] Converting PropertySource commandLineArgs [org.springframework.core.env.SimpleCommandLinePropertySource] to EncryptableEnumerablePropertySourceWrapper
2020-09-08 13:03:15,146 [INFO] com.ulisesbocchio.jasyptspringboot.EncryptablePropertySourceConverter [main] Converting PropertySource systemProperties [org.springframework.core.env.MapPropertySource] to EncryptableMapPropertySourceWrapper
2020-09-08 13:03:15,146 [INFO] com.ulisesbocchio.jasyptspringboot.EncryptablePropertySourceConverter [main] Converting PropertySource systemEnvironment [org.springframework.boot.env.SystemEnvironmentPropertySourceEnvironmentPostProcessor$OriginAwareSystemEnvironmentPropertySource] to EncryptableMapPropertySourceWrapper
2020-09-08 13:03:15,147 [INFO] com.ulisesbocchio.jasyptspringboot.EncryptablePropertySourceConverter [main] Converting PropertySource random [org.springframework.boot.env.RandomValuePropertySource] to EncryptablePropertySourceWrapper
2020-09-08 13:03:15,147 [INFO] com.ulisesbocchio.jasyptspringboot.EncryptablePropertySourceConverter [main] Converting PropertySource URL [file:C:/Users/Emmanuel/Documents/eglobal/email-jar-config.properties] [org.springframework.core.env.CompositePropertySource] to EncryptableEnumerablePropertySourceWrapper
2020-09-08 13:03:15,250 [INFO] com.eglobal.ti.email.jar.AppInitializator [main] AppInitializator initialization logic ...
2020-09-08 13:03:15,256 [INFO] com.ulisesbocchio.jasyptspringboot.resolver.DefaultLazyPropertyResolver [main] Property Resolver custom Bean not found with name 'encryptablePropertyResolver'. Initializing Default Property Resolver
2020-09-08 13:03:15,262 [INFO] com.ulisesbocchio.jasyptspringboot.detector.DefaultLazyPropertyDetector [main] Property Detector custom Bean not found with name 'encryptablePropertyDetector'. Initializing Default Property Detector
2020-09-08 13:03:15,274 [INFO] com.eglobal.ti.email.jar.InitApplication [main] InitApplication initialization logic ...
2020-09-08 13:03:15,869 [INFO] org.springframework.boot.StartupInfoLogger [main] Started AppLauncher in 2.737 seconds (JVM running for 3.356)
2020-09-08 13:03:15,873 [INFO] com.eglobal.ti.email.jar.AppLauncher [main] Application started with arguments: 20200904
2020-09-08 13:03:15,874 [INFO] com.eglobal.ti.email.jar.service.impl.InitApplicationServiceImpl [main] *********** VALIDACIÓN DE PARÁMETROS ***********
2020-09-08 13:03:15,960 [INFO] com.eglobal.ti.email.jar.service.impl.ConectFechaServiceIml [main] ***INICIA CONEXION Y ENVIO DE DATOS A Obtener Parametros: {"fechaSol":"20200904"}
2020-09-08 13:03:16,620 [INFO] com.eglobal.ti.email.jar.service.impl.ConectZipServiceImpl [main] ***INICIA CONEXION Y ENVIO DE DATOS A excel-api: [{"tpformato":1,"fechaSol":"20200904","numeroGrupo":5693,"tipotramite":1,"afiliacion":1234567,"filtroPorGrupo":"0"}]
2020-09-08 13:07:24,135 [INFO] org.springframework.boot.StartupInfoLogger [main] Starting AppLauncher on DESKTOP-25D6UP4 with PID 19192 (C:\Users\Emmanuel\Documents\email-jar\target\classes started by Emmanuel in C:\Users\Emmanuel\Documents\email-jar)
2020-09-08 13:07:24,140 [INFO] org.springframework.boot.SpringApplication [main] No active profile set, falling back to default profiles: default
2020-09-08 13:07:25,153 [INFO] com.ulisesbocchio.jasyptspringboot.configuration.EnableEncryptablePropertiesBeanFactoryPostProcessor [main] Post-processing PropertySource instances
2020-09-08 13:07:25,233 [INFO] com.ulisesbocchio.jasyptspringboot.EncryptablePropertySourceConverter [main] Converting PropertySource configurationProperties [org.springframework.boot.context.properties.source.ConfigurationPropertySourcesPropertySource] to AOP Proxy
2020-09-08 13:07:25,236 [INFO] com.ulisesbocchio.jasyptspringboot.EncryptablePropertySourceConverter [main] Converting PropertySource commandLineArgs [org.springframework.core.env.SimpleCommandLinePropertySource] to EncryptableEnumerablePropertySourceWrapper
2020-09-08 13:07:25,238 [INFO] com.ulisesbocchio.jasyptspringboot.EncryptablePropertySourceConverter [main] Converting PropertySource systemProperties [org.springframework.core.env.MapPropertySource] to EncryptableMapPropertySourceWrapper
2020-09-08 13:07:25,239 [INFO] com.ulisesbocchio.jasyptspringboot.EncryptablePropertySourceConverter [main] Converting PropertySource systemEnvironment [org.springframework.boot.env.SystemEnvironmentPropertySourceEnvironmentPostProcessor$OriginAwareSystemEnvironmentPropertySource] to EncryptableMapPropertySourceWrapper
2020-09-08 13:07:25,239 [INFO] com.ulisesbocchio.jasyptspringboot.EncryptablePropertySourceConverter [main] Converting PropertySource random [org.springframework.boot.env.RandomValuePropertySource] to EncryptablePropertySourceWrapper
2020-09-08 13:07:25,240 [INFO] com.ulisesbocchio.jasyptspringboot.EncryptablePropertySourceConverter [main] Converting PropertySource URL [file:C:/Users/Emmanuel/Documents/eglobal/email-jar-config.properties] [org.springframework.core.env.CompositePropertySource] to EncryptableEnumerablePropertySourceWrapper
2020-09-08 13:07:25,339 [INFO] com.eglobal.ti.email.jar.AppInitializator [main] AppInitializator initialization logic ...
2020-09-08 13:07:25,345 [INFO] com.ulisesbocchio.jasyptspringboot.resolver.DefaultLazyPropertyResolver [main] Property Resolver custom Bean not found with name 'encryptablePropertyResolver'. Initializing Default Property Resolver
2020-09-08 13:07:25,348 [INFO] com.ulisesbocchio.jasyptspringboot.detector.DefaultLazyPropertyDetector [main] Property Detector custom Bean not found with name 'encryptablePropertyDetector'. Initializing Default Property Detector
2020-09-08 13:07:25,357 [INFO] com.eglobal.ti.email.jar.InitApplication [main] InitApplication initialization logic ...
2020-09-08 13:07:25,959 [INFO] org.springframework.boot.StartupInfoLogger [main] Started AppLauncher in 2.469 seconds (JVM running for 3.221)
2020-09-08 13:07:25,963 [INFO] com.eglobal.ti.email.jar.AppLauncher [main] Application started with arguments: 20200904
2020-09-08 13:07:25,965 [INFO] com.eglobal.ti.email.jar.service.impl.InitApplicationServiceImpl [main] *********** VALIDACIÓN DE PARÁMETROS ***********
2020-09-08 13:07:26,080 [INFO] com.eglobal.ti.email.jar.service.impl.ConectFechaServiceIml [main] ***INICIA CONEXION Y ENVIO DE DATOS A Obtener Parametros: {"fechaSol":"20200904"}
2020-09-08 13:07:26,716 [INFO] com.eglobal.ti.email.jar.service.impl.ConectZipServiceImpl [main] ***INICIA CONEXION Y ENVIO DE DATOS A excel-api: [{"tpformato":2,"fechaSol":"20200904","filtroPorGrupo":"0","afiliacion":1234567,"tipotramite":1,"numeroGrupo":5693}]
2020-09-08 13:12:59,526 [INFO] org.springframework.boot.StartupInfoLogger [main] Starting AppLauncher on DESKTOP-25D6UP4 with PID 13716 (C:\Users\Emmanuel\Documents\email-jar\target\classes started by Emmanuel in C:\Users\Emmanuel\Documents\email-jar)
2020-09-08 13:12:59,532 [INFO] org.springframework.boot.SpringApplication [main] No active profile set, falling back to default profiles: default
2020-09-08 13:13:00,630 [INFO] com.ulisesbocchio.jasyptspringboot.configuration.EnableEncryptablePropertiesBeanFactoryPostProcessor [main] Post-processing PropertySource instances
2020-09-08 13:13:00,747 [INFO] com.ulisesbocchio.jasyptspringboot.EncryptablePropertySourceConverter [main] Converting PropertySource configurationProperties [org.springframework.boot.context.properties.source.ConfigurationPropertySourcesPropertySource] to AOP Proxy
2020-09-08 13:13:00,758 [INFO] com.ulisesbocchio.jasyptspringboot.EncryptablePropertySourceConverter [main] Converting PropertySource commandLineArgs [org.springframework.core.env.SimpleCommandLinePropertySource] to EncryptableEnumerablePropertySourceWrapper
2020-09-08 13:13:00,759 [INFO] com.ulisesbocchio.jasyptspringboot.EncryptablePropertySourceConverter [main] Converting PropertySource systemProperties [org.springframework.core.env.MapPropertySource] to EncryptableMapPropertySourceWrapper
2020-09-08 13:13:00,760 [INFO] com.ulisesbocchio.jasyptspringboot.EncryptablePropertySourceConverter [main] Converting PropertySource systemEnvironment [org.springframework.boot.env.SystemEnvironmentPropertySourceEnvironmentPostProcessor$OriginAwareSystemEnvironmentPropertySource] to EncryptableMapPropertySourceWrapper
2020-09-08 13:13:00,761 [INFO] com.ulisesbocchio.jasyptspringboot.EncryptablePropertySourceConverter [main] Converting PropertySource random [org.springframework.boot.env.RandomValuePropertySource] to EncryptablePropertySourceWrapper
2020-09-08 13:13:00,762 [INFO] com.ulisesbocchio.jasyptspringboot.EncryptablePropertySourceConverter [main] Converting PropertySource URL [file:C:/Users/Emmanuel/Documents/eglobal/email-jar-config.properties] [org.springframework.core.env.CompositePropertySource] to EncryptableEnumerablePropertySourceWrapper
2020-09-08 13:13:00,864 [INFO] com.eglobal.ti.email.jar.AppInitializator [main] AppInitializator initialization logic ...
2020-09-08 13:13:00,870 [INFO] com.ulisesbocchio.jasyptspringboot.resolver.DefaultLazyPropertyResolver [main] Property Resolver custom Bean not found with name 'encryptablePropertyResolver'. Initializing Default Property Resolver
2020-09-08 13:13:00,873 [INFO] com.ulisesbocchio.jasyptspringboot.detector.DefaultLazyPropertyDetector [main] Property Detector custom Bean not found with name 'encryptablePropertyDetector'. Initializing Default Property Detector
2020-09-08 13:13:00,881 [INFO] com.eglobal.ti.email.jar.InitApplication [main] InitApplication initialization logic ...
2020-09-08 13:13:01,555 [INFO] org.springframework.boot.StartupInfoLogger [main] Started AppLauncher in 2.746 seconds (JVM running for 3.488)
2020-09-08 13:13:01,560 [INFO] com.eglobal.ti.email.jar.AppLauncher [main] Application started with arguments: 20200904
2020-09-08 13:13:01,562 [INFO] com.eglobal.ti.email.jar.service.impl.InitApplicationServiceImpl [main] *********** VALIDACIÓN DE PARÁMETROS ***********
2020-09-08 13:13:01,670 [INFO] com.eglobal.ti.email.jar.service.impl.ConectFechaServiceIml [main] ***INICIA CONEXION Y ENVIO DE DATOS A Obtener Parametros: {"fechaSol":"20200904"}
2020-09-08 13:13:02,368 [INFO] com.eglobal.ti.email.jar.service.impl.ConectZipServiceImpl [main] ***INICIA CONEXION Y ENVIO DE DATOS A excel-api: [{"tpformato":2,"fechaSol":"20200904","filtroPorGrupo":"0","tipotramite":1,"numeroGrupo":5693,"afiliacion":1234567}]
2020-09-08 13:29:41,894 [INFO] org.springframework.boot.StartupInfoLogger [main] Starting AppLauncher on DESKTOP-25D6UP4 with PID 13944 (C:\Users\Emmanuel\Documents\email-jar\target\classes started by Emmanuel in C:\Users\Emmanuel\Documents\email-jar)
2020-09-08 13:29:41,898 [INFO] org.springframework.boot.SpringApplication [main] No active profile set, falling back to default profiles: default
2020-09-08 13:29:42,881 [INFO] com.ulisesbocchio.jasyptspringboot.configuration.EnableEncryptablePropertiesBeanFactoryPostProcessor [main] Post-processing PropertySource instances
2020-09-08 13:29:42,985 [INFO] com.ulisesbocchio.jasyptspringboot.EncryptablePropertySourceConverter [main] Converting PropertySource configurationProperties [org.springframework.boot.context.properties.source.ConfigurationPropertySourcesPropertySource] to AOP Proxy
2020-09-08 13:29:42,988 [INFO] com.ulisesbocchio.jasyptspringboot.EncryptablePropertySourceConverter [main] Converting PropertySource commandLineArgs [org.springframework.core.env.SimpleCommandLinePropertySource] to EncryptableEnumerablePropertySourceWrapper
2020-09-08 13:29:42,988 [INFO] com.ulisesbocchio.jasyptspringboot.EncryptablePropertySourceConverter [main] Converting PropertySource systemProperties [org.springframework.core.env.MapPropertySource] to EncryptableMapPropertySourceWrapper
2020-09-08 13:29:42,988 [INFO] com.ulisesbocchio.jasyptspringboot.EncryptablePropertySourceConverter [main] Converting PropertySource systemEnvironment [org.springframework.boot.env.SystemEnvironmentPropertySourceEnvironmentPostProcessor$OriginAwareSystemEnvironmentPropertySource] to EncryptableMapPropertySourceWrapper
2020-09-08 13:29:42,989 [INFO] com.ulisesbocchio.jasyptspringboot.EncryptablePropertySourceConverter [main] Converting PropertySource random [org.springframework.boot.env.RandomValuePropertySource] to EncryptablePropertySourceWrapper
2020-09-08 13:29:42,989 [INFO] com.ulisesbocchio.jasyptspringboot.EncryptablePropertySourceConverter [main] Converting PropertySource URL [file:C:/Users/Emmanuel/Documents/eglobal/email-jar-config.properties] [org.springframework.core.env.CompositePropertySource] to EncryptableEnumerablePropertySourceWrapper
2020-09-08 13:29:43,061 [INFO] com.eglobal.ti.email.jar.AppInitializator [main] AppInitializator initialization logic ...
2020-09-08 13:29:43,068 [INFO] com.ulisesbocchio.jasyptspringboot.resolver.DefaultLazyPropertyResolver [main] Property Resolver custom Bean not found with name 'encryptablePropertyResolver'. Initializing Default Property Resolver
2020-09-08 13:29:43,072 [INFO] com.ulisesbocchio.jasyptspringboot.detector.DefaultLazyPropertyDetector [main] Property Detector custom Bean not found with name 'encryptablePropertyDetector'. Initializing Default Property Detector
2020-09-08 13:29:43,080 [INFO] com.eglobal.ti.email.jar.InitApplication [main] InitApplication initialization logic ...
2020-09-08 13:29:43,625 [INFO] org.springframework.boot.StartupInfoLogger [main] Started AppLauncher in 2.36 seconds (JVM running for 3.003)
2020-09-08 13:29:43,628 [INFO] com.eglobal.ti.email.jar.AppLauncher [main] Application started with arguments: 20200904
2020-09-08 13:29:43,630 [INFO] com.eglobal.ti.email.jar.service.impl.InitApplicationServiceImpl [main] *********** VALIDACIÓN DE PARÁMETROS ***********
2020-09-08 13:29:43,694 [INFO] com.eglobal.ti.email.jar.service.impl.ConectFechaServiceIml [main] ***INICIA CONEXION Y ENVIO DE DATOS A Obtener Parametros: {"fechaSol":"20200904"}
2020-09-08 13:29:44,266 [INFO] com.eglobal.ti.email.jar.service.impl.ConectZipServiceImpl [main] ***INICIA CONEXION Y ENVIO DE DATOS A excel-api: [{"tpformato":2,"fechaSol":"20200904","filtroPorGrupo":"0","tipotramite":1,"numeroGrupo":5693,"afiliacion":1234567}]
2020-09-08 13:39:27,622 [INFO] org.springframework.boot.StartupInfoLogger [main] Starting AppLauncher on DESKTOP-25D6UP4 with PID 9276 (C:\Users\Emmanuel\Documents\email-jar\target\classes started by Emmanuel in C:\Users\Emmanuel\Documents\email-jar)
2020-09-08 13:39:27,635 [INFO] org.springframework.boot.SpringApplication [main] No active profile set, falling back to default profiles: default
2020-09-08 13:39:28,695 [INFO] com.ulisesbocchio.jasyptspringboot.configuration.EnableEncryptablePropertiesBeanFactoryPostProcessor [main] Post-processing PropertySource instances
2020-09-08 13:39:28,792 [INFO] com.ulisesbocchio.jasyptspringboot.EncryptablePropertySourceConverter [main] Converting PropertySource configurationProperties [org.springframework.boot.context.properties.source.ConfigurationPropertySourcesPropertySource] to AOP Proxy
2020-09-08 13:39:28,795 [INFO] com.ulisesbocchio.jasyptspringboot.EncryptablePropertySourceConverter [main] Converting PropertySource commandLineArgs [org.springframework.core.env.SimpleCommandLinePropertySource] to EncryptableEnumerablePropertySourceWrapper
2020-09-08 13:39:28,796 [INFO] com.ulisesbocchio.jasyptspringboot.EncryptablePropertySourceConverter [main] Converting PropertySource systemProperties [org.springframework.core.env.MapPropertySource] to EncryptableMapPropertySourceWrapper
2020-09-08 13:39:28,796 [INFO] com.ulisesbocchio.jasyptspringboot.EncryptablePropertySourceConverter [main] Converting PropertySource systemEnvironment [org.springframework.boot.env.SystemEnvironmentPropertySourceEnvironmentPostProcessor$OriginAwareSystemEnvironmentPropertySource] to EncryptableMapPropertySourceWrapper
2020-09-08 13:39:28,797 [INFO] com.ulisesbocchio.jasyptspringboot.EncryptablePropertySourceConverter [main] Converting PropertySource random [org.springframework.boot.env.RandomValuePropertySource] to EncryptablePropertySourceWrapper
2020-09-08 13:39:28,797 [INFO] com.ulisesbocchio.jasyptspringboot.EncryptablePropertySourceConverter [main] Converting PropertySource URL [file:C:/Users/Emmanuel/Documents/eglobal/email-jar-config.properties] [org.springframework.core.env.CompositePropertySource] to EncryptableEnumerablePropertySourceWrapper
2020-09-08 13:39:28,902 [INFO] com.eglobal.ti.email.jar.AppInitializator [main] AppInitializator initialization logic ...
2020-09-08 13:39:28,914 [INFO] com.ulisesbocchio.jasyptspringboot.resolver.DefaultLazyPropertyResolver [main] Property Resolver custom Bean not found with name 'encryptablePropertyResolver'. Initializing Default Property Resolver
2020-09-08 13:39:28,922 [INFO] com.ulisesbocchio.jasyptspringboot.detector.DefaultLazyPropertyDetector [main] Property Detector custom Bean not found with name 'encryptablePropertyDetector'. Initializing Default Property Detector
2020-09-08 13:39:28,936 [INFO] com.eglobal.ti.email.jar.InitApplication [main] InitApplication initialization logic ...
2020-09-08 13:39:29,630 [INFO] org.springframework.boot.StartupInfoLogger [main] Started AppLauncher in 2.996 seconds (JVM running for 3.899)
2020-09-08 13:39:29,636 [INFO] com.eglobal.ti.email.jar.AppLauncher [main] Application started with arguments: 20200904
2020-09-08 13:39:29,640 [INFO] com.eglobal.ti.email.jar.service.impl.InitApplicationServiceImpl [main] *********** VALIDACIÓN DE PARÁMETROS ***********
2020-09-08 13:39:29,759 [INFO] com.eglobal.ti.email.jar.service.impl.ConectFechaServiceIml [main] ***INICIA CONEXION Y ENVIO DE DATOS A Obtener Parametros: {"fechaSol":"20200904"}
2020-09-08 13:39:31,601 [INFO] com.eglobal.ti.email.jar.service.impl.ConectZipServiceImpl [main] ***INICIA CONEXION Y ENVIO DE DATOS A excel-api: [{"tpformato":8,"fechaSol":"20200904","afiliacion":1234567,"numeroGrupo":5693,"tipotramite":2,"filtroPorGrupo":"0"}]
